Discrepancy Report Results

Summary
FATAL: BAD_LOCUS_TAG_FORMAT:187 locus tags are incorrectly formatted.
DISC_SOURCE_QUALS_ASNDISC:strain (all present, all unique)
DISC_SOURCE_QUALS_ASNDISC:taxname (all present, all unique)
DISC_FEATURE_COUNT:gene: 187 present
DISC_FEATURE_COUNT:CDS: 187 present
DISC_COUNT_NUCLEOTIDES:1 nucleotide Bioseqs are present
OVERLAPPING_GENES:69 genes overlap another gene on the same strand.
SUSPECT_PRODUCT_NAMES:2 product_names contain suspect phrase or characters
	FATAL: Possible parsing error or incorrect formatting; remove inappropriate symbols
		1 features contains '?'
	Use short product name instead of descriptive phrase
		1 features contains ';'
FATAL: EC_NUMBER_ON_UNKNOWN_PROTEIN:102 protein features have an EC number and a protein name of 'unknown protein' or 'hypothetical protein'
DISC_QUALITY_SCORES:Quality scores are missing on all sequences.
ONCALLER_COMMENT_PRESENT:1 comment descriptors were found (all same)
SHORT_PROT_SEQUENCES:7 protein sequences are shorter than 50 aa.
MISSING_GENOMEASSEMBLY_COMMENTS:1 bioseqs are missing GenomeAssembly structured comments
MOLTYPE_NOT_MRNA:1 molecule types are not set as mRNA.
TECHNIQUE_NOT_TSA:1 technique are not set as TSA
MISSING_STRUCTURED_COMMENT:1 sequences do not include structured comments.
MISSING_PROJECT:188 sequences do not include project.
DISC_INCONSISTENT_MOLINFO_TECH:Molinfo Technique Report (some missing, all same)


Detailed Report

FATAL: DiscRep_ALL:BAD_LOCUS_TAG_FORMAT::187 locusre incorrectly fectly formatted.
/lab/output/Koomba-kaat_1/Koomba-kaat_1_reordered/Koomba-kaat_1:Gene	Koomba-kaat_1_00001	Koomba-kaat_1_1:1-414	Koomba-kaat_1_00001
/lab/output/Koomba-kaat_1/Koomba-kaat_1_reordered/Koomba-kaat_1:Gene	Koomba-kaat_1_00002	Koomba-kaat_1_1:431-799	Koomba-kaat_1_00002
/lab/output/Koomba-kaat_1/Koomba-kaat_1_reordered/Koomba-kaat_1:Gene	Koomba-kaat_1_00003	Koomba-kaat_1_1:1061-1228	Koomba-kaat_1_00003
/lab/output/Koomba-kaat_1/Koomba-kaat_1_reordered/Koomba-kaat_1:Gene	Koomba-kaat_1_00004	Koomba-kaat_1_1:1468-1566	Koomba-kaat_1_00004
/lab/output/Koomba-kaat_1/Koomba-kaat_1_reordered/Koomba-kaat_1:Gene	Koomba-kaat_1_00005	Koomba-kaat_1_1:1774-2967	Koomba-kaat_1_00005
/lab/output/Koomba-kaat_1/Koomba-kaat_1_reordered/Koomba-kaat_1:Gene	Koomba-kaat_1_00006	Koomba-kaat_1_1:3189-4109	Koomba-kaat_1_00006
/lab/output/Koomba-kaat_1/Koomba-kaat_1_reordered/Koomba-kaat_1:Gene	Koomba-kaat_1_00007	Koomba-kaat_1_1:4186-4347	Koomba-kaat_1_00007
/lab/output/Koomba-kaat_1/Koomba-kaat_1_reordered/Koomba-kaat_1:Gene	Koomba-kaat_1_00008	Koomba-kaat_1_1:4363-5163	Koomba-kaat_1_00008
/lab/output/Koomba-kaat_1/Koomba-kaat_1_reordered/Koomba-kaat_1:Gene	Koomba-kaat_1_00009	Koomba-kaat_1_1:5150-5326	Koomba-kaat_1_00009
/lab/output/Koomba-kaat_1/Koomba-kaat_1_reordered/Koomba-kaat_1:Gene	Koomba-kaat_1_00010	Koomba-kaat_1_1:5319-5798	Koomba-kaat_1_00010
/lab/output/Koomba-kaat_1/Koomba-kaat_1_reordered/Koomba-kaat_1:Gene	Koomba-kaat_1_00011	Koomba-kaat_1_1:5841-6554	Koomba-kaat_1_00011
/lab/output/Koomba-kaat_1/Koomba-kaat_1_reordered/Koomba-kaat_1:Gene	Koomba-kaat_1_00012	Koomba-kaat_1_1:6814-7173	Koomba-kaat_1_00012
/lab/output/Koomba-kaat_1/Koomba-kaat_1_reordered/Koomba-kaat_1:Gene	Koomba-kaat_1_00013	Koomba-kaat_1_1:7179-7544	Koomba-kaat_1_00013
/lab/output/Koomba-kaat_1/Koomba-kaat_1_reordered/Koomba-kaat_1:Gene	Koomba-kaat_1_00014	Koomba-kaat_1_1:7549-9234	Koomba-kaat_1_00014
/lab/output/Koomba-kaat_1/Koomba-kaat_1_reordered/Koomba-kaat_1:Gene	Koomba-kaat_1_00015	Koomba-kaat_1_1:9402-10175	Koomba-kaat_1_00015
/lab/output/Koomba-kaat_1/Koomba-kaat_1_reordered/Koomba-kaat_1:Gene	Koomba-kaat_1_00016	Koomba-kaat_1_1:10189-11139	Koomba-kaat_1_00016
/lab/output/Koomba-kaat_1/Koomba-kaat_1_reordered/Koomba-kaat_1:Gene	Koomba-kaat_1_00017	Koomba-kaat_1_1:11222-12613	Koomba-kaat_1_00017
/lab/output/Koomba-kaat_1/Koomba-kaat_1_reordered/Koomba-kaat_1:Gene	Koomba-kaat_1_00018	Koomba-kaat_1_1:12717-12950	Koomba-kaat_1_00018
/lab/output/Koomba-kaat_1/Koomba-kaat_1_reordered/Koomba-kaat_1:Gene	Koomba-kaat_1_00019	Koomba-kaat_1_1:12960-13868	Koomba-kaat_1_00019
/lab/output/Koomba-kaat_1/Koomba-kaat_1_reordered/Koomba-kaat_1:Gene	Koomba-kaat_1_00020	Koomba-kaat_1_1:13886-14761	Koomba-kaat_1_00020
/lab/output/Koomba-kaat_1/Koomba-kaat_1_reordered/Koomba-kaat_1:Gene	Koomba-kaat_1_00021	Koomba-kaat_1_1:14761-15381	Koomba-kaat_1_00021
/lab/output/Koomba-kaat_1/Koomba-kaat_1_reordered/Koomba-kaat_1:Gene	Koomba-kaat_1_00022	Koomba-kaat_1_1:15400-16236	Koomba-kaat_1_00022
/lab/output/Koomba-kaat_1/Koomba-kaat_1_reordered/Koomba-kaat_1:Gene	Koomba-kaat_1_00023	Koomba-kaat_1_1:16236-16442	Koomba-kaat_1_00023
/lab/output/Koomba-kaat_1/Koomba-kaat_1_reordered/Koomba-kaat_1:Gene	Koomba-kaat_1_00024	Koomba-kaat_1_1:16465-18225	Koomba-kaat_1_00024
/lab/output/Koomba-kaat_1/Koomba-kaat_1_reordered/Koomba-kaat_1:Gene	Koomba-kaat_1_00025	Koomba-kaat_1_1:18288-18647	Koomba-kaat_1_00025
/lab/output/Koomba-kaat_1/Koomba-kaat_1_reordered/Koomba-kaat_1:Gene	Koomba-kaat_1_00026	Koomba-kaat_1_1:19682-20668	Koomba-kaat_1_00026
/lab/output/Koomba-kaat_1/Koomba-kaat_1_reordered/Koomba-kaat_1:Gene	Koomba-kaat_1_00027	Koomba-kaat_1_1:20716-20859	Koomba-kaat_1_00027
/lab/output/Koomba-kaat_1/Koomba-kaat_1_reordered/Koomba-kaat_1:Gene	Koomba-kaat_1_00028	Koomba-kaat_1_1:20898-21347	Koomba-kaat_1_00028
/lab/output/Koomba-kaat_1/Koomba-kaat_1_reordered/Koomba-kaat_1:Gene	Koomba-kaat_1_00029	Koomba-kaat_1_1:21404-21712	Koomba-kaat_1_00029
/lab/output/Koomba-kaat_1/Koomba-kaat_1_reordered/Koomba-kaat_1:Gene	Koomba-kaat_1_00030	Koomba-kaat_1_1:21812-22228	Koomba-kaat_1_00030
/lab/output/Koomba-kaat_1/Koomba-kaat_1_reordered/Koomba-kaat_1:Gene	Koomba-kaat_1_00031	Koomba-kaat_1_1:22335-22778	Koomba-kaat_1_00031
/lab/output/Koomba-kaat_1/Koomba-kaat_1_reordered/Koomba-kaat_1:Gene	Koomba-kaat_1_00032	Koomba-kaat_1_1:22832-25825	Koomba-kaat_1_00032
/lab/output/Koomba-kaat_1/Koomba-kaat_1_reordered/Koomba-kaat_1:Gene	Koomba-kaat_1_00033	Koomba-kaat_1_1:26268-27137	Koomba-kaat_1_00033
/lab/output/Koomba-kaat_1/Koomba-kaat_1_reordered/Koomba-kaat_1:Gene	Koomba-kaat_1_00034	Koomba-kaat_1_1:27196-28020	Koomba-kaat_1_00034
/lab/output/Koomba-kaat_1/Koomba-kaat_1_reordered/Koomba-kaat_1:Gene	Koomba-kaat_1_00035	Koomba-kaat_1_1:28072-30504	Koomba-kaat_1_00035
/lab/output/Koomba-kaat_1/Koomba-kaat_1_reordered/Koomba-kaat_1:Gene	Koomba-kaat_1_00036	Koomba-kaat_1_1:30510-31400	Koomba-kaat_1_00036
/lab/output/Koomba-kaat_1/Koomba-kaat_1_reordered/Koomba-kaat_1:Gene	Koomba-kaat_1_00037	Koomba-kaat_1_1:31394-33850	Koomba-kaat_1_00037
/lab/output/Koomba-kaat_1/Koomba-kaat_1_reordered/Koomba-kaat_1:Gene	Koomba-kaat_1_00038	Koomba-kaat_1_1:33962-34813	Koomba-kaat_1_00038
/lab/output/Koomba-kaat_1/Koomba-kaat_1_reordered/Koomba-kaat_1:Gene	Koomba-kaat_1_00039	Koomba-kaat_1_1:34813-35334	Koomba-kaat_1_00039
/lab/output/Koomba-kaat_1/Koomba-kaat_1_reordered/Koomba-kaat_1:Gene	Koomba-kaat_1_00040	Koomba-kaat_1_1:35334-36038	Koomba-kaat_1_00040
/lab/output/Koomba-kaat_1/Koomba-kaat_1_reordered/Koomba-kaat_1:Gene	Koomba-kaat_1_00041	Koomba-kaat_1_1:36053-37099	Koomba-kaat_1_00041
/lab/output/Koomba-kaat_1/Koomba-kaat_1_reordered/Koomba-kaat_1:Gene	Koomba-kaat_1_00042	Koomba-kaat_1_1:37110-39812	Koomba-kaat_1_00042
/lab/output/Koomba-kaat_1/Koomba-kaat_1_reordered/Koomba-kaat_1:Gene	Koomba-kaat_1_00043	Koomba-kaat_1_1:39916-40437	Koomba-kaat_1_00043
/lab/output/Koomba-kaat_1/Koomba-kaat_1_reordered/Koomba-kaat_1:Gene	Koomba-kaat_1_00044	Koomba-kaat_1_1:40457-43915	Koomba-kaat_1_00044
/lab/output/Koomba-kaat_1/Koomba-kaat_1_reordered/Koomba-kaat_1:Gene	Koomba-kaat_1_00045	Koomba-kaat_1_1:43967-44137	Koomba-kaat_1_00045
/lab/output/Koomba-kaat_1/Koomba-kaat_1_reordered/Koomba-kaat_1:Gene	Koomba-kaat_1_00046	Koomba-kaat_1_1:44127-46040	Koomba-kaat_1_00046
/lab/output/Koomba-kaat_1/Koomba-kaat_1_reordered/Koomba-kaat_1:Gene	Koomba-kaat_1_00047	Koomba-kaat_1_1:46056-46412	Koomba-kaat_1_00047
/lab/output/Koomba-kaat_1/Koomba-kaat_1_reordered/Koomba-kaat_1:Gene	Koomba-kaat_1_00048	Koomba-kaat_1_1:46418-47782	Koomba-kaat_1_00048
/lab/output/Koomba-kaat_1/Koomba-kaat_1_reordered/Koomba-kaat_1:Gene	Koomba-kaat_1_00049	Koomba-kaat_1_1:47868-48323	Koomba-kaat_1_00049
/lab/output/Koomba-kaat_1/Koomba-kaat_1_reordered/Koomba-kaat_1:Gene	Koomba-kaat_1_00050	Koomba-kaat_1_1:48553-49866	Koomba-kaat_1_00050
/lab/output/Koomba-kaat_1/Koomba-kaat_1_reordered/Koomba-kaat_1:Gene	Koomba-kaat_1_00051	Koomba-kaat_1_1:49876-51462	Koomba-kaat_1_00051
/lab/output/Koomba-kaat_1/Koomba-kaat_1_reordered/Koomba-kaat_1:Gene	Koomba-kaat_1_00052	Koomba-kaat_1_1:51455-52894	Koomba-kaat_1_00052
/lab/output/Koomba-kaat_1/Koomba-kaat_1_reordered/Koomba-kaat_1:Gene	Koomba-kaat_1_00053	Koomba-kaat_1_1:52894-53151	Koomba-kaat_1_00053
/lab/output/Koomba-kaat_1/Koomba-kaat_1_reordered/Koomba-kaat_1:Gene	Koomba-kaat_1_00054	Koomba-kaat_1_1:53221-53466	Koomba-kaat_1_00054
/lab/output/Koomba-kaat_1/Koomba-kaat_1_reordered/Koomba-kaat_1:Gene	Koomba-kaat_1_00055	Koomba-kaat_1_1:53476-53586	Koomba-kaat_1_00055
/lab/output/Koomba-kaat_1/Koomba-kaat_1_reordered/Koomba-kaat_1:Gene	Koomba-kaat_1_00056	Koomba-kaat_1_1:53720-54196	Koomba-kaat_1_00056
/lab/output/Koomba-kaat_1/Koomba-kaat_1_reordered/Koomba-kaat_1:Gene	Koomba-kaat_1_00057	Koomba-kaat_1_1:54165-54413	Koomba-kaat_1_00057
/lab/output/Koomba-kaat_1/Koomba-kaat_1_reordered/Koomba-kaat_1:Gene	Koomba-kaat_1_00058	Koomba-kaat_1_1:54413-55102	Koomba-kaat_1_00058
/lab/output/Koomba-kaat_1/Koomba-kaat_1_reordered/Koomba-kaat_1:Gene	Koomba-kaat_1_00059	Koomba-kaat_1_1:55172-56203	Koomba-kaat_1_00059
/lab/output/Koomba-kaat_1/Koomba-kaat_1_reordered/Koomba-kaat_1:Gene	Koomba-kaat_1_00060	Koomba-kaat_1_1:56205-56471	Koomba-kaat_1_00060
/lab/output/Koomba-kaat_1/Koomba-kaat_1_reordered/Koomba-kaat_1:Gene	Koomba-kaat_1_00061	Koomba-kaat_1_1:56464-58398	Koomba-kaat_1_00061
/lab/output/Koomba-kaat_1/Koomba-kaat_1_reordered/Koomba-kaat_1:Gene	Koomba-kaat_1_00062	Koomba-kaat_1_1:58382-58975	Koomba-kaat_1_00062
/lab/output/Koomba-kaat_1/Koomba-kaat_1_reordered/Koomba-kaat_1:Gene	Koomba-kaat_1_00063	Koomba-kaat_1_1:58989-60065	Koomba-kaat_1_00063
/lab/output/Koomba-kaat_1/Koomba-kaat_1_reordered/Koomba-kaat_1:Gene	Koomba-kaat_1_00064	Koomba-kaat_1_1:60143-60451	Koomba-kaat_1_00064
/lab/output/Koomba-kaat_1/Koomba-kaat_1_reordered/Koomba-kaat_1:Gene	Koomba-kaat_1_00065	Koomba-kaat_1_1:60451-60912	Koomba-kaat_1_00065
/lab/output/Koomba-kaat_1/Koomba-kaat_1_reordered/Koomba-kaat_1:Gene	Koomba-kaat_1_00066	Koomba-kaat_1_1:60902-61510	Koomba-kaat_1_00066
/lab/output/Koomba-kaat_1/Koomba-kaat_1_reordered/Koomba-kaat_1:Gene	Koomba-kaat_1_00067	Koomba-kaat_1_1:61525-62862	Koomba-kaat_1_00067
/lab/output/Koomba-kaat_1/Koomba-kaat_1_reordered/Koomba-kaat_1:Gene	Koomba-kaat_1_00068	Koomba-kaat_1_1:62878-65529	Koomba-kaat_1_00068
/lab/output/Koomba-kaat_1/Koomba-kaat_1_reordered/Koomba-kaat_1:Gene	Koomba-kaat_1_00069	Koomba-kaat_1_1:65542-65868	Koomba-kaat_1_00069
/lab/output/Koomba-kaat_1/Koomba-kaat_1_reordered/Koomba-kaat_1:Gene	Koomba-kaat_1_00070	Koomba-kaat_1_1:65852-66172	Koomba-kaat_1_00070
/lab/output/Koomba-kaat_1/Koomba-kaat_1_reordered/Koomba-kaat_1:Gene	Koomba-kaat_1_00071	Koomba-kaat_1_1:66380-66982	Koomba-kaat_1_00071
/lab/output/Koomba-kaat_1/Koomba-kaat_1_reordered/Koomba-kaat_1:Gene	Koomba-kaat_1_00072	Koomba-kaat_1_1:66991-67293	Koomba-kaat_1_00072
/lab/output/Koomba-kaat_1/Koomba-kaat_1_reordered/Koomba-kaat_1:Gene	Koomba-kaat_1_00073	Koomba-kaat_1_1:67370-71119	Koomba-kaat_1_00073
/lab/output/Koomba-kaat_1/Koomba-kaat_1_reordered/Koomba-kaat_1:Gene	Koomba-kaat_1_00074	Koomba-kaat_1_1:71362-72006	Koomba-kaat_1_00074
/lab/output/Koomba-kaat_1/Koomba-kaat_1_reordered/Koomba-kaat_1:Gene	Koomba-kaat_1_00075	Koomba-kaat_1_1:72230-72886	Koomba-kaat_1_00075
/lab/output/Koomba-kaat_1/Koomba-kaat_1_reordered/Koomba-kaat_1:Gene	Koomba-kaat_1_00076	Koomba-kaat_1_1:72911-73393	Koomba-kaat_1_00076
/lab/output/Koomba-kaat_1/Koomba-kaat_1_reordered/Koomba-kaat_1:Gene	Koomba-kaat_1_00077	Koomba-kaat_1_1:73409-73777	Koomba-kaat_1_00077
/lab/output/Koomba-kaat_1/Koomba-kaat_1_reordered/Koomba-kaat_1:Gene	Koomba-kaat_1_00078	Koomba-kaat_1_1:73859-75028	Koomba-kaat_1_00078
/lab/output/Koomba-kaat_1/Koomba-kaat_1_reordered/Koomba-kaat_1:Gene	Koomba-kaat_1_00079	Koomba-kaat_1_1:75091-75324	Koomba-kaat_1_00079
/lab/output/Koomba-kaat_1/Koomba-kaat_1_reordered/Koomba-kaat_1:Gene	Koomba-kaat_1_00080	Koomba-kaat_1_1:75558-76583	Koomba-kaat_1_00080
/lab/output/Koomba-kaat_1/Koomba-kaat_1_reordered/Koomba-kaat_1:Gene	Koomba-kaat_1_00081	Koomba-kaat_1_1:76576-76929	Koomba-kaat_1_00081
/lab/output/Koomba-kaat_1/Koomba-kaat_1_reordered/Koomba-kaat_1:Gene	Koomba-kaat_1_00082	Koomba-kaat_1_1:76916-77575	Koomba-kaat_1_00082
/lab/output/Koomba-kaat_1/Koomba-kaat_1_reordered/Koomba-kaat_1:Gene	Koomba-kaat_1_00083	Koomba-kaat_1_1:77562-78311	Koomba-kaat_1_00083
/lab/output/Koomba-kaat_1/Koomba-kaat_1_reordered/Koomba-kaat_1:Gene	Koomba-kaat_1_00084	Koomba-kaat_1_1:78333-78845	Koomba-kaat_1_00084
/lab/output/Koomba-kaat_1/Koomba-kaat_1_reordered/Koomba-kaat_1:Gene	Koomba-kaat_1_00085	Koomba-kaat_1_1:78862-79074	Koomba-kaat_1_00085
/lab/output/Koomba-kaat_1/Koomba-kaat_1_reordered/Koomba-kaat_1:Gene	Koomba-kaat_1_00086	Koomba-kaat_1_1:79171-79425	Koomba-kaat_1_00086
/lab/output/Koomba-kaat_1/Koomba-kaat_1_reordered/Koomba-kaat_1:Gene	Koomba-kaat_1_00087	Koomba-kaat_1_1:79425-80195	Koomba-kaat_1_00087
/lab/output/Koomba-kaat_1/Koomba-kaat_1_reordered/Koomba-kaat_1:Gene	Koomba-kaat_1_00088	Koomba-kaat_1_1:80188-81441	Koomba-kaat_1_00088
/lab/output/Koomba-kaat_1/Koomba-kaat_1_reordered/Koomba-kaat_1:Gene	Koomba-kaat_1_00089	Koomba-kaat_1_1:81453-81782	Koomba-kaat_1_00089
/lab/output/Koomba-kaat_1/Koomba-kaat_1_reordered/Koomba-kaat_1:Gene	Koomba-kaat_1_00090	Koomba-kaat_1_1:81855-82388	Koomba-kaat_1_00090
/lab/output/Koomba-kaat_1/Koomba-kaat_1_reordered/Koomba-kaat_1:Gene	Koomba-kaat_1_00091	Koomba-kaat_1_1:82381-83142	Koomba-kaat_1_00091
/lab/output/Koomba-kaat_1/Koomba-kaat_1_reordered/Koomba-kaat_1:Gene	Koomba-kaat_1_00092	Koomba-kaat_1_1:83123-83629	Koomba-kaat_1_00092
/lab/output/Koomba-kaat_1/Koomba-kaat_1_reordered/Koomba-kaat_1:Gene	Koomba-kaat_1_00093	Koomba-kaat_1_1:83629-84483	Koomba-kaat_1_00093
/lab/output/Koomba-kaat_1/Koomba-kaat_1_reordered/Koomba-kaat_1:Gene	Koomba-kaat_1_00094	Koomba-kaat_1_1:84856-85587	Koomba-kaat_1_00094
/lab/output/Koomba-kaat_1/Koomba-kaat_1_reordered/Koomba-kaat_1:Gene	Koomba-kaat_1_00095	Koomba-kaat_1_1:85605-86063	Koomba-kaat_1_00095
/lab/output/Koomba-kaat_1/Koomba-kaat_1_reordered/Koomba-kaat_1:Gene	Koomba-kaat_1_00096	Koomba-kaat_1_1:86128-86565	Koomba-kaat_1_00096
/lab/output/Koomba-kaat_1/Koomba-kaat_1_reordered/Koomba-kaat_1:Gene	Koomba-kaat_1_00097	Koomba-kaat_1_1:86576-87211	Koomba-kaat_1_00097
/lab/output/Koomba-kaat_1/Koomba-kaat_1_reordered/Koomba-kaat_1:Gene	Koomba-kaat_1_00098	Koomba-kaat_1_1:87247-87645	Koomba-kaat_1_00098
/lab/output/Koomba-kaat_1/Koomba-kaat_1_reordered/Koomba-kaat_1:Gene	Koomba-kaat_1_00099	Koomba-kaat_1_1:87779-88039	Koomba-kaat_1_00099
/lab/output/Koomba-kaat_1/Koomba-kaat_1_reordered/Koomba-kaat_1:Gene	Koomba-kaat_1_00100	Koomba-kaat_1_1:88049-88312	Koomba-kaat_1_00100
/lab/output/Koomba-kaat_1/Koomba-kaat_1_reordered/Koomba-kaat_1:Gene	Koomba-kaat_1_00101	Koomba-kaat_1_1:88313-88597	Koomba-kaat_1_00101
/lab/output/Koomba-kaat_1/Koomba-kaat_1_reordered/Koomba-kaat_1:Gene	Koomba-kaat_1_00102	Koomba-kaat_1_1:88610-88903	Koomba-kaat_1_00102
/lab/output/Koomba-kaat_1/Koomba-kaat_1_reordered/Koomba-kaat_1:Gene	Koomba-kaat_1_00103	Koomba-kaat_1_1:88967-89281	Koomba-kaat_1_00103
/lab/output/Koomba-kaat_1/Koomba-kaat_1_reordered/Koomba-kaat_1:Gene	Koomba-kaat_1_00104	Koomba-kaat_1_1:89284-89529	Koomba-kaat_1_00104
/lab/output/Koomba-kaat_1/Koomba-kaat_1_reordered/Koomba-kaat_1:Gene	Koomba-kaat_1_00105	Koomba-kaat_1_1:89664-90158	Koomba-kaat_1_00105
/lab/output/Koomba-kaat_1/Koomba-kaat_1_reordered/Koomba-kaat_1:Gene	Koomba-kaat_1_00106	Koomba-kaat_1_1:90181-90837	Koomba-kaat_1_00106
/lab/output/Koomba-kaat_1/Koomba-kaat_1_reordered/Koomba-kaat_1:Gene	Koomba-kaat_1_00107	Koomba-kaat_1_1:90856-91407	Koomba-kaat_1_00107
/lab/output/Koomba-kaat_1/Koomba-kaat_1_reordered/Koomba-kaat_1:Gene	Koomba-kaat_1_00108	Koomba-kaat_1_1:91413-91619	Koomba-kaat_1_00108
/lab/output/Koomba-kaat_1/Koomba-kaat_1_reordered/Koomba-kaat_1:Gene	Koomba-kaat_1_00109	Koomba-kaat_1_1:91619-92338	Koomba-kaat_1_00109
/lab/output/Koomba-kaat_1/Koomba-kaat_1_reordered/Koomba-kaat_1:Gene	Koomba-kaat_1_00110	Koomba-kaat_1_1:92325-92582	Koomba-kaat_1_00110
/lab/output/Koomba-kaat_1/Koomba-kaat_1_reordered/Koomba-kaat_1:Gene	Koomba-kaat_1_00111	Koomba-kaat_1_1:92576-92977	Koomba-kaat_1_00111
/lab/output/Koomba-kaat_1/Koomba-kaat_1_reordered/Koomba-kaat_1:Gene	Koomba-kaat_1_00112	Koomba-kaat_1_1:92994-93725	Koomba-kaat_1_00112
/lab/output/Koomba-kaat_1/Koomba-kaat_1_reordered/Koomba-kaat_1:Gene	Koomba-kaat_1_00113	Koomba-kaat_1_1:93831-94145	Koomba-kaat_1_00113
/lab/output/Koomba-kaat_1/Koomba-kaat_1_reordered/Koomba-kaat_1:Gene	Koomba-kaat_1_00114	Koomba-kaat_1_1:94167-94463	Koomba-kaat_1_00114
/lab/output/Koomba-kaat_1/Koomba-kaat_1_reordered/Koomba-kaat_1:Gene	Koomba-kaat_1_00115	Koomba-kaat_1_1:94655-95200	Koomba-kaat_1_00115
/lab/output/Koomba-kaat_1/Koomba-kaat_1_reordered/Koomba-kaat_1:Gene	Koomba-kaat_1_00116	Koomba-kaat_1_1:95996-96619	Koomba-kaat_1_00116
/lab/output/Koomba-kaat_1/Koomba-kaat_1_reordered/Koomba-kaat_1:Gene	Koomba-kaat_1_00117	Koomba-kaat_1_1:96696-97097	Koomba-kaat_1_00117
/lab/output/Koomba-kaat_1/Koomba-kaat_1_reordered/Koomba-kaat_1:Gene	Koomba-kaat_1_00118	Koomba-kaat_1_1:97223-97444	Koomba-kaat_1_00118
/lab/output/Koomba-kaat_1/Koomba-kaat_1_reordered/Koomba-kaat_1:Gene	Koomba-kaat_1_00119	Koomba-kaat_1_1:97481-97687	Koomba-kaat_1_00119
/lab/output/Koomba-kaat_1/Koomba-kaat_1_reordered/Koomba-kaat_1:Gene	Koomba-kaat_1_00120	Koomba-kaat_1_1:97690-97875	Koomba-kaat_1_00120
/lab/output/Koomba-kaat_1/Koomba-kaat_1_reordered/Koomba-kaat_1:Gene	Koomba-kaat_1_00121	Koomba-kaat_1_1:97941-98180	Koomba-kaat_1_00121
/lab/output/Koomba-kaat_1/Koomba-kaat_1_reordered/Koomba-kaat_1:Gene	Koomba-kaat_1_00122	Koomba-kaat_1_1:98181-98381	Koomba-kaat_1_00122
/lab/output/Koomba-kaat_1/Koomba-kaat_1_reordered/Koomba-kaat_1:Gene	Koomba-kaat_1_00123	Koomba-kaat_1_1:98544-98882	Koomba-kaat_1_00123
/lab/output/Koomba-kaat_1/Koomba-kaat_1_reordered/Koomba-kaat_1:Gene	Koomba-kaat_1_00124	Koomba-kaat_1_1:99017-99355	Koomba-kaat_1_00124
/lab/output/Koomba-kaat_1/Koomba-kaat_1_reordered/Koomba-kaat_1:Gene	Koomba-kaat_1_00125	Koomba-kaat_1_1:99355-99663	Koomba-kaat_1_00125
/lab/output/Koomba-kaat_1/Koomba-kaat_1_reordered/Koomba-kaat_1:Gene	Koomba-kaat_1_00126	Koomba-kaat_1_1:99811-100212	Koomba-kaat_1_00126
/lab/output/Koomba-kaat_1/Koomba-kaat_1_reordered/Koomba-kaat_1:Gene	Koomba-kaat_1_00127	Koomba-kaat_1_1:100238-100597	Koomba-kaat_1_00127
/lab/output/Koomba-kaat_1/Koomba-kaat_1_reordered/Koomba-kaat_1:Gene	Koomba-kaat_1_00128	Koomba-kaat_1_1:100617-101363	Koomba-kaat_1_00128
/lab/output/Koomba-kaat_1/Koomba-kaat_1_reordered/Koomba-kaat_1:Gene	Koomba-kaat_1_00129	Koomba-kaat_1_1:101409-101618	Koomba-kaat_1_00129
/lab/output/Koomba-kaat_1/Koomba-kaat_1_reordered/Koomba-kaat_1:Gene	Koomba-kaat_1_00130	Koomba-kaat_1_1:101621-101929	Koomba-kaat_1_00130
/lab/output/Koomba-kaat_1/Koomba-kaat_1_reordered/Koomba-kaat_1:Gene	Koomba-kaat_1_00131	Koomba-kaat_1_1:102039-102662	Koomba-kaat_1_00131
/lab/output/Koomba-kaat_1/Koomba-kaat_1_reordered/Koomba-kaat_1:Gene	Koomba-kaat_1_00132	Koomba-kaat_1_1:102789-103070	Koomba-kaat_1_00132
/lab/output/Koomba-kaat_1/Koomba-kaat_1_reordered/Koomba-kaat_1:Gene	Koomba-kaat_1_00133	Koomba-kaat_1_1:103898-104305	Koomba-kaat_1_00133
/lab/output/Koomba-kaat_1/Koomba-kaat_1_reordered/Koomba-kaat_1:Gene	Koomba-kaat_1_00134	Koomba-kaat_1_1:105055-105369	Koomba-kaat_1_00134
/lab/output/Koomba-kaat_1/Koomba-kaat_1_reordered/Koomba-kaat_1:Gene	Koomba-kaat_1_00135	Koomba-kaat_1_1:105442-105597	Koomba-kaat_1_00135
/lab/output/Koomba-kaat_1/Koomba-kaat_1_reordered/Koomba-kaat_1:Gene	Koomba-kaat_1_00136	Koomba-kaat_1_1:105599-105832	Koomba-kaat_1_00136
/lab/output/Koomba-kaat_1/Koomba-kaat_1_reordered/Koomba-kaat_1:Gene	Koomba-kaat_1_00137	Koomba-kaat_1_1:105914-106060	Koomba-kaat_1_00137
/lab/output/Koomba-kaat_1/Koomba-kaat_1_reordered/Koomba-kaat_1:Gene	Koomba-kaat_1_00138	Koomba-kaat_1_1:106115-106261	Koomba-kaat_1_00138
/lab/output/Koomba-kaat_1/Koomba-kaat_1_reordered/Koomba-kaat_1:Gene	Koomba-kaat_1_00139	Koomba-kaat_1_1:106513-106854	Koomba-kaat_1_00139
/lab/output/Koomba-kaat_1/Koomba-kaat_1_reordered/Koomba-kaat_1:Gene	Koomba-kaat_1_00140	Koomba-kaat_1_1:106868-107092	Koomba-kaat_1_00140
/lab/output/Koomba-kaat_1/Koomba-kaat_1_reordered/Koomba-kaat_1:Gene	Koomba-kaat_1_00141	Koomba-kaat_1_1:107197-107541	Koomba-kaat_1_00141
/lab/output/Koomba-kaat_1/Koomba-kaat_1_reordered/Koomba-kaat_1:Gene	Koomba-kaat_1_00142	Koomba-kaat_1_1:c108742-108176	Koomba-kaat_1_00142
/lab/output/Koomba-kaat_1/Koomba-kaat_1_reordered/Koomba-kaat_1:Gene	Koomba-kaat_1_00143	Koomba-kaat_1_1:c108862-108761	Koomba-kaat_1_00143
/lab/output/Koomba-kaat_1/Koomba-kaat_1_reordered/Koomba-kaat_1:Gene	Koomba-kaat_1_00144	Koomba-kaat_1_1:c108999-108820	Koomba-kaat_1_00144
/lab/output/Koomba-kaat_1/Koomba-kaat_1_reordered/Koomba-kaat_1:Gene	Koomba-kaat_1_00145	Koomba-kaat_1_1:c109405-109007	Koomba-kaat_1_00145
/lab/output/Koomba-kaat_1/Koomba-kaat_1_reordered/Koomba-kaat_1:Gene	Koomba-kaat_1_00146	Koomba-kaat_1_1:c109988-109467	Koomba-kaat_1_00146
/lab/output/Koomba-kaat_1/Koomba-kaat_1_reordered/Koomba-kaat_1:Gene	Koomba-kaat_1_00147	Koomba-kaat_1_1:c110371-109988	Koomba-kaat_1_00147
/lab/output/Koomba-kaat_1/Koomba-kaat_1_reordered/Koomba-kaat_1:Gene	Koomba-kaat_1_00148	Koomba-kaat_1_1:c110766-110374	Koomba-kaat_1_00148
/lab/output/Koomba-kaat_1/Koomba-kaat_1_reordered/Koomba-kaat_1:Gene	Koomba-kaat_1_00149	Koomba-kaat_1_1:c111161-110769	Koomba-kaat_1_00149
/lab/output/Koomba-kaat_1/Koomba-kaat_1_reordered/Koomba-kaat_1:Gene	Koomba-kaat_1_00150	Koomba-kaat_1_1:c111349-111161	Koomba-kaat_1_00150
/lab/output/Koomba-kaat_1/Koomba-kaat_1_reordered/Koomba-kaat_1:Gene	Koomba-kaat_1_00151	Koomba-kaat_1_1:c111753-111349	Koomba-kaat_1_00151
/lab/output/Koomba-kaat_1/Koomba-kaat_1_reordered/Koomba-kaat_1:Gene	Koomba-kaat_1_00152	Koomba-kaat_1_1:c112295-111765	Koomba-kaat_1_00152
/lab/output/Koomba-kaat_1/Koomba-kaat_1_reordered/Koomba-kaat_1:Gene	Koomba-kaat_1_00153	Koomba-kaat_1_1:c112982-112422	Koomba-kaat_1_00153
/lab/output/Koomba-kaat_1/Koomba-kaat_1_reordered/Koomba-kaat_1:Gene	Koomba-kaat_1_00154	Koomba-kaat_1_1:c113391-112999	Koomba-kaat_1_00154
/lab/output/Koomba-kaat_1/Koomba-kaat_1_reordered/Koomba-kaat_1:Gene	Koomba-kaat_1_00155	Koomba-kaat_1_1:c113636-113412	Koomba-kaat_1_00155
/lab/output/Koomba-kaat_1/Koomba-kaat_1_reordered/Koomba-kaat_1:Gene	Koomba-kaat_1_00156	Koomba-kaat_1_1:c114414-113629	Koomba-kaat_1_00156
/lab/output/Koomba-kaat_1/Koomba-kaat_1_reordered/Koomba-kaat_1:Gene	Koomba-kaat_1_00157	Koomba-kaat_1_1:c115159-114797	Koomba-kaat_1_00157
/lab/output/Koomba-kaat_1/Koomba-kaat_1_reordered/Koomba-kaat_1:Gene	Koomba-kaat_1_00158	Koomba-kaat_1_1:c118396-115178	Koomba-kaat_1_00158
/lab/output/Koomba-kaat_1/Koomba-kaat_1_reordered/Koomba-kaat_1:Gene	Koomba-kaat_1_00159	Koomba-kaat_1_1:c118986-118807	Koomba-kaat_1_00159
/lab/output/Koomba-kaat_1/Koomba-kaat_1_reordered/Koomba-kaat_1:Gene	Koomba-kaat_1_00160	Koomba-kaat_1_1:c119194-119054	Koomba-kaat_1_00160
/lab/output/Koomba-kaat_1/Koomba-kaat_1_reordered/Koomba-kaat_1:Gene	Koomba-kaat_1_00161	Koomba-kaat_1_1:c119514-119191	Koomba-kaat_1_00161
/lab/output/Koomba-kaat_1/Koomba-kaat_1_reordered/Koomba-kaat_1:Gene	Koomba-kaat_1_00162	Koomba-kaat_1_1:c119917-119501	Koomba-kaat_1_00162
/lab/output/Koomba-kaat_1/Koomba-kaat_1_reordered/Koomba-kaat_1:Gene	Koomba-kaat_1_00163	Koomba-kaat_1_1:c120221-120036	Koomba-kaat_1_00163
/lab/output/Koomba-kaat_1/Koomba-kaat_1_reordered/Koomba-kaat_1:Gene	Koomba-kaat_1_00164	Koomba-kaat_1_1:c120382-120221	Koomba-kaat_1_00164
/lab/output/Koomba-kaat_1/Koomba-kaat_1_reordered/Koomba-kaat_1:Gene	Koomba-kaat_1_00165	Koomba-kaat_1_1:c122421-120382	Koomba-kaat_1_00165
/lab/output/Koomba-kaat_1/Koomba-kaat_1_reordered/Koomba-kaat_1:Gene	Koomba-kaat_1_00166	Koomba-kaat_1_1:c122763-122500	Koomba-kaat_1_00166
/lab/output/Koomba-kaat_1/Koomba-kaat_1_reordered/Koomba-kaat_1:Gene	Koomba-kaat_1_00167	Koomba-kaat_1_1:c122950-122777	Koomba-kaat_1_00167
/lab/output/Koomba-kaat_1/Koomba-kaat_1_reordered/Koomba-kaat_1:Gene	Koomba-kaat_1_00168	Koomba-kaat_1_1:c123548-122925	Koomba-kaat_1_00168
/lab/output/Koomba-kaat_1/Koomba-kaat_1_reordered/Koomba-kaat_1:Gene	Koomba-kaat_1_00169	Koomba-kaat_1_1:c124134-123541	Koomba-kaat_1_00169
/lab/output/Koomba-kaat_1/Koomba-kaat_1_reordered/Koomba-kaat_1:Gene	Koomba-kaat_1_00170	Koomba-kaat_1_1:c126436-124136	Koomba-kaat_1_00170
/lab/output/Koomba-kaat_1/Koomba-kaat_1_reordered/Koomba-kaat_1:Gene	Koomba-kaat_1_00171	Koomba-kaat_1_1:c126989-126591	Koomba-kaat_1_00171
/lab/output/Koomba-kaat_1/Koomba-kaat_1_reordered/Koomba-kaat_1:Gene	Koomba-kaat_1_00172	Koomba-kaat_1_1:c127631-127029	Koomba-kaat_1_00172
/lab/output/Koomba-kaat_1/Koomba-kaat_1_reordered/Koomba-kaat_1:Gene	Koomba-kaat_1_00173	Koomba-kaat_1_1:c127907-127644	Koomba-kaat_1_00173
/lab/output/Koomba-kaat_1/Koomba-kaat_1_reordered/Koomba-kaat_1:Gene	Koomba-kaat_1_00174	Koomba-kaat_1_1:c128344-127919	Koomba-kaat_1_00174
/lab/output/Koomba-kaat_1/Koomba-kaat_1_reordered/Koomba-kaat_1:Gene	Koomba-kaat_1_00175	Koomba-kaat_1_1:c128525-128337	Koomba-kaat_1_00175
/lab/output/Koomba-kaat_1/Koomba-kaat_1_reordered/Koomba-kaat_1:Gene	Koomba-kaat_1_00176	Koomba-kaat_1_1:c129177-128539	Koomba-kaat_1_00176
/lab/output/Koomba-kaat_1/Koomba-kaat_1_reordered/Koomba-kaat_1:Gene	Koomba-kaat_1_00177	Koomba-kaat_1_1:c129385-129170	Koomba-kaat_1_00177
/lab/output/Koomba-kaat_1/Koomba-kaat_1_reordered/Koomba-kaat_1:Gene	Koomba-kaat_1_00178	Koomba-kaat_1_1:c129620-129399	Koomba-kaat_1_00178
/lab/output/Koomba-kaat_1/Koomba-kaat_1_reordered/Koomba-kaat_1:Gene	Koomba-kaat_1_00179	Koomba-kaat_1_1:c130480-129722	Koomba-kaat_1_00179
/lab/output/Koomba-kaat_1/Koomba-kaat_1_reordered/Koomba-kaat_1:Gene	Koomba-kaat_1_00180	Koomba-kaat_1_1:c131411-130494	Koomba-kaat_1_00180
/lab/output/Koomba-kaat_1/Koomba-kaat_1_reordered/Koomba-kaat_1:Gene	Koomba-kaat_1_00181	Koomba-kaat_1_1:c131911-131411	Koomba-kaat_1_00181
/lab/output/Koomba-kaat_1/Koomba-kaat_1_reordered/Koomba-kaat_1:Gene	Koomba-kaat_1_00182	Koomba-kaat_1_1:c132180-131992	Koomba-kaat_1_00182
/lab/output/Koomba-kaat_1/Koomba-kaat_1_reordered/Koomba-kaat_1:Gene	Koomba-kaat_1_00183	Koomba-kaat_1_1:c133207-132992	Koomba-kaat_1_00183
/lab/output/Koomba-kaat_1/Koomba-kaat_1_reordered/Koomba-kaat_1:Gene	Koomba-kaat_1_00184	Koomba-kaat_1_1:c133702-133487	Koomba-kaat_1_00184
/lab/output/Koomba-kaat_1/Koomba-kaat_1_reordered/Koomba-kaat_1:Gene	Koomba-kaat_1_00185	Koomba-kaat_1_1:c134045-133713	Koomba-kaat_1_00185
/lab/output/Koomba-kaat_1/Koomba-kaat_1_reordered/Koomba-kaat_1:Gene	Koomba-kaat_1_00186	Koomba-kaat_1_1:c134384-134052	Koomba-kaat_1_00186
/lab/output/Koomba-kaat_1/Koomba-kaat_1_reordered/Koomba-kaat_1:Gene	Koomba-kaat_1_00187	Koomba-kaat_1_1:134984-135214	Koomba-kaat_1_00187

DiscRep_ALL:DISC_SOURCE_QUALS_ASNDISC::strain (all present, all unique)
DiscRep_SUB:DISC_SOURCE_QUALS_ASNDISC::1 sources have unique values for strain
DiscRep_ALL:DISC_SOURCE_QUALS_ASNDISC::taxname (all present, all unique)
DiscRep_SUB:DISC_SOURCE_QUALS_ASNDISC::1 sources have unique values for taxname
DiscRep_ALL:DISC_FEATURE_COUNT::gene: 187 present
DiscRep_ALL:DISC_FEATURE_COUNT::CDS: 187 present
DiscRep_ALL:DISC_COUNT_NUCLEOTIDES::1 nucleotide Bioseqs are present
/lab/output/Koomba-kaat_1/Koomba-kaat_1_reordered/Koomba-kaat_1:Prokka:Koomba-kaat_1_1 (length 135469)

DiscRep_ALL:OVERLAPPING_GENES::69 genes overlap another gene on the same strand.
/lab/output/Koomba-kaat_1/Koomba-kaat_1_reordered/Koomba-kaat_1:Gene	Koomba-kaat_1_00008	Koomba-kaat_1_1:4363-5163	Koomba-kaat_1_00008
/lab/output/Koomba-kaat_1/Koomba-kaat_1_reordered/Koomba-kaat_1:Gene	Koomba-kaat_1_00009	Koomba-kaat_1_1:5150-5326	Koomba-kaat_1_00009
/lab/output/Koomba-kaat_1/Koomba-kaat_1_reordered/Koomba-kaat_1:Gene	Koomba-kaat_1_00010	Koomba-kaat_1_1:5319-5798	Koomba-kaat_1_00010
/lab/output/Koomba-kaat_1/Koomba-kaat_1_reordered/Koomba-kaat_1:Gene	Koomba-kaat_1_00020	Koomba-kaat_1_1:13886-14761	Koomba-kaat_1_00020
/lab/output/Koomba-kaat_1/Koomba-kaat_1_reordered/Koomba-kaat_1:Gene	Koomba-kaat_1_00021	Koomba-kaat_1_1:14761-15381	Koomba-kaat_1_00021
/lab/output/Koomba-kaat_1/Koomba-kaat_1_reordered/Koomba-kaat_1:Gene	Koomba-kaat_1_00022	Koomba-kaat_1_1:15400-16236	Koomba-kaat_1_00022
/lab/output/Koomba-kaat_1/Koomba-kaat_1_reordered/Koomba-kaat_1:Gene	Koomba-kaat_1_00023	Koomba-kaat_1_1:16236-16442	Koomba-kaat_1_00023
/lab/output/Koomba-kaat_1/Koomba-kaat_1_reordered/Koomba-kaat_1:Gene	Koomba-kaat_1_00036	Koomba-kaat_1_1:30510-31400	Koomba-kaat_1_00036
/lab/output/Koomba-kaat_1/Koomba-kaat_1_reordered/Koomba-kaat_1:Gene	Koomba-kaat_1_00037	Koomba-kaat_1_1:31394-33850	Koomba-kaat_1_00037
/lab/output/Koomba-kaat_1/Koomba-kaat_1_reordered/Koomba-kaat_1:Gene	Koomba-kaat_1_00038	Koomba-kaat_1_1:33962-34813	Koomba-kaat_1_00038
/lab/output/Koomba-kaat_1/Koomba-kaat_1_reordered/Koomba-kaat_1:Gene	Koomba-kaat_1_00039	Koomba-kaat_1_1:34813-35334	Koomba-kaat_1_00039
/lab/output/Koomba-kaat_1/Koomba-kaat_1_reordered/Koomba-kaat_1:Gene	Koomba-kaat_1_00040	Koomba-kaat_1_1:35334-36038	Koomba-kaat_1_00040
/lab/output/Koomba-kaat_1/Koomba-kaat_1_reordered/Koomba-kaat_1:Gene	Koomba-kaat_1_00045	Koomba-kaat_1_1:43967-44137	Koomba-kaat_1_00045
/lab/output/Koomba-kaat_1/Koomba-kaat_1_reordered/Koomba-kaat_1:Gene	Koomba-kaat_1_00046	Koomba-kaat_1_1:44127-46040	Koomba-kaat_1_00046
/lab/output/Koomba-kaat_1/Koomba-kaat_1_reordered/Koomba-kaat_1:Gene	Koomba-kaat_1_00051	Koomba-kaat_1_1:49876-51462	Koomba-kaat_1_00051
/lab/output/Koomba-kaat_1/Koomba-kaat_1_reordered/Koomba-kaat_1:Gene	Koomba-kaat_1_00052	Koomba-kaat_1_1:51455-52894	Koomba-kaat_1_00052
/lab/output/Koomba-kaat_1/Koomba-kaat_1_reordered/Koomba-kaat_1:Gene	Koomba-kaat_1_00053	Koomba-kaat_1_1:52894-53151	Koomba-kaat_1_00053
/lab/output/Koomba-kaat_1/Koomba-kaat_1_reordered/Koomba-kaat_1:Gene	Koomba-kaat_1_00056	Koomba-kaat_1_1:53720-54196	Koomba-kaat_1_00056
/lab/output/Koomba-kaat_1/Koomba-kaat_1_reordered/Koomba-kaat_1:Gene	Koomba-kaat_1_00057	Koomba-kaat_1_1:54165-54413	Koomba-kaat_1_00057
/lab/output/Koomba-kaat_1/Koomba-kaat_1_reordered/Koomba-kaat_1:Gene	Koomba-kaat_1_00058	Koomba-kaat_1_1:54413-55102	Koomba-kaat_1_00058
/lab/output/Koomba-kaat_1/Koomba-kaat_1_reordered/Koomba-kaat_1:Gene	Koomba-kaat_1_00060	Koomba-kaat_1_1:56205-56471	Koomba-kaat_1_00060
/lab/output/Koomba-kaat_1/Koomba-kaat_1_reordered/Koomba-kaat_1:Gene	Koomba-kaat_1_00061	Koomba-kaat_1_1:56464-58398	Koomba-kaat_1_00061
/lab/output/Koomba-kaat_1/Koomba-kaat_1_reordered/Koomba-kaat_1:Gene	Koomba-kaat_1_00062	Koomba-kaat_1_1:58382-58975	Koomba-kaat_1_00062
/lab/output/Koomba-kaat_1/Koomba-kaat_1_reordered/Koomba-kaat_1:Gene	Koomba-kaat_1_00064	Koomba-kaat_1_1:60143-60451	Koomba-kaat_1_00064
/lab/output/Koomba-kaat_1/Koomba-kaat_1_reordered/Koomba-kaat_1:Gene	Koomba-kaat_1_00065	Koomba-kaat_1_1:60451-60912	Koomba-kaat_1_00065
/lab/output/Koomba-kaat_1/Koomba-kaat_1_reordered/Koomba-kaat_1:Gene	Koomba-kaat_1_00066	Koomba-kaat_1_1:60902-61510	Koomba-kaat_1_00066
/lab/output/Koomba-kaat_1/Koomba-kaat_1_reordered/Koomba-kaat_1:Gene	Koomba-kaat_1_00069	Koomba-kaat_1_1:65542-65868	Koomba-kaat_1_00069
/lab/output/Koomba-kaat_1/Koomba-kaat_1_reordered/Koomba-kaat_1:Gene	Koomba-kaat_1_00070	Koomba-kaat_1_1:65852-66172	Koomba-kaat_1_00070
/lab/output/Koomba-kaat_1/Koomba-kaat_1_reordered/Koomba-kaat_1:Gene	Koomba-kaat_1_00080	Koomba-kaat_1_1:75558-76583	Koomba-kaat_1_00080
/lab/output/Koomba-kaat_1/Koomba-kaat_1_reordered/Koomba-kaat_1:Gene	Koomba-kaat_1_00081	Koomba-kaat_1_1:76576-76929	Koomba-kaat_1_00081
/lab/output/Koomba-kaat_1/Koomba-kaat_1_reordered/Koomba-kaat_1:Gene	Koomba-kaat_1_00082	Koomba-kaat_1_1:76916-77575	Koomba-kaat_1_00082
/lab/output/Koomba-kaat_1/Koomba-kaat_1_reordered/Koomba-kaat_1:Gene	Koomba-kaat_1_00083	Koomba-kaat_1_1:77562-78311	Koomba-kaat_1_00083
/lab/output/Koomba-kaat_1/Koomba-kaat_1_reordered/Koomba-kaat_1:Gene	Koomba-kaat_1_00086	Koomba-kaat_1_1:79171-79425	Koomba-kaat_1_00086
/lab/output/Koomba-kaat_1/Koomba-kaat_1_reordered/Koomba-kaat_1:Gene	Koomba-kaat_1_00087	Koomba-kaat_1_1:79425-80195	Koomba-kaat_1_00087
/lab/output/Koomba-kaat_1/Koomba-kaat_1_reordered/Koomba-kaat_1:Gene	Koomba-kaat_1_00088	Koomba-kaat_1_1:80188-81441	Koomba-kaat_1_00088
/lab/output/Koomba-kaat_1/Koomba-kaat_1_reordered/Koomba-kaat_1:Gene	Koomba-kaat_1_00090	Koomba-kaat_1_1:81855-82388	Koomba-kaat_1_00090
/lab/output/Koomba-kaat_1/Koomba-kaat_1_reordered/Koomba-kaat_1:Gene	Koomba-kaat_1_00091	Koomba-kaat_1_1:82381-83142	Koomba-kaat_1_00091
/lab/output/Koomba-kaat_1/Koomba-kaat_1_reordered/Koomba-kaat_1:Gene	Koomba-kaat_1_00092	Koomba-kaat_1_1:83123-83629	Koomba-kaat_1_00092
/lab/output/Koomba-kaat_1/Koomba-kaat_1_reordered/Koomba-kaat_1:Gene	Koomba-kaat_1_00093	Koomba-kaat_1_1:83629-84483	Koomba-kaat_1_00093
/lab/output/Koomba-kaat_1/Koomba-kaat_1_reordered/Koomba-kaat_1:Gene	Koomba-kaat_1_00108	Koomba-kaat_1_1:91413-91619	Koomba-kaat_1_00108
/lab/output/Koomba-kaat_1/Koomba-kaat_1_reordered/Koomba-kaat_1:Gene	Koomba-kaat_1_00109	Koomba-kaat_1_1:91619-92338	Koomba-kaat_1_00109
/lab/output/Koomba-kaat_1/Koomba-kaat_1_reordered/Koomba-kaat_1:Gene	Koomba-kaat_1_00110	Koomba-kaat_1_1:92325-92582	Koomba-kaat_1_00110
/lab/output/Koomba-kaat_1/Koomba-kaat_1_reordered/Koomba-kaat_1:Gene	Koomba-kaat_1_00111	Koomba-kaat_1_1:92576-92977	Koomba-kaat_1_00111
/lab/output/Koomba-kaat_1/Koomba-kaat_1_reordered/Koomba-kaat_1:Gene	Koomba-kaat_1_00124	Koomba-kaat_1_1:99017-99355	Koomba-kaat_1_00124
/lab/output/Koomba-kaat_1/Koomba-kaat_1_reordered/Koomba-kaat_1:Gene	Koomba-kaat_1_00125	Koomba-kaat_1_1:99355-99663	Koomba-kaat_1_00125
/lab/output/Koomba-kaat_1/Koomba-kaat_1_reordered/Koomba-kaat_1:Gene	Koomba-kaat_1_00143	Koomba-kaat_1_1:c108862-108761	Koomba-kaat_1_00143
/lab/output/Koomba-kaat_1/Koomba-kaat_1_reordered/Koomba-kaat_1:Gene	Koomba-kaat_1_00144	Koomba-kaat_1_1:c108999-108820	Koomba-kaat_1_00144
/lab/output/Koomba-kaat_1/Koomba-kaat_1_reordered/Koomba-kaat_1:Gene	Koomba-kaat_1_00146	Koomba-kaat_1_1:c109988-109467	Koomba-kaat_1_00146
/lab/output/Koomba-kaat_1/Koomba-kaat_1_reordered/Koomba-kaat_1:Gene	Koomba-kaat_1_00147	Koomba-kaat_1_1:c110371-109988	Koomba-kaat_1_00147
/lab/output/Koomba-kaat_1/Koomba-kaat_1_reordered/Koomba-kaat_1:Gene	Koomba-kaat_1_00149	Koomba-kaat_1_1:c111161-110769	Koomba-kaat_1_00149
/lab/output/Koomba-kaat_1/Koomba-kaat_1_reordered/Koomba-kaat_1:Gene	Koomba-kaat_1_00150	Koomba-kaat_1_1:c111349-111161	Koomba-kaat_1_00150
/lab/output/Koomba-kaat_1/Koomba-kaat_1_reordered/Koomba-kaat_1:Gene	Koomba-kaat_1_00151	Koomba-kaat_1_1:c111753-111349	Koomba-kaat_1_00151
/lab/output/Koomba-kaat_1/Koomba-kaat_1_reordered/Koomba-kaat_1:Gene	Koomba-kaat_1_00155	Koomba-kaat_1_1:c113636-113412	Koomba-kaat_1_00155
/lab/output/Koomba-kaat_1/Koomba-kaat_1_reordered/Koomba-kaat_1:Gene	Koomba-kaat_1_00156	Koomba-kaat_1_1:c114414-113629	Koomba-kaat_1_00156
/lab/output/Koomba-kaat_1/Koomba-kaat_1_reordered/Koomba-kaat_1:Gene	Koomba-kaat_1_00160	Koomba-kaat_1_1:c119194-119054	Koomba-kaat_1_00160
/lab/output/Koomba-kaat_1/Koomba-kaat_1_reordered/Koomba-kaat_1:Gene	Koomba-kaat_1_00161	Koomba-kaat_1_1:c119514-119191	Koomba-kaat_1_00161
/lab/output/Koomba-kaat_1/Koomba-kaat_1_reordered/Koomba-kaat_1:Gene	Koomba-kaat_1_00162	Koomba-kaat_1_1:c119917-119501	Koomba-kaat_1_00162
/lab/output/Koomba-kaat_1/Koomba-kaat_1_reordered/Koomba-kaat_1:Gene	Koomba-kaat_1_00163	Koomba-kaat_1_1:c120221-120036	Koomba-kaat_1_00163
/lab/output/Koomba-kaat_1/Koomba-kaat_1_reordered/Koomba-kaat_1:Gene	Koomba-kaat_1_00164	Koomba-kaat_1_1:c120382-120221	Koomba-kaat_1_00164
/lab/output/Koomba-kaat_1/Koomba-kaat_1_reordered/Koomba-kaat_1:Gene	Koomba-kaat_1_00165	Koomba-kaat_1_1:c122421-120382	Koomba-kaat_1_00165
/lab/output/Koomba-kaat_1/Koomba-kaat_1_reordered/Koomba-kaat_1:Gene	Koomba-kaat_1_00167	Koomba-kaat_1_1:c122950-122777	Koomba-kaat_1_00167
/lab/output/Koomba-kaat_1/Koomba-kaat_1_reordered/Koomba-kaat_1:Gene	Koomba-kaat_1_00168	Koomba-kaat_1_1:c123548-122925	Koomba-kaat_1_00168
/lab/output/Koomba-kaat_1/Koomba-kaat_1_reordered/Koomba-kaat_1:Gene	Koomba-kaat_1_00169	Koomba-kaat_1_1:c124134-123541	Koomba-kaat_1_00169
/lab/output/Koomba-kaat_1/Koomba-kaat_1_reordered/Koomba-kaat_1:Gene	Koomba-kaat_1_00174	Koomba-kaat_1_1:c128344-127919	Koomba-kaat_1_00174
/lab/output/Koomba-kaat_1/Koomba-kaat_1_reordered/Koomba-kaat_1:Gene	Koomba-kaat_1_00175	Koomba-kaat_1_1:c128525-128337	Koomba-kaat_1_00175
/lab/output/Koomba-kaat_1/Koomba-kaat_1_reordered/Koomba-kaat_1:Gene	Koomba-kaat_1_00176	Koomba-kaat_1_1:c129177-128539	Koomba-kaat_1_00176
/lab/output/Koomba-kaat_1/Koomba-kaat_1_reordered/Koomba-kaat_1:Gene	Koomba-kaat_1_00177	Koomba-kaat_1_1:c129385-129170	Koomba-kaat_1_00177
/lab/output/Koomba-kaat_1/Koomba-kaat_1_reordered/Koomba-kaat_1:Gene	Koomba-kaat_1_00180	Koomba-kaat_1_1:c131411-130494	Koomba-kaat_1_00180
/lab/output/Koomba-kaat_1/Koomba-kaat_1_reordered/Koomba-kaat_1:Gene	Koomba-kaat_1_00181	Koomba-kaat_1_1:c131911-131411	Koomba-kaat_1_00181

DiscRep_ALL:SUSPECT_PRODUCT_NAMES::2 product_names contain suspect phrase or characters
FATAL: DiscRep_SUB:SUSPECT_PRODUCT_NAMES::Possible parsing error or incorrect formatting; remove inappropriate symbols
DiscRep_SUB:SUSPECT_PRODUCT_NAMES::1 features contains '?'
/lab/output/Koomba-kaat_1/Koomba-kaat_1_reordered/Koomba-kaat_1:CDS	RecA or Sak4, length ?	Koomba-kaat_1_1:75091-75324	Koomba-kaat_1_00079

DiscRep_SUB:SUSPECT_PRODUCT_NAMES::Use short product name instead of descriptive phrase
DiscRep_SUB:SUSPECT_PRODUCT_NAMES::1 features contains ';'
/lab/output/Koomba-kaat_1/Koomba-kaat_1_reordered/Koomba-kaat_1:CDS	ribosome associated inhibitor A; zinc finger domain protein	Koomba-kaat_1_1:c133207-132992	Koomba-kaat_1_00183

FATAL: DiscRep_ALL:EC_NUMBER_ON_UNKNOWN_PROTEIN::102 proteures have an EC  an EC number and a protein name of 'unknown protein' or 'hypothetical protein'
/lab/output/Koomba-kaat_1/Koomba-kaat_1_reordered/Koomba-kaat_1:CDS	hypothetical protein	Koomba-kaat_1_1:5150-5326	Koomba-kaat_1_00009
/lab/output/Koomba-kaat_1/Koomba-kaat_1_reordered/Koomba-kaat_1:CDS	hypothetical protein	Koomba-kaat_1_1:5319-5798	Koomba-kaat_1_00010
/lab/output/Koomba-kaat_1/Koomba-kaat_1_reordered/Koomba-kaat_1:CDS	hypothetical protein	Koomba-kaat_1_1:5841-6554	Koomba-kaat_1_00011
/lab/output/Koomba-kaat_1/Koomba-kaat_1_reordered/Koomba-kaat_1:CDS	hypothetical protein	Koomba-kaat_1_1:6814-7173	Koomba-kaat_1_00012
/lab/output/Koomba-kaat_1/Koomba-kaat_1_reordered/Koomba-kaat_1:CDS	hypothetical protein	Koomba-kaat_1_1:10189-11139	Koomba-kaat_1_00016
/lab/output/Koomba-kaat_1/Koomba-kaat_1_reordered/Koomba-kaat_1:CDS	hypothetical protein	Koomba-kaat_1_1:12717-12950	Koomba-kaat_1_00018
/lab/output/Koomba-kaat_1/Koomba-kaat_1_reordered/Koomba-kaat_1:CDS	hypothetical protein	Koomba-kaat_1_1:14761-15381	Koomba-kaat_1_00021
/lab/output/Koomba-kaat_1/Koomba-kaat_1_reordered/Koomba-kaat_1:CDS	hypothetical protein	Koomba-kaat_1_1:15400-16236	Koomba-kaat_1_00022
/lab/output/Koomba-kaat_1/Koomba-kaat_1_reordered/Koomba-kaat_1:CDS	hypothetical protein	Koomba-kaat_1_1:16236-16442	Koomba-kaat_1_00023
/lab/output/Koomba-kaat_1/Koomba-kaat_1_reordered/Koomba-kaat_1:CDS	hypothetical protein	Koomba-kaat_1_1:20716-20859	Koomba-kaat_1_00027
/lab/output/Koomba-kaat_1/Koomba-kaat_1_reordered/Koomba-kaat_1:CDS	hypothetical protein	Koomba-kaat_1_1:20898-21347	Koomba-kaat_1_00028
/lab/output/Koomba-kaat_1/Koomba-kaat_1_reordered/Koomba-kaat_1:CDS	hypothetical protein	Koomba-kaat_1_1:27196-28020	Koomba-kaat_1_00034
/lab/output/Koomba-kaat_1/Koomba-kaat_1_reordered/Koomba-kaat_1:CDS	hypothetical protein	Koomba-kaat_1_1:34813-35334	Koomba-kaat_1_00039
/lab/output/Koomba-kaat_1/Koomba-kaat_1_reordered/Koomba-kaat_1:CDS	hypothetical protein	Koomba-kaat_1_1:40457-43915	Koomba-kaat_1_00044
/lab/output/Koomba-kaat_1/Koomba-kaat_1_reordered/Koomba-kaat_1:CDS	hypothetical protein	Koomba-kaat_1_1:43967-44137	Koomba-kaat_1_00045
/lab/output/Koomba-kaat_1/Koomba-kaat_1_reordered/Koomba-kaat_1:CDS	hypothetical protein	Koomba-kaat_1_1:52894-53151	Koomba-kaat_1_00053
/lab/output/Koomba-kaat_1/Koomba-kaat_1_reordered/Koomba-kaat_1:CDS	hypothetical protein	Koomba-kaat_1_1:53221-53466	Koomba-kaat_1_00054
/lab/output/Koomba-kaat_1/Koomba-kaat_1_reordered/Koomba-kaat_1:CDS	hypothetical protein	Koomba-kaat_1_1:54165-54413	Koomba-kaat_1_00057
/lab/output/Koomba-kaat_1/Koomba-kaat_1_reordered/Koomba-kaat_1:CDS	hypothetical protein	Koomba-kaat_1_1:56205-56471	Koomba-kaat_1_00060
/lab/output/Koomba-kaat_1/Koomba-kaat_1_reordered/Koomba-kaat_1:CDS	hypothetical protein	Koomba-kaat_1_1:60143-60451	Koomba-kaat_1_00064
/lab/output/Koomba-kaat_1/Koomba-kaat_1_reordered/Koomba-kaat_1:CDS	hypothetical protein	Koomba-kaat_1_1:60451-60912	Koomba-kaat_1_00065
/lab/output/Koomba-kaat_1/Koomba-kaat_1_reordered/Koomba-kaat_1:CDS	hypothetical protein	Koomba-kaat_1_1:65542-65868	Koomba-kaat_1_00069
/lab/output/Koomba-kaat_1/Koomba-kaat_1_reordered/Koomba-kaat_1:CDS	hypothetical protein	Koomba-kaat_1_1:66380-66982	Koomba-kaat_1_00071
/lab/output/Koomba-kaat_1/Koomba-kaat_1_reordered/Koomba-kaat_1:CDS	hypothetical protein	Koomba-kaat_1_1:72911-73393	Koomba-kaat_1_00076
/lab/output/Koomba-kaat_1/Koomba-kaat_1_reordered/Koomba-kaat_1:CDS	hypothetical protein	Koomba-kaat_1_1:73409-73777	Koomba-kaat_1_00077
/lab/output/Koomba-kaat_1/Koomba-kaat_1_reordered/Koomba-kaat_1:CDS	hypothetical protein	Koomba-kaat_1_1:73859-75028	Koomba-kaat_1_00078
/lab/output/Koomba-kaat_1/Koomba-kaat_1_reordered/Koomba-kaat_1:CDS	hypothetical protein	Koomba-kaat_1_1:76576-76929	Koomba-kaat_1_00081
/lab/output/Koomba-kaat_1/Koomba-kaat_1_reordered/Koomba-kaat_1:CDS	hypothetical protein	Koomba-kaat_1_1:79171-79425	Koomba-kaat_1_00086
/lab/output/Koomba-kaat_1/Koomba-kaat_1_reordered/Koomba-kaat_1:CDS	hypothetical protein	Koomba-kaat_1_1:79425-80195	Koomba-kaat_1_00087
/lab/output/Koomba-kaat_1/Koomba-kaat_1_reordered/Koomba-kaat_1:CDS	hypothetical protein	Koomba-kaat_1_1:81453-81782	Koomba-kaat_1_00089
/lab/output/Koomba-kaat_1/Koomba-kaat_1_reordered/Koomba-kaat_1:CDS	hypothetical protein	Koomba-kaat_1_1:81855-82388	Koomba-kaat_1_00090
/lab/output/Koomba-kaat_1/Koomba-kaat_1_reordered/Koomba-kaat_1:CDS	hypothetical protein	Koomba-kaat_1_1:82381-83142	Koomba-kaat_1_00091
/lab/output/Koomba-kaat_1/Koomba-kaat_1_reordered/Koomba-kaat_1:CDS	hypothetical protein	Koomba-kaat_1_1:83123-83629	Koomba-kaat_1_00092
/lab/output/Koomba-kaat_1/Koomba-kaat_1_reordered/Koomba-kaat_1:CDS	hypothetical protein	Koomba-kaat_1_1:83629-84483	Koomba-kaat_1_00093
/lab/output/Koomba-kaat_1/Koomba-kaat_1_reordered/Koomba-kaat_1:CDS	hypothetical protein	Koomba-kaat_1_1:84856-85587	Koomba-kaat_1_00094
/lab/output/Koomba-kaat_1/Koomba-kaat_1_reordered/Koomba-kaat_1:CDS	hypothetical protein	Koomba-kaat_1_1:86576-87211	Koomba-kaat_1_00097
/lab/output/Koomba-kaat_1/Koomba-kaat_1_reordered/Koomba-kaat_1:CDS	hypothetical protein	Koomba-kaat_1_1:87247-87645	Koomba-kaat_1_00098
/lab/output/Koomba-kaat_1/Koomba-kaat_1_reordered/Koomba-kaat_1:CDS	hypothetical protein	Koomba-kaat_1_1:87779-88039	Koomba-kaat_1_00099
/lab/output/Koomba-kaat_1/Koomba-kaat_1_reordered/Koomba-kaat_1:CDS	hypothetical protein	Koomba-kaat_1_1:88049-88312	Koomba-kaat_1_00100
/lab/output/Koomba-kaat_1/Koomba-kaat_1_reordered/Koomba-kaat_1:CDS	hypothetical protein	Koomba-kaat_1_1:88313-88597	Koomba-kaat_1_00101
/lab/output/Koomba-kaat_1/Koomba-kaat_1_reordered/Koomba-kaat_1:CDS	hypothetical protein	Koomba-kaat_1_1:88610-88903	Koomba-kaat_1_00102
/lab/output/Koomba-kaat_1/Koomba-kaat_1_reordered/Koomba-kaat_1:CDS	hypothetical protein	Koomba-kaat_1_1:88967-89281	Koomba-kaat_1_00103
/lab/output/Koomba-kaat_1/Koomba-kaat_1_reordered/Koomba-kaat_1:CDS	hypothetical protein	Koomba-kaat_1_1:89284-89529	Koomba-kaat_1_00104
/lab/output/Koomba-kaat_1/Koomba-kaat_1_reordered/Koomba-kaat_1:CDS	hypothetical protein	Koomba-kaat_1_1:89664-90158	Koomba-kaat_1_00105
/lab/output/Koomba-kaat_1/Koomba-kaat_1_reordered/Koomba-kaat_1:CDS	hypothetical protein	Koomba-kaat_1_1:90181-90837	Koomba-kaat_1_00106
/lab/output/Koomba-kaat_1/Koomba-kaat_1_reordered/Koomba-kaat_1:CDS	hypothetical protein	Koomba-kaat_1_1:90856-91407	Koomba-kaat_1_00107
/lab/output/Koomba-kaat_1/Koomba-kaat_1_reordered/Koomba-kaat_1:CDS	hypothetical protein	Koomba-kaat_1_1:91413-91619	Koomba-kaat_1_00108
/lab/output/Koomba-kaat_1/Koomba-kaat_1_reordered/Koomba-kaat_1:CDS	hypothetical protein	Koomba-kaat_1_1:91619-92338	Koomba-kaat_1_00109
/lab/output/Koomba-kaat_1/Koomba-kaat_1_reordered/Koomba-kaat_1:CDS	hypothetical protein	Koomba-kaat_1_1:92325-92582	Koomba-kaat_1_00110
/lab/output/Koomba-kaat_1/Koomba-kaat_1_reordered/Koomba-kaat_1:CDS	hypothetical protein	Koomba-kaat_1_1:92576-92977	Koomba-kaat_1_00111
/lab/output/Koomba-kaat_1/Koomba-kaat_1_reordered/Koomba-kaat_1:CDS	hypothetical protein	Koomba-kaat_1_1:92994-93725	Koomba-kaat_1_00112
/lab/output/Koomba-kaat_1/Koomba-kaat_1_reordered/Koomba-kaat_1:CDS	hypothetical protein	Koomba-kaat_1_1:93831-94145	Koomba-kaat_1_00113
/lab/output/Koomba-kaat_1/Koomba-kaat_1_reordered/Koomba-kaat_1:CDS	hypothetical protein	Koomba-kaat_1_1:94167-94463	Koomba-kaat_1_00114
/lab/output/Koomba-kaat_1/Koomba-kaat_1_reordered/Koomba-kaat_1:CDS	hypothetical protein	Koomba-kaat_1_1:95996-96619	Koomba-kaat_1_00116
/lab/output/Koomba-kaat_1/Koomba-kaat_1_reordered/Koomba-kaat_1:CDS	hypothetical protein	Koomba-kaat_1_1:96696-97097	Koomba-kaat_1_00117
/lab/output/Koomba-kaat_1/Koomba-kaat_1_reordered/Koomba-kaat_1:CDS	hypothetical protein	Koomba-kaat_1_1:97223-97444	Koomba-kaat_1_00118
/lab/output/Koomba-kaat_1/Koomba-kaat_1_reordered/Koomba-kaat_1:CDS	hypothetical protein	Koomba-kaat_1_1:97690-97875	Koomba-kaat_1_00120
/lab/output/Koomba-kaat_1/Koomba-kaat_1_reordered/Koomba-kaat_1:CDS	hypothetical protein	Koomba-kaat_1_1:97941-98180	Koomba-kaat_1_00121
/lab/output/Koomba-kaat_1/Koomba-kaat_1_reordered/Koomba-kaat_1:CDS	hypothetical protein	Koomba-kaat_1_1:98181-98381	Koomba-kaat_1_00122
/lab/output/Koomba-kaat_1/Koomba-kaat_1_reordered/Koomba-kaat_1:CDS	hypothetical protein	Koomba-kaat_1_1:98544-98882	Koomba-kaat_1_00123
/lab/output/Koomba-kaat_1/Koomba-kaat_1_reordered/Koomba-kaat_1:CDS	hypothetical protein	Koomba-kaat_1_1:99017-99355	Koomba-kaat_1_00124
/lab/output/Koomba-kaat_1/Koomba-kaat_1_reordered/Koomba-kaat_1:CDS	hypothetical protein	Koomba-kaat_1_1:99355-99663	Koomba-kaat_1_00125
/lab/output/Koomba-kaat_1/Koomba-kaat_1_reordered/Koomba-kaat_1:CDS	hypothetical protein	Koomba-kaat_1_1:100238-100597	Koomba-kaat_1_00127
/lab/output/Koomba-kaat_1/Koomba-kaat_1_reordered/Koomba-kaat_1:CDS	hypothetical protein	Koomba-kaat_1_1:100617-101363	Koomba-kaat_1_00128
/lab/output/Koomba-kaat_1/Koomba-kaat_1_reordered/Koomba-kaat_1:CDS	hypothetical protein	Koomba-kaat_1_1:101409-101618	Koomba-kaat_1_00129
/lab/output/Koomba-kaat_1/Koomba-kaat_1_reordered/Koomba-kaat_1:CDS	hypothetical protein	Koomba-kaat_1_1:101621-101929	Koomba-kaat_1_00130
/lab/output/Koomba-kaat_1/Koomba-kaat_1_reordered/Koomba-kaat_1:CDS	hypothetical protein	Koomba-kaat_1_1:102039-102662	Koomba-kaat_1_00131
/lab/output/Koomba-kaat_1/Koomba-kaat_1_reordered/Koomba-kaat_1:CDS	hypothetical protein	Koomba-kaat_1_1:102789-103070	Koomba-kaat_1_00132
/lab/output/Koomba-kaat_1/Koomba-kaat_1_reordered/Koomba-kaat_1:CDS	hypothetical protein	Koomba-kaat_1_1:103898-104305	Koomba-kaat_1_00133
/lab/output/Koomba-kaat_1/Koomba-kaat_1_reordered/Koomba-kaat_1:CDS	hypothetical protein	Koomba-kaat_1_1:105055-105369	Koomba-kaat_1_00134
/lab/output/Koomba-kaat_1/Koomba-kaat_1_reordered/Koomba-kaat_1:CDS	hypothetical protein	Koomba-kaat_1_1:105442-105597	Koomba-kaat_1_00135
/lab/output/Koomba-kaat_1/Koomba-kaat_1_reordered/Koomba-kaat_1:CDS	hypothetical protein	Koomba-kaat_1_1:105599-105832	Koomba-kaat_1_00136
/lab/output/Koomba-kaat_1/Koomba-kaat_1_reordered/Koomba-kaat_1:CDS	hypothetical protein	Koomba-kaat_1_1:105914-106060	Koomba-kaat_1_00137
/lab/output/Koomba-kaat_1/Koomba-kaat_1_reordered/Koomba-kaat_1:CDS	hypothetical protein	Koomba-kaat_1_1:106513-106854	Koomba-kaat_1_00139
/lab/output/Koomba-kaat_1/Koomba-kaat_1_reordered/Koomba-kaat_1:CDS	hypothetical protein	Koomba-kaat_1_1:106868-107092	Koomba-kaat_1_00140
/lab/output/Koomba-kaat_1/Koomba-kaat_1_reordered/Koomba-kaat_1:CDS	hypothetical protein	Koomba-kaat_1_1:107197-107541	Koomba-kaat_1_00141
/lab/output/Koomba-kaat_1/Koomba-kaat_1_reordered/Koomba-kaat_1:CDS	hypothetical protein	Koomba-kaat_1_1:c108742-108176	Koomba-kaat_1_00142
/lab/output/Koomba-kaat_1/Koomba-kaat_1_reordered/Koomba-kaat_1:CDS	hypothetical protein	Koomba-kaat_1_1:c108999-108820	Koomba-kaat_1_00144
/lab/output/Koomba-kaat_1/Koomba-kaat_1_reordered/Koomba-kaat_1:CDS	hypothetical protein	Koomba-kaat_1_1:c109405-109007	Koomba-kaat_1_00145
/lab/output/Koomba-kaat_1/Koomba-kaat_1_reordered/Koomba-kaat_1:CDS	hypothetical protein	Koomba-kaat_1_1:c110766-110374	Koomba-kaat_1_00148
/lab/output/Koomba-kaat_1/Koomba-kaat_1_reordered/Koomba-kaat_1:CDS	hypothetical protein	Koomba-kaat_1_1:c111161-110769	Koomba-kaat_1_00149
/lab/output/Koomba-kaat_1/Koomba-kaat_1_reordered/Koomba-kaat_1:CDS	hypothetical protein	Koomba-kaat_1_1:c111349-111161	Koomba-kaat_1_00150
/lab/output/Koomba-kaat_1/Koomba-kaat_1_reordered/Koomba-kaat_1:CDS	hypothetical protein	Koomba-kaat_1_1:c111753-111349	Koomba-kaat_1_00151
/lab/output/Koomba-kaat_1/Koomba-kaat_1_reordered/Koomba-kaat_1:CDS	hypothetical protein	Koomba-kaat_1_1:c112295-111765	Koomba-kaat_1_00152
/lab/output/Koomba-kaat_1/Koomba-kaat_1_reordered/Koomba-kaat_1:CDS	hypothetical protein	Koomba-kaat_1_1:c112982-112422	Koomba-kaat_1_00153
/lab/output/Koomba-kaat_1/Koomba-kaat_1_reordered/Koomba-kaat_1:CDS	hypothetical protein	Koomba-kaat_1_1:c113636-113412	Koomba-kaat_1_00155
/lab/output/Koomba-kaat_1/Koomba-kaat_1_reordered/Koomba-kaat_1:CDS	hypothetical protein	Koomba-kaat_1_1:c118396-115178	Koomba-kaat_1_00158
/lab/output/Koomba-kaat_1/Koomba-kaat_1_reordered/Koomba-kaat_1:CDS	hypothetical protein	Koomba-kaat_1_1:c118986-118807	Koomba-kaat_1_00159
/lab/output/Koomba-kaat_1/Koomba-kaat_1_reordered/Koomba-kaat_1:CDS	hypothetical protein	Koomba-kaat_1_1:c119514-119191	Koomba-kaat_1_00161
/lab/output/Koomba-kaat_1/Koomba-kaat_1_reordered/Koomba-kaat_1:CDS	hypothetical protein	Koomba-kaat_1_1:c120221-120036	Koomba-kaat_1_00163
/lab/output/Koomba-kaat_1/Koomba-kaat_1_reordered/Koomba-kaat_1:CDS	hypothetical protein	Koomba-kaat_1_1:c120382-120221	Koomba-kaat_1_00164
/lab/output/Koomba-kaat_1/Koomba-kaat_1_reordered/Koomba-kaat_1:CDS	hypothetical protein	Koomba-kaat_1_1:c122421-120382	Koomba-kaat_1_00165
/lab/output/Koomba-kaat_1/Koomba-kaat_1_reordered/Koomba-kaat_1:CDS	hypothetical protein	Koomba-kaat_1_1:c123548-122925	Koomba-kaat_1_00168
/lab/output/Koomba-kaat_1/Koomba-kaat_1_reordered/Koomba-kaat_1:CDS	hypothetical protein	Koomba-kaat_1_1:c126989-126591	Koomba-kaat_1_00171
/lab/output/Koomba-kaat_1/Koomba-kaat_1_reordered/Koomba-kaat_1:CDS	hypothetical protein	Koomba-kaat_1_1:c127631-127029	Koomba-kaat_1_00172
/lab/output/Koomba-kaat_1/Koomba-kaat_1_reordered/Koomba-kaat_1:CDS	hypothetical protein	Koomba-kaat_1_1:c127907-127644	Koomba-kaat_1_00173
/lab/output/Koomba-kaat_1/Koomba-kaat_1_reordered/Koomba-kaat_1:CDS	hypothetical protein	Koomba-kaat_1_1:c128525-128337	Koomba-kaat_1_00175
/lab/output/Koomba-kaat_1/Koomba-kaat_1_reordered/Koomba-kaat_1:CDS	hypothetical protein	Koomba-kaat_1_1:c129177-128539	Koomba-kaat_1_00176
/lab/output/Koomba-kaat_1/Koomba-kaat_1_reordered/Koomba-kaat_1:CDS	hypothetical protein	Koomba-kaat_1_1:c129620-129399	Koomba-kaat_1_00178
/lab/output/Koomba-kaat_1/Koomba-kaat_1_reordered/Koomba-kaat_1:CDS	hypothetical protein	Koomba-kaat_1_1:c132180-131992	Koomba-kaat_1_00182
/lab/output/Koomba-kaat_1/Koomba-kaat_1_reordered/Koomba-kaat_1:CDS	hypothetical protein	Koomba-kaat_1_1:c133702-133487	Koomba-kaat_1_00184
/lab/output/Koomba-kaat_1/Koomba-kaat_1_reordered/Koomba-kaat_1:CDS	hypothetical protein	Koomba-kaat_1_1:c134384-134052	Koomba-kaat_1_00186

DiscRep_ALL:DISC_QUALITY_SCORES::Quality scores are missing on all sequences.

DiscRep_ALL:ONCALLER_COMMENT_PRESENT::1 comment descriptors were found (all same)
/lab/output/Koomba-kaat_1/Koomba-kaat_1_reordered/Koomba-kaat_1:Prokka:Koomba-kaat_1_1:Annotated using prokka 1.14.6 from https://github.com/tseemann/prokka

DiscRep_ALL:SHORT_PROT_SEQUENCES::7 protein sequences are shorter than 50 aa.
/lab/output/Koomba-kaat_1/Koomba-kaat_1_reordered/Koomba-kaat_1:Prokka:Koomba-kaat_1_00004 (length 32)
/lab/output/Koomba-kaat_1/Koomba-kaat_1_reordered/Koomba-kaat_1:Prokka:Koomba-kaat_1_00027 (length 47)
/lab/output/Koomba-kaat_1/Koomba-kaat_1_reordered/Koomba-kaat_1:Prokka:Koomba-kaat_1_00055 (length 36)
/lab/output/Koomba-kaat_1/Koomba-kaat_1_reordered/Koomba-kaat_1:Prokka:Koomba-kaat_1_00137 (length 48)
/lab/output/Koomba-kaat_1/Koomba-kaat_1_reordered/Koomba-kaat_1:Prokka:Koomba-kaat_1_00138 (length 48)
/lab/output/Koomba-kaat_1/Koomba-kaat_1_reordered/Koomba-kaat_1:Prokka:Koomba-kaat_1_00143 (length 33)
/lab/output/Koomba-kaat_1/Koomba-kaat_1_reordered/Koomba-kaat_1:Prokka:Koomba-kaat_1_00160 (length 46)

DiscRep_ALL:MISSING_GENOMEASSEMBLY_COMMENTS::1 bioseqs are missing GenomeAssembly structured comments
/lab/output/Koomba-kaat_1/Koomba-kaat_1_reordered/Koomba-kaat_1:Prokka:Koomba-kaat_1_1 (length 135469)

DiscRep_ALL:MOLTYPE_NOT_MRNA::1 molecule types are not set as mRNA.
/lab/output/Koomba-kaat_1/Koomba-kaat_1_reordered/Koomba-kaat_1:Prokka:Koomba-kaat_1_1 (length 135469)

DiscRep_ALL:TECHNIQUE_NOT_TSA::1 technique are not set as TSA
/lab/output/Koomba-kaat_1/Koomba-kaat_1_reordered/Koomba-kaat_1:Prokka:Koomba-kaat_1_1 (length 135469)

DiscRep_ALL:MISSING_STRUCTURED_COMMENT::1 sequences do not include structured comments.
/lab/output/Koomba-kaat_1/Koomba-kaat_1_reordered/Koomba-kaat_1:Prokka:Koomba-kaat_1_1 (length 135469)

DiscRep_ALL:MISSING_PROJECT::188 sequences do not include project.
/lab/output/Koomba-kaat_1/Koomba-kaat_1_reordered/Koomba-kaat_1:Prokka:Koomba-kaat_1_1 (length 135469)
/lab/output/Koomba-kaat_1/Koomba-kaat_1_reordered/Koomba-kaat_1:Prokka:Koomba-kaat_1_00001 (length 137)
/lab/output/Koomba-kaat_1/Koomba-kaat_1_reordered/Koomba-kaat_1:Prokka:Koomba-kaat_1_00002 (length 122)
/lab/output/Koomba-kaat_1/Koomba-kaat_1_reordered/Koomba-kaat_1:Prokka:Koomba-kaat_1_00003 (length 55)
/lab/output/Koomba-kaat_1/Koomba-kaat_1_reordered/Koomba-kaat_1:Prokka:Koomba-kaat_1_00004 (length 32)
/lab/output/Koomba-kaat_1/Koomba-kaat_1_reordered/Koomba-kaat_1:Prokka:Koomba-kaat_1_00005 (length 397)
/lab/output/Koomba-kaat_1/Koomba-kaat_1_reordered/Koomba-kaat_1:Prokka:Koomba-kaat_1_00006 (length 306)
/lab/output/Koomba-kaat_1/Koomba-kaat_1_reordered/Koomba-kaat_1:Prokka:Koomba-kaat_1_00007 (length 53)
/lab/output/Koomba-kaat_1/Koomba-kaat_1_reordered/Koomba-kaat_1:Prokka:Koomba-kaat_1_00008 (length 266)
/lab/output/Koomba-kaat_1/Koomba-kaat_1_reordered/Koomba-kaat_1:Prokka:Koomba-kaat_1_00009 (length 58)
/lab/output/Koomba-kaat_1/Koomba-kaat_1_reordered/Koomba-kaat_1:Prokka:Koomba-kaat_1_00010 (length 159)
/lab/output/Koomba-kaat_1/Koomba-kaat_1_reordered/Koomba-kaat_1:Prokka:Koomba-kaat_1_00011 (length 237)
/lab/output/Koomba-kaat_1/Koomba-kaat_1_reordered/Koomba-kaat_1:Prokka:Koomba-kaat_1_00012 (length 119)
/lab/output/Koomba-kaat_1/Koomba-kaat_1_reordered/Koomba-kaat_1:Prokka:Koomba-kaat_1_00013 (length 121)
/lab/output/Koomba-kaat_1/Koomba-kaat_1_reordered/Koomba-kaat_1:Prokka:Koomba-kaat_1_00014 (length 561)
/lab/output/Koomba-kaat_1/Koomba-kaat_1_reordered/Koomba-kaat_1:Prokka:Koomba-kaat_1_00015 (length 257)
/lab/output/Koomba-kaat_1/Koomba-kaat_1_reordered/Koomba-kaat_1:Prokka:Koomba-kaat_1_00016 (length 316)
/lab/output/Koomba-kaat_1/Koomba-kaat_1_reordered/Koomba-kaat_1:Prokka:Koomba-kaat_1_00017 (length 463)
/lab/output/Koomba-kaat_1/Koomba-kaat_1_reordered/Koomba-kaat_1:Prokka:Koomba-kaat_1_00018 (length 77)
/lab/output/Koomba-kaat_1/Koomba-kaat_1_reordered/Koomba-kaat_1:Prokka:Koomba-kaat_1_00019 (length 302)
/lab/output/Koomba-kaat_1/Koomba-kaat_1_reordered/Koomba-kaat_1:Prokka:Koomba-kaat_1_00020 (length 291)
/lab/output/Koomba-kaat_1/Koomba-kaat_1_reordered/Koomba-kaat_1:Prokka:Koomba-kaat_1_00021 (length 206)
/lab/output/Koomba-kaat_1/Koomba-kaat_1_reordered/Koomba-kaat_1:Prokka:Koomba-kaat_1_00022 (length 278)
/lab/output/Koomba-kaat_1/Koomba-kaat_1_reordered/Koomba-kaat_1:Prokka:Koomba-kaat_1_00023 (length 68)
/lab/output/Koomba-kaat_1/Koomba-kaat_1_reordered/Koomba-kaat_1:Prokka:Koomba-kaat_1_00024 (length 586)
/lab/output/Koomba-kaat_1/Koomba-kaat_1_reordered/Koomba-kaat_1:Prokka:Koomba-kaat_1_00025 (length 119)
/lab/output/Koomba-kaat_1/Koomba-kaat_1_reordered/Koomba-kaat_1:Prokka:Koomba-kaat_1_00026 (length 328)
/lab/output/Koomba-kaat_1/Koomba-kaat_1_reordered/Koomba-kaat_1:Prokka:Koomba-kaat_1_00027 (length 47)
/lab/output/Koomba-kaat_1/Koomba-kaat_1_reordered/Koomba-kaat_1:Prokka:Koomba-kaat_1_00028 (length 149)
/lab/output/Koomba-kaat_1/Koomba-kaat_1_reordered/Koomba-kaat_1:Prokka:Koomba-kaat_1_00029 (length 102)
/lab/output/Koomba-kaat_1/Koomba-kaat_1_reordered/Koomba-kaat_1:Prokka:Koomba-kaat_1_00030 (length 138)
/lab/output/Koomba-kaat_1/Koomba-kaat_1_reordered/Koomba-kaat_1:Prokka:Koomba-kaat_1_00031 (length 147)
/lab/output/Koomba-kaat_1/Koomba-kaat_1_reordered/Koomba-kaat_1:Prokka:Koomba-kaat_1_00032 (length 997)
/lab/output/Koomba-kaat_1/Koomba-kaat_1_reordered/Koomba-kaat_1:Prokka:Koomba-kaat_1_00033 (length 289)
/lab/output/Koomba-kaat_1/Koomba-kaat_1_reordered/Koomba-kaat_1:Prokka:Koomba-kaat_1_00034 (length 274)
/lab/output/Koomba-kaat_1/Koomba-kaat_1_reordered/Koomba-kaat_1:Prokka:Koomba-kaat_1_00035 (length 810)
/lab/output/Koomba-kaat_1/Koomba-kaat_1_reordered/Koomba-kaat_1:Prokka:Koomba-kaat_1_00036 (length 296)
/lab/output/Koomba-kaat_1/Koomba-kaat_1_reordered/Koomba-kaat_1:Prokka:Koomba-kaat_1_00037 (length 818)
/lab/output/Koomba-kaat_1/Koomba-kaat_1_reordered/Koomba-kaat_1:Prokka:Koomba-kaat_1_00038 (length 283)
/lab/output/Koomba-kaat_1/Koomba-kaat_1_reordered/Koomba-kaat_1:Prokka:Koomba-kaat_1_00039 (length 173)
/lab/output/Koomba-kaat_1/Koomba-kaat_1_reordered/Koomba-kaat_1:Prokka:Koomba-kaat_1_00040 (length 234)
/lab/output/Koomba-kaat_1/Koomba-kaat_1_reordered/Koomba-kaat_1:Prokka:Koomba-kaat_1_00041 (length 348)
/lab/output/Koomba-kaat_1/Koomba-kaat_1_reordered/Koomba-kaat_1:Prokka:Koomba-kaat_1_00042 (length 900)
/lab/output/Koomba-kaat_1/Koomba-kaat_1_reordered/Koomba-kaat_1:Prokka:Koomba-kaat_1_00043 (length 173)
/lab/output/Koomba-kaat_1/Koomba-kaat_1_reordered/Koomba-kaat_1:Prokka:Koomba-kaat_1_00044 (length 1152)
/lab/output/Koomba-kaat_1/Koomba-kaat_1_reordered/Koomba-kaat_1:Prokka:Koomba-kaat_1_00045 (length 56)
/lab/output/Koomba-kaat_1/Koomba-kaat_1_reordered/Koomba-kaat_1:Prokka:Koomba-kaat_1_00046 (length 637)
/lab/output/Koomba-kaat_1/Koomba-kaat_1_reordered/Koomba-kaat_1:Prokka:Koomba-kaat_1_00047 (length 118)
/lab/output/Koomba-kaat_1/Koomba-kaat_1_reordered/Koomba-kaat_1:Prokka:Koomba-kaat_1_00048 (length 454)
/lab/output/Koomba-kaat_1/Koomba-kaat_1_reordered/Koomba-kaat_1:Prokka:Koomba-kaat_1_00049 (length 151)
/lab/output/Koomba-kaat_1/Koomba-kaat_1_reordered/Koomba-kaat_1:Prokka:Koomba-kaat_1_00050 (length 437)
/lab/output/Koomba-kaat_1/Koomba-kaat_1_reordered/Koomba-kaat_1:Prokka:Koomba-kaat_1_00051 (length 528)
/lab/output/Koomba-kaat_1/Koomba-kaat_1_reordered/Koomba-kaat_1:Prokka:Koomba-kaat_1_00052 (length 479)
/lab/output/Koomba-kaat_1/Koomba-kaat_1_reordered/Koomba-kaat_1:Prokka:Koomba-kaat_1_00053 (length 85)
/lab/output/Koomba-kaat_1/Koomba-kaat_1_reordered/Koomba-kaat_1:Prokka:Koomba-kaat_1_00054 (length 81)
/lab/output/Koomba-kaat_1/Koomba-kaat_1_reordered/Koomba-kaat_1:Prokka:Koomba-kaat_1_00055 (length 36)
/lab/output/Koomba-kaat_1/Koomba-kaat_1_reordered/Koomba-kaat_1:Prokka:Koomba-kaat_1_00056 (length 158)
/lab/output/Koomba-kaat_1/Koomba-kaat_1_reordered/Koomba-kaat_1:Prokka:Koomba-kaat_1_00057 (length 82)
/lab/output/Koomba-kaat_1/Koomba-kaat_1_reordered/Koomba-kaat_1:Prokka:Koomba-kaat_1_00058 (length 229)
/lab/output/Koomba-kaat_1/Koomba-kaat_1_reordered/Koomba-kaat_1:Prokka:Koomba-kaat_1_00059 (length 343)
/lab/output/Koomba-kaat_1/Koomba-kaat_1_reordered/Koomba-kaat_1:Prokka:Koomba-kaat_1_00060 (length 88)
/lab/output/Koomba-kaat_1/Koomba-kaat_1_reordered/Koomba-kaat_1:Prokka:Koomba-kaat_1_00061 (length 644)
/lab/output/Koomba-kaat_1/Koomba-kaat_1_reordered/Koomba-kaat_1:Prokka:Koomba-kaat_1_00062 (length 197)
/lab/output/Koomba-kaat_1/Koomba-kaat_1_reordered/Koomba-kaat_1:Prokka:Koomba-kaat_1_00063 (length 358)
/lab/output/Koomba-kaat_1/Koomba-kaat_1_reordered/Koomba-kaat_1:Prokka:Koomba-kaat_1_00064 (length 102)
/lab/output/Koomba-kaat_1/Koomba-kaat_1_reordered/Koomba-kaat_1:Prokka:Koomba-kaat_1_00065 (length 153)
/lab/output/Koomba-kaat_1/Koomba-kaat_1_reordered/Koomba-kaat_1:Prokka:Koomba-kaat_1_00066 (length 202)
/lab/output/Koomba-kaat_1/Koomba-kaat_1_reordered/Koomba-kaat_1:Prokka:Koomba-kaat_1_00067 (length 445)
/lab/output/Koomba-kaat_1/Koomba-kaat_1_reordered/Koomba-kaat_1:Prokka:Koomba-kaat_1_00068 (length 883)
/lab/output/Koomba-kaat_1/Koomba-kaat_1_reordered/Koomba-kaat_1:Prokka:Koomba-kaat_1_00069 (length 108)
/lab/output/Koomba-kaat_1/Koomba-kaat_1_reordered/Koomba-kaat_1:Prokka:Koomba-kaat_1_00070 (length 106)
/lab/output/Koomba-kaat_1/Koomba-kaat_1_reordered/Koomba-kaat_1:Prokka:Koomba-kaat_1_00071 (length 200)
/lab/output/Koomba-kaat_1/Koomba-kaat_1_reordered/Koomba-kaat_1:Prokka:Koomba-kaat_1_00072 (length 100)
/lab/output/Koomba-kaat_1/Koomba-kaat_1_reordered/Koomba-kaat_1:Prokka:Koomba-kaat_1_00073 (length 1249)
/lab/output/Koomba-kaat_1/Koomba-kaat_1_reordered/Koomba-kaat_1:Prokka:Koomba-kaat_1_00074 (length 214)
/lab/output/Koomba-kaat_1/Koomba-kaat_1_reordered/Koomba-kaat_1:Prokka:Koomba-kaat_1_00075 (length 218)
/lab/output/Koomba-kaat_1/Koomba-kaat_1_reordered/Koomba-kaat_1:Prokka:Koomba-kaat_1_00076 (length 160)
/lab/output/Koomba-kaat_1/Koomba-kaat_1_reordered/Koomba-kaat_1:Prokka:Koomba-kaat_1_00077 (length 122)
/lab/output/Koomba-kaat_1/Koomba-kaat_1_reordered/Koomba-kaat_1:Prokka:Koomba-kaat_1_00078 (length 389)
/lab/output/Koomba-kaat_1/Koomba-kaat_1_reordered/Koomba-kaat_1:Prokka:Koomba-kaat_1_00079 (length 77)
/lab/output/Koomba-kaat_1/Koomba-kaat_1_reordered/Koomba-kaat_1:Prokka:Koomba-kaat_1_00080 (length 341)
/lab/output/Koomba-kaat_1/Koomba-kaat_1_reordered/Koomba-kaat_1:Prokka:Koomba-kaat_1_00081 (length 117)
/lab/output/Koomba-kaat_1/Koomba-kaat_1_reordered/Koomba-kaat_1:Prokka:Koomba-kaat_1_00082 (length 219)
/lab/output/Koomba-kaat_1/Koomba-kaat_1_reordered/Koomba-kaat_1:Prokka:Koomba-kaat_1_00083 (length 249)
/lab/output/Koomba-kaat_1/Koomba-kaat_1_reordered/Koomba-kaat_1:Prokka:Koomba-kaat_1_00084 (length 170)
/lab/output/Koomba-kaat_1/Koomba-kaat_1_reordered/Koomba-kaat_1:Prokka:Koomba-kaat_1_00085 (length 70)
/lab/output/Koomba-kaat_1/Koomba-kaat_1_reordered/Koomba-kaat_1:Prokka:Koomba-kaat_1_00086 (length 84)
/lab/output/Koomba-kaat_1/Koomba-kaat_1_reordered/Koomba-kaat_1:Prokka:Koomba-kaat_1_00087 (length 256)
/lab/output/Koomba-kaat_1/Koomba-kaat_1_reordered/Koomba-kaat_1:Prokka:Koomba-kaat_1_00088 (length 417)
/lab/output/Koomba-kaat_1/Koomba-kaat_1_reordered/Koomba-kaat_1:Prokka:Koomba-kaat_1_00089 (length 109)
/lab/output/Koomba-kaat_1/Koomba-kaat_1_reordered/Koomba-kaat_1:Prokka:Koomba-kaat_1_00090 (length 177)
/lab/output/Koomba-kaat_1/Koomba-kaat_1_reordered/Koomba-kaat_1:Prokka:Koomba-kaat_1_00091 (length 253)
/lab/output/Koomba-kaat_1/Koomba-kaat_1_reordered/Koomba-kaat_1:Prokka:Koomba-kaat_1_00092 (length 168)
/lab/output/Koomba-kaat_1/Koomba-kaat_1_reordered/Koomba-kaat_1:Prokka:Koomba-kaat_1_00093 (length 284)
/lab/output/Koomba-kaat_1/Koomba-kaat_1_reordered/Koomba-kaat_1:Prokka:Koomba-kaat_1_00094 (length 243)
/lab/output/Koomba-kaat_1/Koomba-kaat_1_reordered/Koomba-kaat_1:Prokka:Koomba-kaat_1_00095 (length 152)
/lab/output/Koomba-kaat_1/Koomba-kaat_1_reordered/Koomba-kaat_1:Prokka:Koomba-kaat_1_00096 (length 145)
/lab/output/Koomba-kaat_1/Koomba-kaat_1_reordered/Koomba-kaat_1:Prokka:Koomba-kaat_1_00097 (length 211)
/lab/output/Koomba-kaat_1/Koomba-kaat_1_reordered/Koomba-kaat_1:Prokka:Koomba-kaat_1_00098 (length 132)
/lab/output/Koomba-kaat_1/Koomba-kaat_1_reordered/Koomba-kaat_1:Prokka:Koomba-kaat_1_00099 (length 86)
/lab/output/Koomba-kaat_1/Koomba-kaat_1_reordered/Koomba-kaat_1:Prokka:Koomba-kaat_1_00100 (length 87)
/lab/output/Koomba-kaat_1/Koomba-kaat_1_reordered/Koomba-kaat_1:Prokka:Koomba-kaat_1_00101 (length 94)
/lab/output/Koomba-kaat_1/Koomba-kaat_1_reordered/Koomba-kaat_1:Prokka:Koomba-kaat_1_00102 (length 97)
/lab/output/Koomba-kaat_1/Koomba-kaat_1_reordered/Koomba-kaat_1:Prokka:Koomba-kaat_1_00103 (length 104)
/lab/output/Koomba-kaat_1/Koomba-kaat_1_reordered/Koomba-kaat_1:Prokka:Koomba-kaat_1_00104 (length 81)
/lab/output/Koomba-kaat_1/Koomba-kaat_1_reordered/Koomba-kaat_1:Prokka:Koomba-kaat_1_00105 (length 164)
/lab/output/Koomba-kaat_1/Koomba-kaat_1_reordered/Koomba-kaat_1:Prokka:Koomba-kaat_1_00106 (length 218)
/lab/output/Koomba-kaat_1/Koomba-kaat_1_reordered/Koomba-kaat_1:Prokka:Koomba-kaat_1_00107 (length 183)
/lab/output/Koomba-kaat_1/Koomba-kaat_1_reordered/Koomba-kaat_1:Prokka:Koomba-kaat_1_00108 (length 68)
/lab/output/Koomba-kaat_1/Koomba-kaat_1_reordered/Koomba-kaat_1:Prokka:Koomba-kaat_1_00109 (length 239)
/lab/output/Koomba-kaat_1/Koomba-kaat_1_reordered/Koomba-kaat_1:Prokka:Koomba-kaat_1_00110 (length 85)
/lab/output/Koomba-kaat_1/Koomba-kaat_1_reordered/Koomba-kaat_1:Prokka:Koomba-kaat_1_00111 (length 133)
/lab/output/Koomba-kaat_1/Koomba-kaat_1_reordered/Koomba-kaat_1:Prokka:Koomba-kaat_1_00112 (length 243)
/lab/output/Koomba-kaat_1/Koomba-kaat_1_reordered/Koomba-kaat_1:Prokka:Koomba-kaat_1_00113 (length 104)
/lab/output/Koomba-kaat_1/Koomba-kaat_1_reordered/Koomba-kaat_1:Prokka:Koomba-kaat_1_00114 (length 98)
/lab/output/Koomba-kaat_1/Koomba-kaat_1_reordered/Koomba-kaat_1:Prokka:Koomba-kaat_1_00115 (length 181)
/lab/output/Koomba-kaat_1/Koomba-kaat_1_reordered/Koomba-kaat_1:Prokka:Koomba-kaat_1_00116 (length 207)
/lab/output/Koomba-kaat_1/Koomba-kaat_1_reordered/Koomba-kaat_1:Prokka:Koomba-kaat_1_00117 (length 133)
/lab/output/Koomba-kaat_1/Koomba-kaat_1_reordered/Koomba-kaat_1:Prokka:Koomba-kaat_1_00118 (length 73)
/lab/output/Koomba-kaat_1/Koomba-kaat_1_reordered/Koomba-kaat_1:Prokka:Koomba-kaat_1_00119 (length 68)
/lab/output/Koomba-kaat_1/Koomba-kaat_1_reordered/Koomba-kaat_1:Prokka:Koomba-kaat_1_00120 (length 61)
/lab/output/Koomba-kaat_1/Koomba-kaat_1_reordered/Koomba-kaat_1:Prokka:Koomba-kaat_1_00121 (length 79)
/lab/output/Koomba-kaat_1/Koomba-kaat_1_reordered/Koomba-kaat_1:Prokka:Koomba-kaat_1_00122 (length 66)
/lab/output/Koomba-kaat_1/Koomba-kaat_1_reordered/Koomba-kaat_1:Prokka:Koomba-kaat_1_00123 (length 112)
/lab/output/Koomba-kaat_1/Koomba-kaat_1_reordered/Koomba-kaat_1:Prokka:Koomba-kaat_1_00124 (length 112)
/lab/output/Koomba-kaat_1/Koomba-kaat_1_reordered/Koomba-kaat_1:Prokka:Koomba-kaat_1_00125 (length 102)
/lab/output/Koomba-kaat_1/Koomba-kaat_1_reordered/Koomba-kaat_1:Prokka:Koomba-kaat_1_00126 (length 133)
/lab/output/Koomba-kaat_1/Koomba-kaat_1_reordered/Koomba-kaat_1:Prokka:Koomba-kaat_1_00127 (length 119)
/lab/output/Koomba-kaat_1/Koomba-kaat_1_reordered/Koomba-kaat_1:Prokka:Koomba-kaat_1_00128 (length 248)
/lab/output/Koomba-kaat_1/Koomba-kaat_1_reordered/Koomba-kaat_1:Prokka:Koomba-kaat_1_00129 (length 69)
/lab/output/Koomba-kaat_1/Koomba-kaat_1_reordered/Koomba-kaat_1:Prokka:Koomba-kaat_1_00130 (length 102)
/lab/output/Koomba-kaat_1/Koomba-kaat_1_reordered/Koomba-kaat_1:Prokka:Koomba-kaat_1_00131 (length 207)
/lab/output/Koomba-kaat_1/Koomba-kaat_1_reordered/Koomba-kaat_1:Prokka:Koomba-kaat_1_00132 (length 93)
/lab/output/Koomba-kaat_1/Koomba-kaat_1_reordered/Koomba-kaat_1:Prokka:Koomba-kaat_1_00133 (length 135)
/lab/output/Koomba-kaat_1/Koomba-kaat_1_reordered/Koomba-kaat_1:Prokka:Koomba-kaat_1_00134 (length 104)
/lab/output/Koomba-kaat_1/Koomba-kaat_1_reordered/Koomba-kaat_1:Prokka:Koomba-kaat_1_00135 (length 51)
/lab/output/Koomba-kaat_1/Koomba-kaat_1_reordered/Koomba-kaat_1:Prokka:Koomba-kaat_1_00136 (length 77)
/lab/output/Koomba-kaat_1/Koomba-kaat_1_reordered/Koomba-kaat_1:Prokka:Koomba-kaat_1_00137 (length 48)
/lab/output/Koomba-kaat_1/Koomba-kaat_1_reordered/Koomba-kaat_1:Prokka:Koomba-kaat_1_00138 (length 48)
/lab/output/Koomba-kaat_1/Koomba-kaat_1_reordered/Koomba-kaat_1:Prokka:Koomba-kaat_1_00139 (length 113)
/lab/output/Koomba-kaat_1/Koomba-kaat_1_reordered/Koomba-kaat_1:Prokka:Koomba-kaat_1_00140 (length 74)
/lab/output/Koomba-kaat_1/Koomba-kaat_1_reordered/Koomba-kaat_1:Prokka:Koomba-kaat_1_00141 (length 114)
/lab/output/Koomba-kaat_1/Koomba-kaat_1_reordered/Koomba-kaat_1:Prokka:Koomba-kaat_1_00142 (length 188)
/lab/output/Koomba-kaat_1/Koomba-kaat_1_reordered/Koomba-kaat_1:Prokka:Koomba-kaat_1_00143 (length 33)
/lab/output/Koomba-kaat_1/Koomba-kaat_1_reordered/Koomba-kaat_1:Prokka:Koomba-kaat_1_00144 (length 59)
/lab/output/Koomba-kaat_1/Koomba-kaat_1_reordered/Koomba-kaat_1:Prokka:Koomba-kaat_1_00145 (length 132)
/lab/output/Koomba-kaat_1/Koomba-kaat_1_reordered/Koomba-kaat_1:Prokka:Koomba-kaat_1_00146 (length 173)
/lab/output/Koomba-kaat_1/Koomba-kaat_1_reordered/Koomba-kaat_1:Prokka:Koomba-kaat_1_00147 (length 127)
/lab/output/Koomba-kaat_1/Koomba-kaat_1_reordered/Koomba-kaat_1:Prokka:Koomba-kaat_1_00148 (length 130)
/lab/output/Koomba-kaat_1/Koomba-kaat_1_reordered/Koomba-kaat_1:Prokka:Koomba-kaat_1_00149 (length 130)
/lab/output/Koomba-kaat_1/Koomba-kaat_1_reordered/Koomba-kaat_1:Prokka:Koomba-kaat_1_00150 (length 62)
/lab/output/Koomba-kaat_1/Koomba-kaat_1_reordered/Koomba-kaat_1:Prokka:Koomba-kaat_1_00151 (length 134)
/lab/output/Koomba-kaat_1/Koomba-kaat_1_reordered/Koomba-kaat_1:Prokka:Koomba-kaat_1_00152 (length 176)
/lab/output/Koomba-kaat_1/Koomba-kaat_1_reordered/Koomba-kaat_1:Prokka:Koomba-kaat_1_00153 (length 186)
/lab/output/Koomba-kaat_1/Koomba-kaat_1_reordered/Koomba-kaat_1:Prokka:Koomba-kaat_1_00154 (length 130)
/lab/output/Koomba-kaat_1/Koomba-kaat_1_reordered/Koomba-kaat_1:Prokka:Koomba-kaat_1_00155 (length 74)
/lab/output/Koomba-kaat_1/Koomba-kaat_1_reordered/Koomba-kaat_1:Prokka:Koomba-kaat_1_00156 (length 261)
/lab/output/Koomba-kaat_1/Koomba-kaat_1_reordered/Koomba-kaat_1:Prokka:Koomba-kaat_1_00157 (length 120)
/lab/output/Koomba-kaat_1/Koomba-kaat_1_reordered/Koomba-kaat_1:Prokka:Koomba-kaat_1_00158 (length 1072)
/lab/output/Koomba-kaat_1/Koomba-kaat_1_reordered/Koomba-kaat_1:Prokka:Koomba-kaat_1_00159 (length 59)
/lab/output/Koomba-kaat_1/Koomba-kaat_1_reordered/Koomba-kaat_1:Prokka:Koomba-kaat_1_00160 (length 46)
/lab/output/Koomba-kaat_1/Koomba-kaat_1_reordered/Koomba-kaat_1:Prokka:Koomba-kaat_1_00161 (length 107)
/lab/output/Koomba-kaat_1/Koomba-kaat_1_reordered/Koomba-kaat_1:Prokka:Koomba-kaat_1_00162 (length 138)
/lab/output/Koomba-kaat_1/Koomba-kaat_1_reordered/Koomba-kaat_1:Prokka:Koomba-kaat_1_00163 (length 61)
/lab/output/Koomba-kaat_1/Koomba-kaat_1_reordered/Koomba-kaat_1:Prokka:Koomba-kaat_1_00164 (length 53)
/lab/output/Koomba-kaat_1/Koomba-kaat_1_reordered/Koomba-kaat_1:Prokka:Koomba-kaat_1_00165 (length 679)
/lab/output/Koomba-kaat_1/Koomba-kaat_1_reordered/Koomba-kaat_1:Prokka:Koomba-kaat_1_00166 (length 87)
/lab/output/Koomba-kaat_1/Koomba-kaat_1_reordered/Koomba-kaat_1:Prokka:Koomba-kaat_1_00167 (length 57)
/lab/output/Koomba-kaat_1/Koomba-kaat_1_reordered/Koomba-kaat_1:Prokka:Koomba-kaat_1_00168 (length 207)
/lab/output/Koomba-kaat_1/Koomba-kaat_1_reordered/Koomba-kaat_1:Prokka:Koomba-kaat_1_00169 (length 197)
/lab/output/Koomba-kaat_1/Koomba-kaat_1_reordered/Koomba-kaat_1:Prokka:Koomba-kaat_1_00170 (length 766)
/lab/output/Koomba-kaat_1/Koomba-kaat_1_reordered/Koomba-kaat_1:Prokka:Koomba-kaat_1_00171 (length 132)
/lab/output/Koomba-kaat_1/Koomba-kaat_1_reordered/Koomba-kaat_1:Prokka:Koomba-kaat_1_00172 (length 200)
/lab/output/Koomba-kaat_1/Koomba-kaat_1_reordered/Koomba-kaat_1:Prokka:Koomba-kaat_1_00173 (length 87)
/lab/output/Koomba-kaat_1/Koomba-kaat_1_reordered/Koomba-kaat_1:Prokka:Koomba-kaat_1_00174 (length 141)
/lab/output/Koomba-kaat_1/Koomba-kaat_1_reordered/Koomba-kaat_1:Prokka:Koomba-kaat_1_00175 (length 62)
/lab/output/Koomba-kaat_1/Koomba-kaat_1_reordered/Koomba-kaat_1:Prokka:Koomba-kaat_1_00176 (length 212)
/lab/output/Koomba-kaat_1/Koomba-kaat_1_reordered/Koomba-kaat_1:Prokka:Koomba-kaat_1_00177 (length 71)
/lab/output/Koomba-kaat_1/Koomba-kaat_1_reordered/Koomba-kaat_1:Prokka:Koomba-kaat_1_00178 (length 73)
/lab/output/Koomba-kaat_1/Koomba-kaat_1_reordered/Koomba-kaat_1:Prokka:Koomba-kaat_1_00179 (length 252)
/lab/output/Koomba-kaat_1/Koomba-kaat_1_reordered/Koomba-kaat_1:Prokka:Koomba-kaat_1_00180 (length 305)
/lab/output/Koomba-kaat_1/Koomba-kaat_1_reordered/Koomba-kaat_1:Prokka:Koomba-kaat_1_00181 (length 166)
/lab/output/Koomba-kaat_1/Koomba-kaat_1_reordered/Koomba-kaat_1:Prokka:Koomba-kaat_1_00182 (length 62)
/lab/output/Koomba-kaat_1/Koomba-kaat_1_reordered/Koomba-kaat_1:Prokka:Koomba-kaat_1_00183 (length 71)
/lab/output/Koomba-kaat_1/Koomba-kaat_1_reordered/Koomba-kaat_1:Prokka:Koomba-kaat_1_00184 (length 71)
/lab/output/Koomba-kaat_1/Koomba-kaat_1_reordered/Koomba-kaat_1:Prokka:Koomba-kaat_1_00185 (length 110)
/lab/output/Koomba-kaat_1/Koomba-kaat_1_reordered/Koomba-kaat_1:Prokka:Koomba-kaat_1_00186 (length 110)
/lab/output/Koomba-kaat_1/Koomba-kaat_1_reordered/Koomba-kaat_1:Prokka:Koomba-kaat_1_00187 (length 76)

DiscRep_ALL:DISC_INCONSISTENT_MOLINFO_TECH::Molinfo Technique Report (some missing, all same)
DiscRep_SUB:DISC_INCONSISTENT_MOLINFO_TECH::technique (all missing)
DiscRep_SUB:DISC_INCONSISTENT_MOLINFO_TECH::1 Molinfos are missing field technique
/lab/output/Koomba-kaat_1/Koomba-kaat_1_reordered/Koomba-kaat_1:Prokka:Koomba-kaat_1_1 (length 135469)

