[08:46:01] This is prokka 1.14.6
[08:46:01] Written by Torsten Seemann <torsten.seemann@gmail.com>
[08:46:01] Homepage is https://github.com/tseemann/prokka
[08:46:01] Local time is Wed May 10 08:46:01 2023
[08:46:01] You are not telling me who you are!
[08:46:01] Operating system is linux
[08:46:01] You have BioPerl 1.7.8
[08:46:02] System has 32 cores.
[08:46:02] Will use maximum of 8 cores.
[08:46:02] Annotating as >>> Viruses <<<
[08:46:02] Enabling options to ensure Genbank/ENA/DDJB submission compliance.
[08:46:02] Creating new output folder: /lab/output/Koomba-kaat_1/Koomba-kaat_1_reordered
[08:46:02] Running: mkdir -p \/lab\/output\/Koomba\-kaat_1\/Koomba\-kaat_1_reordered
[08:46:02] Using filename prefix: Koomba-kaat_1.XXX
[08:46:02] Setting HMMER_NCPU=1
[08:46:02] Writing log to: /lab/output/Koomba-kaat_1/Koomba-kaat_1_reordered/Koomba-kaat_1.log
[08:46:02] Command: /opt/conda/envs/lab/bin/prokka /lab/output/Koomba-kaat_1/Koomba-kaat_1_reordered.fasta --hmms /opt/conda/envs/lab/db/hmm/all_phrogs.hmm --outdir /lab/output/Koomba-kaat_1/Koomba-kaat_1_reordered --addgenes --kingdom Viruses --gcode 11 --locustag Koomba-kaat_1 --prefix Koomba-kaat_1 --compliant
[08:46:02] Appending to PATH: /opt/conda/envs/lab/bin
[08:46:02] Looking for 'aragorn' - found /opt/conda/envs/lab/bin/aragorn
[08:46:02] Determined aragorn version is 001002 from 'ARAGORN v1.2.41 Dean Laslett'
[08:46:02] Looking for 'barrnap' - found /opt/conda/envs/lab/bin/barrnap
[08:46:02] Determined barrnap version is 000009 from 'barrnap 0.9'
[08:46:02] Looking for 'blastp' - found /opt/conda/envs/lab/bin/blastp
[08:46:02] Determined blastp version is 002012 from 'blastp: 2.12.0+'
[08:46:02] Looking for 'cmpress' - found /opt/conda/envs/lab/bin/cmpress
[08:46:02] Determined cmpress version is 001001 from '# INFERNAL 1.1.4 (Dec 2020)'
[08:46:02] Looking for 'cmscan' - found /opt/conda/envs/lab/bin/cmscan
[08:46:02] Determined cmscan version is 001001 from '# INFERNAL 1.1.4 (Dec 2020)'
[08:46:02] Looking for 'egrep' - found /bin/egrep
[08:46:02] Looking for 'find' - found /usr/bin/find
[08:46:02] Looking for 'grep' - found /bin/grep
[08:46:02] Looking for 'hmmpress' - found /opt/conda/envs/lab/bin/hmmpress
[08:46:02] Determined hmmpress version is 003003 from '# HMMER 3.3.2 (Nov 2020); http://hmmer.org/'
[08:46:02] Looking for 'hmmscan' - found /opt/conda/envs/lab/bin/hmmscan
[08:46:02] Determined hmmscan version is 003003 from '# HMMER 3.3.2 (Nov 2020); http://hmmer.org/'
[08:46:02] Looking for 'java' - found /opt/conda/envs/lab/bin/java
[08:46:02] Looking for 'makeblastdb' - found /opt/conda/envs/lab/bin/makeblastdb
[08:46:02] Determined makeblastdb version is 002012 from 'makeblastdb: 2.12.0+'
[08:46:02] Looking for 'minced' - found /opt/conda/envs/lab/bin/minced
[08:46:02] Determined minced version is 004002 from 'minced 0.4.2'
[08:46:02] Looking for 'parallel' - found /opt/conda/envs/lab/bin/parallel
[08:46:02] Determined parallel version is 20230322 from 'GNU parallel 20230322'
[08:46:02] Looking for 'prodigal' - found /opt/conda/envs/lab/bin/prodigal
[08:46:02] Determined prodigal version is 002006 from 'Prodigal V2.6.3: February, 2016'
[08:46:02] Looking for 'prokka-genbank_to_fasta_db' - found /opt/conda/envs/lab/bin/prokka-genbank_to_fasta_db
[08:46:02] Looking for 'sed' - found /bin/sed
[08:46:02] Looking for 'tbl2asn' - found /opt/conda/envs/lab/bin/tbl2asn
[08:46:02] Determined tbl2asn version is 025007 from 'tbl2asn 25.7   arguments:'
[08:46:02] Using genetic code table 11.
[08:46:02] Loading and checking input file: /lab/output/Koomba-kaat_1/Koomba-kaat_1_reordered.fasta
[08:46:02] Wrote 1 contigs totalling 135469 bp.
[08:46:02] Predicting tRNAs and tmRNAs
[08:46:02] Running: aragorn -l -gc11  -w \/lab\/output\/Koomba\-kaat_1\/Koomba\-kaat_1_reordered\/Koomba\-kaat_1\.fna
[08:46:02] Found 0 tRNAs
[08:46:02] Disabling rRNA search: --kingdom=Viruses or --norrna=0
[08:46:02] Skipping ncRNA search, enable with --rfam if desired.
[08:46:02] Total of 0 tRNA + rRNA features
[08:46:02] Searching for CRISPR repeats
[08:46:02] Found 0 CRISPRs
[08:46:02] Predicting coding sequences
[08:46:02] Contigs total 135469 bp, so using single mode
[08:46:02] Running: prodigal -i \/lab\/output\/Koomba\-kaat_1\/Koomba\-kaat_1_reordered\/Koomba\-kaat_1\.fna -c -m -g 11 -p single -f sco -q
[08:46:02] Found 187 CDS
[08:46:02] Connecting features back to sequences
[08:46:02] Not using genus-specific database. Try --usegenus to enable it.
[08:46:02] Preparing user-supplied primary HMMER annotation source: /opt/conda/envs/lab/db/hmm/all_phrogs.hmm
[08:46:02] Using /inference source as 'all_phrogs'
[08:46:02] Annotating CDS, please be patient.
[08:46:02] Will use 8 CPUs for similarity searching.
[08:46:02] There are still 187 unannotated CDS left (started with 187)
[08:46:02] Will use hmmer3 to search against /opt/conda/envs/lab/db/hmm/all_phrogs.hmm with 8 CPUs
[08:46:02] Running: cat \/lab\/output\/Koomba\-kaat_1\/Koomba\-kaat_1_reordered\/Koomba\-kaat_1\.all_phrogs\.hmm\.tmp\.5959\.faa | parallel --gnu --plain -j 8 --block 2550 --recstart '>' --pipe hmmscan --noali --notextw --acc -E 1e-09 --cpu 1 /opt/conda/envs/lab/db/hmm/all_phrogs.hmm /dev/stdin > \/lab\/output\/Koomba\-kaat_1\/Koomba\-kaat_1_reordered\/Koomba\-kaat_1\.all_phrogs\.hmm\.tmp\.5959\.hmmer3 2> /dev/null
[08:46:21] Modify product: ribosome associated inhibitor A; zinc finger domain => ribosome associated inhibitor A; zinc finger domain protein
[08:46:21] Cleaned 1 /product names
[08:46:21] Deleting unwanted file: /lab/output/Koomba-kaat_1/Koomba-kaat_1_reordered/Koomba-kaat_1.all_phrogs.hmm.tmp.5959.faa
[08:46:21] Deleting unwanted file: /lab/output/Koomba-kaat_1/Koomba-kaat_1_reordered/Koomba-kaat_1.all_phrogs.hmm.tmp.5959.hmmer3
[08:46:21] There are still 5 unannotated CDS left (started with 187)
[08:46:21] Will use blast to search against /opt/conda/envs/lab/db/kingdom/Viruses/sprot with 8 CPUs
[08:46:21] Running: cat \/lab\/output\/Koomba\-kaat_1\/Koomba\-kaat_1_reordered\/Koomba\-kaat_1\.sprot\.tmp\.5959\.faa | parallel --gnu --plain -j 8 --block 18 --recstart '>' --pipe blastp -query - -db /opt/conda/envs/lab/db/kingdom/Viruses/sprot -evalue 1e-09 -qcov_hsp_perc 80 -num_threads 1 -num_descriptions 1 -num_alignments 1 -seg no > \/lab\/output\/Koomba\-kaat_1\/Koomba\-kaat_1_reordered\/Koomba\-kaat_1\.sprot\.tmp\.5959\.blast 2> /dev/null
[08:46:21] Deleting unwanted file: /lab/output/Koomba-kaat_1/Koomba-kaat_1_reordered/Koomba-kaat_1.sprot.tmp.5959.faa
[08:46:21] Deleting unwanted file: /lab/output/Koomba-kaat_1/Koomba-kaat_1_reordered/Koomba-kaat_1.sprot.tmp.5959.blast
[08:46:21] Labelling remaining 5 proteins as 'hypothetical protein'
[08:46:21] Possible /pseudo 'terminase large subunit' at gnl|Prokka|Koomba-kaat_1_1 position 1061
[08:46:21] Possible /pseudo 'portal protein' at gnl|Prokka|Koomba-kaat_1_1 position 7549
[08:46:21] Possible /pseudo 'tail protein with lysin activity' at gnl|Prokka|Koomba-kaat_1_1 position 30510
[08:46:21] Possible /pseudo 'baseplate protein' at gnl|Prokka|Koomba-kaat_1_1 position 36053
[08:46:21] Possible /pseudo 'virion structural protein' at gnl|Prokka|Koomba-kaat_1_1 position 39916
[08:46:21] Possible /pseudo 'tail fiber protein' at gnl|Prokka|Koomba-kaat_1_1 position 46418
[08:46:21] Possible /pseudo 'DNA helicase' at gnl|Prokka|Koomba-kaat_1_1 position 48553
[08:46:21] Possible /pseudo 'DNA methyltransferase' at gnl|Prokka|Koomba-kaat_1_1 position 53720
[08:46:21] Possible /pseudo 'major tail protein' at gnl|Prokka|Koomba-kaat_1_1 position 78862
[08:46:21] Possible /pseudo 'endolysin' at gnl|Prokka|Koomba-kaat_1_1 position 130494
[08:46:21] Found 0 unique /gene codes.
[08:46:21] Fixed 0 colliding /gene names.
[08:46:21] Adding /locus_tag identifiers
[08:46:21] Assigned 187 locus_tags to CDS and RNA features.
[08:46:21] Writing outputs to /lab/output/Koomba-kaat_1/Koomba-kaat_1_reordered/
[08:46:21] Generating annotation statistics file
[08:46:21] Generating Genbank and Sequin files
[08:46:21] Running: tbl2asn -V b -a r10k -l paired-ends -M n -N 1 -y 'Annotated using prokka 1.14.6 from https://github.com/tseemann/prokka' -Z \/lab\/output\/Koomba\-kaat_1\/Koomba\-kaat_1_reordered\/Koomba\-kaat_1\.err -i \/lab\/output\/Koomba\-kaat_1\/Koomba\-kaat_1_reordered\/Koomba\-kaat_1\.fsa 2> /dev/null
[08:46:21] Deleting unwanted file: /lab/output/Koomba-kaat_1/Koomba-kaat_1_reordered/errorsummary.val
[08:46:21] Deleting unwanted file: /lab/output/Koomba-kaat_1/Koomba-kaat_1_reordered/Koomba-kaat_1.dr
[08:46:21] Deleting unwanted file: /lab/output/Koomba-kaat_1/Koomba-kaat_1_reordered/Koomba-kaat_1.fixedproducts
[08:46:21] Deleting unwanted file: /lab/output/Koomba-kaat_1/Koomba-kaat_1_reordered/Koomba-kaat_1.ecn
[08:46:21] Deleting unwanted file: /lab/output/Koomba-kaat_1/Koomba-kaat_1_reordered/Koomba-kaat_1.val
[08:46:21] Repairing broken .GBK output that tbl2asn produces...
[08:46:21] Running: sed 's/COORDINATES: profile/COORDINATES:profile/' < \/lab\/output\/Koomba\-kaat_1\/Koomba\-kaat_1_reordered\/Koomba\-kaat_1\.gbf > \/lab\/output\/Koomba\-kaat_1\/Koomba\-kaat_1_reordered\/Koomba\-kaat_1\.gbk
[08:46:21] Deleting unwanted file: /lab/output/Koomba-kaat_1/Koomba-kaat_1_reordered/Koomba-kaat_1.gbf
[08:46:21] Output files:
[08:46:21] /lab/output/Koomba-kaat_1/Koomba-kaat_1_reordered/Koomba-kaat_1.gff
[08:46:21] /lab/output/Koomba-kaat_1/Koomba-kaat_1_reordered/Koomba-kaat_1.err
[08:46:21] /lab/output/Koomba-kaat_1/Koomba-kaat_1_reordered/Koomba-kaat_1.tbl
[08:46:21] /lab/output/Koomba-kaat_1/Koomba-kaat_1_reordered/Koomba-kaat_1.log
[08:46:21] /lab/output/Koomba-kaat_1/Koomba-kaat_1_reordered/Koomba-kaat_1.fsa
[08:46:21] /lab/output/Koomba-kaat_1/Koomba-kaat_1_reordered/Koomba-kaat_1.ffn
[08:46:21] /lab/output/Koomba-kaat_1/Koomba-kaat_1_reordered/Koomba-kaat_1.sqn
[08:46:21] /lab/output/Koomba-kaat_1/Koomba-kaat_1_reordered/Koomba-kaat_1.txt
[08:46:21] /lab/output/Koomba-kaat_1/Koomba-kaat_1_reordered/Koomba-kaat_1.tsv
[08:46:21] /lab/output/Koomba-kaat_1/Koomba-kaat_1_reordered/Koomba-kaat_1.gbk
[08:46:21] /lab/output/Koomba-kaat_1/Koomba-kaat_1_reordered/Koomba-kaat_1.fna
[08:46:21] /lab/output/Koomba-kaat_1/Koomba-kaat_1_reordered/Koomba-kaat_1.faa
[08:46:21] Annotation finished successfully.
[08:46:21] Walltime used: 0.33 minutes
[08:46:21] If you use this result please cite the Prokka paper:
[08:46:21] Seemann T (2014) Prokka: rapid prokaryotic genome annotation. Bioinformatics. 30(14):2068-9.
[08:46:21] Type 'prokka --citation' for more details.
[08:46:21] Thank you, come again.
