Discrepancy Report Results

Summary
FATAL: BAD_LOCUS_TAG_FORMAT:188 locus tags are incorrectly formatted.
DISC_SOURCE_QUALS_ASNDISC:strain (all present, all unique)
DISC_SOURCE_QUALS_ASNDISC:taxname (all present, all unique)
DISC_FEATURE_COUNT:gene: 188 present
DISC_FEATURE_COUNT:CDS: 188 present
DISC_COUNT_NUCLEOTIDES:1 nucleotide Bioseqs are present
OVERLAPPING_GENES:72 genes overlap another gene on the same strand.
SUSPECT_PRODUCT_NAMES:2 product_names contain suspect phrase or characters
	FATAL: Possible parsing error or incorrect formatting; remove inappropriate symbols
		1 features contains '?'
	Use short product name instead of descriptive phrase
		1 features contains ';'
FATAL: EC_NUMBER_ON_UNKNOWN_PROTEIN:102 protein features have an EC number and a protein name of 'unknown protein' or 'hypothetical protein'
DISC_QUALITY_SCORES:Quality scores are missing on all sequences.
ONCALLER_COMMENT_PRESENT:1 comment descriptors were found (all same)
SHORT_PROT_SEQUENCES:7 protein sequences are shorter than 50 aa.
MISSING_GENOMEASSEMBLY_COMMENTS:1 bioseqs are missing GenomeAssembly structured comments
MOLTYPE_NOT_MRNA:1 molecule types are not set as mRNA.
TECHNIQUE_NOT_TSA:1 technique are not set as TSA
MISSING_STRUCTURED_COMMENT:1 sequences do not include structured comments.
MISSING_PROJECT:189 sequences do not include project.
DISC_INCONSISTENT_MOLINFO_TECH:Molinfo Technique Report (some missing, all same)


Detailed Report

FATAL: DiscRep_ALL:BAD_LOCUS_TAG_FORMAT::188 locus tags are incorrectly formatted.
/lab/output/Koomba-kaat_1/Koomba-kaat_1_reversed/Koomba-kaat_1:Gene	Koomba-kaat_1_00001	Koomba-kaat_1_1:274-633	Koomba-kaat_1_00001
/lab/output/Koomba-kaat_1/Koomba-kaat_1_reversed/Koomba-kaat_1:Gene	Koomba-kaat_1_00002	Koomba-kaat_1_1:639-1004	Koomba-kaat_1_00002
/lab/output/Koomba-kaat_1/Koomba-kaat_1_reversed/Koomba-kaat_1:Gene	Koomba-kaat_1_00003	Koomba-kaat_1_1:1009-2694	Koomba-kaat_1_00003
/lab/output/Koomba-kaat_1/Koomba-kaat_1_reversed/Koomba-kaat_1:Gene	Koomba-kaat_1_00004	Koomba-kaat_1_1:2862-3635	Koomba-kaat_1_00004
/lab/output/Koomba-kaat_1/Koomba-kaat_1_reversed/Koomba-kaat_1:Gene	Koomba-kaat_1_00005	Koomba-kaat_1_1:3649-4599	Koomba-kaat_1_00005
/lab/output/Koomba-kaat_1/Koomba-kaat_1_reversed/Koomba-kaat_1:Gene	Koomba-kaat_1_00006	Koomba-kaat_1_1:4682-6073	Koomba-kaat_1_00006
/lab/output/Koomba-kaat_1/Koomba-kaat_1_reversed/Koomba-kaat_1:Gene	Koomba-kaat_1_00007	Koomba-kaat_1_1:6177-6410	Koomba-kaat_1_00007
/lab/output/Koomba-kaat_1/Koomba-kaat_1_reversed/Koomba-kaat_1:Gene	Koomba-kaat_1_00008	Koomba-kaat_1_1:6420-7328	Koomba-kaat_1_00008
/lab/output/Koomba-kaat_1/Koomba-kaat_1_reversed/Koomba-kaat_1:Gene	Koomba-kaat_1_00009	Koomba-kaat_1_1:7346-8221	Koomba-kaat_1_00009
/lab/output/Koomba-kaat_1/Koomba-kaat_1_reversed/Koomba-kaat_1:Gene	Koomba-kaat_1_00010	Koomba-kaat_1_1:8221-8841	Koomba-kaat_1_00010
/lab/output/Koomba-kaat_1/Koomba-kaat_1_reversed/Koomba-kaat_1:Gene	Koomba-kaat_1_00011	Koomba-kaat_1_1:8860-9696	Koomba-kaat_1_00011
/lab/output/Koomba-kaat_1/Koomba-kaat_1_reversed/Koomba-kaat_1:Gene	Koomba-kaat_1_00012	Koomba-kaat_1_1:9696-9902	Koomba-kaat_1_00012
/lab/output/Koomba-kaat_1/Koomba-kaat_1_reversed/Koomba-kaat_1:Gene	Koomba-kaat_1_00013	Koomba-kaat_1_1:9925-11685	Koomba-kaat_1_00013
/lab/output/Koomba-kaat_1/Koomba-kaat_1_reversed/Koomba-kaat_1:Gene	Koomba-kaat_1_00014	Koomba-kaat_1_1:11748-12107	Koomba-kaat_1_00014
/lab/output/Koomba-kaat_1/Koomba-kaat_1_reversed/Koomba-kaat_1:Gene	Koomba-kaat_1_00015	Koomba-kaat_1_1:13142-14128	Koomba-kaat_1_00015
/lab/output/Koomba-kaat_1/Koomba-kaat_1_reversed/Koomba-kaat_1:Gene	Koomba-kaat_1_00016	Koomba-kaat_1_1:14176-14319	Koomba-kaat_1_00016
/lab/output/Koomba-kaat_1/Koomba-kaat_1_reversed/Koomba-kaat_1:Gene	Koomba-kaat_1_00017	Koomba-kaat_1_1:14358-14807	Koomba-kaat_1_00017
/lab/output/Koomba-kaat_1/Koomba-kaat_1_reversed/Koomba-kaat_1:Gene	Koomba-kaat_1_00018	Koomba-kaat_1_1:14864-15172	Koomba-kaat_1_00018
/lab/output/Koomba-kaat_1/Koomba-kaat_1_reversed/Koomba-kaat_1:Gene	Koomba-kaat_1_00019	Koomba-kaat_1_1:15272-15688	Koomba-kaat_1_00019
/lab/output/Koomba-kaat_1/Koomba-kaat_1_reversed/Koomba-kaat_1:Gene	Koomba-kaat_1_00020	Koomba-kaat_1_1:15795-16238	Koomba-kaat_1_00020
/lab/output/Koomba-kaat_1/Koomba-kaat_1_reversed/Koomba-kaat_1:Gene	Koomba-kaat_1_00021	Koomba-kaat_1_1:16292-19285	Koomba-kaat_1_00021
/lab/output/Koomba-kaat_1/Koomba-kaat_1_reversed/Koomba-kaat_1:Gene	Koomba-kaat_1_00022	Koomba-kaat_1_1:19728-20597	Koomba-kaat_1_00022
/lab/output/Koomba-kaat_1/Koomba-kaat_1_reversed/Koomba-kaat_1:Gene	Koomba-kaat_1_00023	Koomba-kaat_1_1:20656-21480	Koomba-kaat_1_00023
/lab/output/Koomba-kaat_1/Koomba-kaat_1_reversed/Koomba-kaat_1:Gene	Koomba-kaat_1_00024	Koomba-kaat_1_1:21532-23964	Koomba-kaat_1_00024
/lab/output/Koomba-kaat_1/Koomba-kaat_1_reversed/Koomba-kaat_1:Gene	Koomba-kaat_1_00025	Koomba-kaat_1_1:23970-24860	Koomba-kaat_1_00025
/lab/output/Koomba-kaat_1/Koomba-kaat_1_reversed/Koomba-kaat_1:Gene	Koomba-kaat_1_00026	Koomba-kaat_1_1:24854-27310	Koomba-kaat_1_00026
/lab/output/Koomba-kaat_1/Koomba-kaat_1_reversed/Koomba-kaat_1:Gene	Koomba-kaat_1_00027	Koomba-kaat_1_1:27422-28273	Koomba-kaat_1_00027
/lab/output/Koomba-kaat_1/Koomba-kaat_1_reversed/Koomba-kaat_1:Gene	Koomba-kaat_1_00028	Koomba-kaat_1_1:28273-28794	Koomba-kaat_1_00028
/lab/output/Koomba-kaat_1/Koomba-kaat_1_reversed/Koomba-kaat_1:Gene	Koomba-kaat_1_00029	Koomba-kaat_1_1:28794-29498	Koomba-kaat_1_00029
/lab/output/Koomba-kaat_1/Koomba-kaat_1_reversed/Koomba-kaat_1:Gene	Koomba-kaat_1_00030	Koomba-kaat_1_1:29513-30559	Koomba-kaat_1_00030
/lab/output/Koomba-kaat_1/Koomba-kaat_1_reversed/Koomba-kaat_1:Gene	Koomba-kaat_1_00031	Koomba-kaat_1_1:30570-33272	Koomba-kaat_1_00031
/lab/output/Koomba-kaat_1/Koomba-kaat_1_reversed/Koomba-kaat_1:Gene	Koomba-kaat_1_00032	Koomba-kaat_1_1:33376-33897	Koomba-kaat_1_00032
/lab/output/Koomba-kaat_1/Koomba-kaat_1_reversed/Koomba-kaat_1:Gene	Koomba-kaat_1_00033	Koomba-kaat_1_1:33917-37375	Koomba-kaat_1_00033
/lab/output/Koomba-kaat_1/Koomba-kaat_1_reversed/Koomba-kaat_1:Gene	Koomba-kaat_1_00034	Koomba-kaat_1_1:37427-37597	Koomba-kaat_1_00034
/lab/output/Koomba-kaat_1/Koomba-kaat_1_reversed/Koomba-kaat_1:Gene	Koomba-kaat_1_00035	Koomba-kaat_1_1:37587-39500	Koomba-kaat_1_00035
/lab/output/Koomba-kaat_1/Koomba-kaat_1_reversed/Koomba-kaat_1:Gene	Koomba-kaat_1_00036	Koomba-kaat_1_1:39516-39872	Koomba-kaat_1_00036
/lab/output/Koomba-kaat_1/Koomba-kaat_1_reversed/Koomba-kaat_1:Gene	Koomba-kaat_1_00037	Koomba-kaat_1_1:39878-41242	Koomba-kaat_1_00037
/lab/output/Koomba-kaat_1/Koomba-kaat_1_reversed/Koomba-kaat_1:Gene	Koomba-kaat_1_00038	Koomba-kaat_1_1:41328-41783	Koomba-kaat_1_00038
/lab/output/Koomba-kaat_1/Koomba-kaat_1_reversed/Koomba-kaat_1:Gene	Koomba-kaat_1_00039	Koomba-kaat_1_1:42013-43326	Koomba-kaat_1_00039
/lab/output/Koomba-kaat_1/Koomba-kaat_1_reversed/Koomba-kaat_1:Gene	Koomba-kaat_1_00040	Koomba-kaat_1_1:43336-44922	Koomba-kaat_1_00040
/lab/output/Koomba-kaat_1/Koomba-kaat_1_reversed/Koomba-kaat_1:Gene	Koomba-kaat_1_00041	Koomba-kaat_1_1:44915-46354	Koomba-kaat_1_00041
/lab/output/Koomba-kaat_1/Koomba-kaat_1_reversed/Koomba-kaat_1:Gene	Koomba-kaat_1_00042	Koomba-kaat_1_1:46354-46611	Koomba-kaat_1_00042
/lab/output/Koomba-kaat_1/Koomba-kaat_1_reversed/Koomba-kaat_1:Gene	Koomba-kaat_1_00043	Koomba-kaat_1_1:46681-46926	Koomba-kaat_1_00043
/lab/output/Koomba-kaat_1/Koomba-kaat_1_reversed/Koomba-kaat_1:Gene	Koomba-kaat_1_00044	Koomba-kaat_1_1:46936-47046	Koomba-kaat_1_00044
/lab/output/Koomba-kaat_1/Koomba-kaat_1_reversed/Koomba-kaat_1:Gene	Koomba-kaat_1_00045	Koomba-kaat_1_1:47180-47656	Koomba-kaat_1_00045
/lab/output/Koomba-kaat_1/Koomba-kaat_1_reversed/Koomba-kaat_1:Gene	Koomba-kaat_1_00046	Koomba-kaat_1_1:47625-47873	Koomba-kaat_1_00046
/lab/output/Koomba-kaat_1/Koomba-kaat_1_reversed/Koomba-kaat_1:Gene	Koomba-kaat_1_00047	Koomba-kaat_1_1:47873-48562	Koomba-kaat_1_00047
/lab/output/Koomba-kaat_1/Koomba-kaat_1_reversed/Koomba-kaat_1:Gene	Koomba-kaat_1_00048	Koomba-kaat_1_1:48632-49663	Koomba-kaat_1_00048
/lab/output/Koomba-kaat_1/Koomba-kaat_1_reversed/Koomba-kaat_1:Gene	Koomba-kaat_1_00049	Koomba-kaat_1_1:49665-49931	Koomba-kaat_1_00049
/lab/output/Koomba-kaat_1/Koomba-kaat_1_reversed/Koomba-kaat_1:Gene	Koomba-kaat_1_00050	Koomba-kaat_1_1:49924-51858	Koomba-kaat_1_00050
/lab/output/Koomba-kaat_1/Koomba-kaat_1_reversed/Koomba-kaat_1:Gene	Koomba-kaat_1_00051	Koomba-kaat_1_1:51842-52435	Koomba-kaat_1_00051
/lab/output/Koomba-kaat_1/Koomba-kaat_1_reversed/Koomba-kaat_1:Gene	Koomba-kaat_1_00052	Koomba-kaat_1_1:52449-53525	Koomba-kaat_1_00052
/lab/output/Koomba-kaat_1/Koomba-kaat_1_reversed/Koomba-kaat_1:Gene	Koomba-kaat_1_00053	Koomba-kaat_1_1:53603-53911	Koomba-kaat_1_00053
/lab/output/Koomba-kaat_1/Koomba-kaat_1_reversed/Koomba-kaat_1:Gene	Koomba-kaat_1_00054	Koomba-kaat_1_1:53911-54372	Koomba-kaat_1_00054
/lab/output/Koomba-kaat_1/Koomba-kaat_1_reversed/Koomba-kaat_1:Gene	Koomba-kaat_1_00055	Koomba-kaat_1_1:54362-54970	Koomba-kaat_1_00055
/lab/output/Koomba-kaat_1/Koomba-kaat_1_reversed/Koomba-kaat_1:Gene	Koomba-kaat_1_00056	Koomba-kaat_1_1:54985-56322	Koomba-kaat_1_00056
/lab/output/Koomba-kaat_1/Koomba-kaat_1_reversed/Koomba-kaat_1:Gene	Koomba-kaat_1_00057	Koomba-kaat_1_1:56338-58989	Koomba-kaat_1_00057
/lab/output/Koomba-kaat_1/Koomba-kaat_1_reversed/Koomba-kaat_1:Gene	Koomba-kaat_1_00058	Koomba-kaat_1_1:59002-59328	Koomba-kaat_1_00058
/lab/output/Koomba-kaat_1/Koomba-kaat_1_reversed/Koomba-kaat_1:Gene	Koomba-kaat_1_00059	Koomba-kaat_1_1:59312-59632	Koomba-kaat_1_00059
/lab/output/Koomba-kaat_1/Koomba-kaat_1_reversed/Koomba-kaat_1:Gene	Koomba-kaat_1_00060	Koomba-kaat_1_1:59840-60442	Koomba-kaat_1_00060
/lab/output/Koomba-kaat_1/Koomba-kaat_1_reversed/Koomba-kaat_1:Gene	Koomba-kaat_1_00061	Koomba-kaat_1_1:60451-60753	Koomba-kaat_1_00061
/lab/output/Koomba-kaat_1/Koomba-kaat_1_reversed/Koomba-kaat_1:Gene	Koomba-kaat_1_00062	Koomba-kaat_1_1:60830-64579	Koomba-kaat_1_00062
/lab/output/Koomba-kaat_1/Koomba-kaat_1_reversed/Koomba-kaat_1:Gene	Koomba-kaat_1_00063	Koomba-kaat_1_1:64822-65466	Koomba-kaat_1_00063
/lab/output/Koomba-kaat_1/Koomba-kaat_1_reversed/Koomba-kaat_1:Gene	Koomba-kaat_1_00064	Koomba-kaat_1_1:65690-66346	Koomba-kaat_1_00064
/lab/output/Koomba-kaat_1/Koomba-kaat_1_reversed/Koomba-kaat_1:Gene	Koomba-kaat_1_00065	Koomba-kaat_1_1:66371-66853	Koomba-kaat_1_00065
/lab/output/Koomba-kaat_1/Koomba-kaat_1_reversed/Koomba-kaat_1:Gene	Koomba-kaat_1_00066	Koomba-kaat_1_1:66869-67237	Koomba-kaat_1_00066
/lab/output/Koomba-kaat_1/Koomba-kaat_1_reversed/Koomba-kaat_1:Gene	Koomba-kaat_1_00067	Koomba-kaat_1_1:67319-68488	Koomba-kaat_1_00067
/lab/output/Koomba-kaat_1/Koomba-kaat_1_reversed/Koomba-kaat_1:Gene	Koomba-kaat_1_00068	Koomba-kaat_1_1:68551-68784	Koomba-kaat_1_00068
/lab/output/Koomba-kaat_1/Koomba-kaat_1_reversed/Koomba-kaat_1:Gene	Koomba-kaat_1_00069	Koomba-kaat_1_1:69018-70043	Koomba-kaat_1_00069
/lab/output/Koomba-kaat_1/Koomba-kaat_1_reversed/Koomba-kaat_1:Gene	Koomba-kaat_1_00070	Koomba-kaat_1_1:70036-70389	Koomba-kaat_1_00070
/lab/output/Koomba-kaat_1/Koomba-kaat_1_reversed/Koomba-kaat_1:Gene	Koomba-kaat_1_00071	Koomba-kaat_1_1:70376-71035	Koomba-kaat_1_00071
/lab/output/Koomba-kaat_1/Koomba-kaat_1_reversed/Koomba-kaat_1:Gene	Koomba-kaat_1_00072	Koomba-kaat_1_1:71022-71771	Koomba-kaat_1_00072
/lab/output/Koomba-kaat_1/Koomba-kaat_1_reversed/Koomba-kaat_1:Gene	Koomba-kaat_1_00073	Koomba-kaat_1_1:71793-72305	Koomba-kaat_1_00073
/lab/output/Koomba-kaat_1/Koomba-kaat_1_reversed/Koomba-kaat_1:Gene	Koomba-kaat_1_00074	Koomba-kaat_1_1:72322-72534	Koomba-kaat_1_00074
/lab/output/Koomba-kaat_1/Koomba-kaat_1_reversed/Koomba-kaat_1:Gene	Koomba-kaat_1_00075	Koomba-kaat_1_1:72631-72885	Koomba-kaat_1_00075
/lab/output/Koomba-kaat_1/Koomba-kaat_1_reversed/Koomba-kaat_1:Gene	Koomba-kaat_1_00076	Koomba-kaat_1_1:72885-73655	Koomba-kaat_1_00076
/lab/output/Koomba-kaat_1/Koomba-kaat_1_reversed/Koomba-kaat_1:Gene	Koomba-kaat_1_00077	Koomba-kaat_1_1:73648-74901	Koomba-kaat_1_00077
/lab/output/Koomba-kaat_1/Koomba-kaat_1_reversed/Koomba-kaat_1:Gene	Koomba-kaat_1_00078	Koomba-kaat_1_1:74913-75242	Koomba-kaat_1_00078
/lab/output/Koomba-kaat_1/Koomba-kaat_1_reversed/Koomba-kaat_1:Gene	Koomba-kaat_1_00079	Koomba-kaat_1_1:75315-75848	Koomba-kaat_1_00079
/lab/output/Koomba-kaat_1/Koomba-kaat_1_reversed/Koomba-kaat_1:Gene	Koomba-kaat_1_00080	Koomba-kaat_1_1:75841-76602	Koomba-kaat_1_00080
/lab/output/Koomba-kaat_1/Koomba-kaat_1_reversed/Koomba-kaat_1:Gene	Koomba-kaat_1_00081	Koomba-kaat_1_1:76583-77089	Koomba-kaat_1_00081
/lab/output/Koomba-kaat_1/Koomba-kaat_1_reversed/Koomba-kaat_1:Gene	Koomba-kaat_1_00082	Koomba-kaat_1_1:77089-77943	Koomba-kaat_1_00082
/lab/output/Koomba-kaat_1/Koomba-kaat_1_reversed/Koomba-kaat_1:Gene	Koomba-kaat_1_00083	Koomba-kaat_1_1:78316-79047	Koomba-kaat_1_00083
/lab/output/Koomba-kaat_1/Koomba-kaat_1_reversed/Koomba-kaat_1:Gene	Koomba-kaat_1_00084	Koomba-kaat_1_1:79065-79523	Koomba-kaat_1_00084
/lab/output/Koomba-kaat_1/Koomba-kaat_1_reversed/Koomba-kaat_1:Gene	Koomba-kaat_1_00085	Koomba-kaat_1_1:79588-80025	Koomba-kaat_1_00085
/lab/output/Koomba-kaat_1/Koomba-kaat_1_reversed/Koomba-kaat_1:Gene	Koomba-kaat_1_00086	Koomba-kaat_1_1:80036-80671	Koomba-kaat_1_00086
/lab/output/Koomba-kaat_1/Koomba-kaat_1_reversed/Koomba-kaat_1:Gene	Koomba-kaat_1_00087	Koomba-kaat_1_1:80707-81105	Koomba-kaat_1_00087
/lab/output/Koomba-kaat_1/Koomba-kaat_1_reversed/Koomba-kaat_1:Gene	Koomba-kaat_1_00088	Koomba-kaat_1_1:81239-81499	Koomba-kaat_1_00088
/lab/output/Koomba-kaat_1/Koomba-kaat_1_reversed/Koomba-kaat_1:Gene	Koomba-kaat_1_00089	Koomba-kaat_1_1:81509-81772	Koomba-kaat_1_00089
/lab/output/Koomba-kaat_1/Koomba-kaat_1_reversed/Koomba-kaat_1:Gene	Koomba-kaat_1_00090	Koomba-kaat_1_1:81773-82057	Koomba-kaat_1_00090
/lab/output/Koomba-kaat_1/Koomba-kaat_1_reversed/Koomba-kaat_1:Gene	Koomba-kaat_1_00091	Koomba-kaat_1_1:82070-82363	Koomba-kaat_1_00091
/lab/output/Koomba-kaat_1/Koomba-kaat_1_reversed/Koomba-kaat_1:Gene	Koomba-kaat_1_00092	Koomba-kaat_1_1:82427-82741	Koomba-kaat_1_00092
/lab/output/Koomba-kaat_1/Koomba-kaat_1_reversed/Koomba-kaat_1:Gene	Koomba-kaat_1_00093	Koomba-kaat_1_1:82744-82989	Koomba-kaat_1_00093
/lab/output/Koomba-kaat_1/Koomba-kaat_1_reversed/Koomba-kaat_1:Gene	Koomba-kaat_1_00094	Koomba-kaat_1_1:83124-83618	Koomba-kaat_1_00094
/lab/output/Koomba-kaat_1/Koomba-kaat_1_reversed/Koomba-kaat_1:Gene	Koomba-kaat_1_00095	Koomba-kaat_1_1:83641-84297	Koomba-kaat_1_00095
/lab/output/Koomba-kaat_1/Koomba-kaat_1_reversed/Koomba-kaat_1:Gene	Koomba-kaat_1_00096	Koomba-kaat_1_1:84316-84867	Koomba-kaat_1_00096
/lab/output/Koomba-kaat_1/Koomba-kaat_1_reversed/Koomba-kaat_1:Gene	Koomba-kaat_1_00097	Koomba-kaat_1_1:84873-85079	Koomba-kaat_1_00097
/lab/output/Koomba-kaat_1/Koomba-kaat_1_reversed/Koomba-kaat_1:Gene	Koomba-kaat_1_00098	Koomba-kaat_1_1:85079-85798	Koomba-kaat_1_00098
/lab/output/Koomba-kaat_1/Koomba-kaat_1_reversed/Koomba-kaat_1:Gene	Koomba-kaat_1_00099	Koomba-kaat_1_1:85785-86042	Koomba-kaat_1_00099
/lab/output/Koomba-kaat_1/Koomba-kaat_1_reversed/Koomba-kaat_1:Gene	Koomba-kaat_1_00100	Koomba-kaat_1_1:86036-86437	Koomba-kaat_1_00100
/lab/output/Koomba-kaat_1/Koomba-kaat_1_reversed/Koomba-kaat_1:Gene	Koomba-kaat_1_00101	Koomba-kaat_1_1:86454-87185	Koomba-kaat_1_00101
/lab/output/Koomba-kaat_1/Koomba-kaat_1_reversed/Koomba-kaat_1:Gene	Koomba-kaat_1_00102	Koomba-kaat_1_1:87291-87605	Koomba-kaat_1_00102
/lab/output/Koomba-kaat_1/Koomba-kaat_1_reversed/Koomba-kaat_1:Gene	Koomba-kaat_1_00103	Koomba-kaat_1_1:87627-87923	Koomba-kaat_1_00103
/lab/output/Koomba-kaat_1/Koomba-kaat_1_reversed/Koomba-kaat_1:Gene	Koomba-kaat_1_00104	Koomba-kaat_1_1:88115-88660	Koomba-kaat_1_00104
/lab/output/Koomba-kaat_1/Koomba-kaat_1_reversed/Koomba-kaat_1:Gene	Koomba-kaat_1_00105	Koomba-kaat_1_1:89456-90079	Koomba-kaat_1_00105
/lab/output/Koomba-kaat_1/Koomba-kaat_1_reversed/Koomba-kaat_1:Gene	Koomba-kaat_1_00106	Koomba-kaat_1_1:90156-90557	Koomba-kaat_1_00106
/lab/output/Koomba-kaat_1/Koomba-kaat_1_reversed/Koomba-kaat_1:Gene	Koomba-kaat_1_00107	Koomba-kaat_1_1:90683-90904	Koomba-kaat_1_00107
/lab/output/Koomba-kaat_1/Koomba-kaat_1_reversed/Koomba-kaat_1:Gene	Koomba-kaat_1_00108	Koomba-kaat_1_1:90941-91147	Koomba-kaat_1_00108
/lab/output/Koomba-kaat_1/Koomba-kaat_1_reversed/Koomba-kaat_1:Gene	Koomba-kaat_1_00109	Koomba-kaat_1_1:91150-91335	Koomba-kaat_1_00109
/lab/output/Koomba-kaat_1/Koomba-kaat_1_reversed/Koomba-kaat_1:Gene	Koomba-kaat_1_00110	Koomba-kaat_1_1:91401-91640	Koomba-kaat_1_00110
/lab/output/Koomba-kaat_1/Koomba-kaat_1_reversed/Koomba-kaat_1:Gene	Koomba-kaat_1_00111	Koomba-kaat_1_1:91641-91841	Koomba-kaat_1_00111
/lab/output/Koomba-kaat_1/Koomba-kaat_1_reversed/Koomba-kaat_1:Gene	Koomba-kaat_1_00112	Koomba-kaat_1_1:92004-92342	Koomba-kaat_1_00112
/lab/output/Koomba-kaat_1/Koomba-kaat_1_reversed/Koomba-kaat_1:Gene	Koomba-kaat_1_00113	Koomba-kaat_1_1:92477-92815	Koomba-kaat_1_00113
/lab/output/Koomba-kaat_1/Koomba-kaat_1_reversed/Koomba-kaat_1:Gene	Koomba-kaat_1_00114	Koomba-kaat_1_1:92815-93123	Koomba-kaat_1_00114
/lab/output/Koomba-kaat_1/Koomba-kaat_1_reversed/Koomba-kaat_1:Gene	Koomba-kaat_1_00115	Koomba-kaat_1_1:93271-93672	Koomba-kaat_1_00115
/lab/output/Koomba-kaat_1/Koomba-kaat_1_reversed/Koomba-kaat_1:Gene	Koomba-kaat_1_00116	Koomba-kaat_1_1:93698-94057	Koomba-kaat_1_00116
/lab/output/Koomba-kaat_1/Koomba-kaat_1_reversed/Koomba-kaat_1:Gene	Koomba-kaat_1_00117	Koomba-kaat_1_1:94077-94823	Koomba-kaat_1_00117
/lab/output/Koomba-kaat_1/Koomba-kaat_1_reversed/Koomba-kaat_1:Gene	Koomba-kaat_1_00118	Koomba-kaat_1_1:94869-95078	Koomba-kaat_1_00118
/lab/output/Koomba-kaat_1/Koomba-kaat_1_reversed/Koomba-kaat_1:Gene	Koomba-kaat_1_00119	Koomba-kaat_1_1:95081-95389	Koomba-kaat_1_00119
/lab/output/Koomba-kaat_1/Koomba-kaat_1_reversed/Koomba-kaat_1:Gene	Koomba-kaat_1_00120	Koomba-kaat_1_1:95499-96122	Koomba-kaat_1_00120
/lab/output/Koomba-kaat_1/Koomba-kaat_1_reversed/Koomba-kaat_1:Gene	Koomba-kaat_1_00121	Koomba-kaat_1_1:96249-96530	Koomba-kaat_1_00121
/lab/output/Koomba-kaat_1/Koomba-kaat_1_reversed/Koomba-kaat_1:Gene	Koomba-kaat_1_00122	Koomba-kaat_1_1:97358-97765	Koomba-kaat_1_00122
/lab/output/Koomba-kaat_1/Koomba-kaat_1_reversed/Koomba-kaat_1:Gene	Koomba-kaat_1_00123	Koomba-kaat_1_1:98515-98829	Koomba-kaat_1_00123
/lab/output/Koomba-kaat_1/Koomba-kaat_1_reversed/Koomba-kaat_1:Gene	Koomba-kaat_1_00124	Koomba-kaat_1_1:98902-99057	Koomba-kaat_1_00124
/lab/output/Koomba-kaat_1/Koomba-kaat_1_reversed/Koomba-kaat_1:Gene	Koomba-kaat_1_00125	Koomba-kaat_1_1:99059-99292	Koomba-kaat_1_00125
/lab/output/Koomba-kaat_1/Koomba-kaat_1_reversed/Koomba-kaat_1:Gene	Koomba-kaat_1_00126	Koomba-kaat_1_1:99374-99520	Koomba-kaat_1_00126
/lab/output/Koomba-kaat_1/Koomba-kaat_1_reversed/Koomba-kaat_1:Gene	Koomba-kaat_1_00127	Koomba-kaat_1_1:99575-99721	Koomba-kaat_1_00127
/lab/output/Koomba-kaat_1/Koomba-kaat_1_reversed/Koomba-kaat_1:Gene	Koomba-kaat_1_00128	Koomba-kaat_1_1:99973-100314	Koomba-kaat_1_00128
/lab/output/Koomba-kaat_1/Koomba-kaat_1_reversed/Koomba-kaat_1:Gene	Koomba-kaat_1_00129	Koomba-kaat_1_1:100328-100552	Koomba-kaat_1_00129
/lab/output/Koomba-kaat_1/Koomba-kaat_1_reversed/Koomba-kaat_1:Gene	Koomba-kaat_1_00130	Koomba-kaat_1_1:100657-101001	Koomba-kaat_1_00130
/lab/output/Koomba-kaat_1/Koomba-kaat_1_reversed/Koomba-kaat_1:Gene	Koomba-kaat_1_00131	Koomba-kaat_1_1:c102202-101636	Koomba-kaat_1_00131
/lab/output/Koomba-kaat_1/Koomba-kaat_1_reversed/Koomba-kaat_1:Gene	Koomba-kaat_1_00132	Koomba-kaat_1_1:c102322-102221	Koomba-kaat_1_00132
/lab/output/Koomba-kaat_1/Koomba-kaat_1_reversed/Koomba-kaat_1:Gene	Koomba-kaat_1_00133	Koomba-kaat_1_1:c102459-102280	Koomba-kaat_1_00133
/lab/output/Koomba-kaat_1/Koomba-kaat_1_reversed/Koomba-kaat_1:Gene	Koomba-kaat_1_00134	Koomba-kaat_1_1:c102865-102467	Koomba-kaat_1_00134
/lab/output/Koomba-kaat_1/Koomba-kaat_1_reversed/Koomba-kaat_1:Gene	Koomba-kaat_1_00135	Koomba-kaat_1_1:c103448-102927	Koomba-kaat_1_00135
/lab/output/Koomba-kaat_1/Koomba-kaat_1_reversed/Koomba-kaat_1:Gene	Koomba-kaat_1_00136	Koomba-kaat_1_1:c103831-103448	Koomba-kaat_1_00136
/lab/output/Koomba-kaat_1/Koomba-kaat_1_reversed/Koomba-kaat_1:Gene	Koomba-kaat_1_00137	Koomba-kaat_1_1:c104226-103834	Koomba-kaat_1_00137
/lab/output/Koomba-kaat_1/Koomba-kaat_1_reversed/Koomba-kaat_1:Gene	Koomba-kaat_1_00138	Koomba-kaat_1_1:c104621-104229	Koomba-kaat_1_00138
/lab/output/Koomba-kaat_1/Koomba-kaat_1_reversed/Koomba-kaat_1:Gene	Koomba-kaat_1_00139	Koomba-kaat_1_1:c104809-104621	Koomba-kaat_1_00139
/lab/output/Koomba-kaat_1/Koomba-kaat_1_reversed/Koomba-kaat_1:Gene	Koomba-kaat_1_00140	Koomba-kaat_1_1:c105213-104809	Koomba-kaat_1_00140
/lab/output/Koomba-kaat_1/Koomba-kaat_1_reversed/Koomba-kaat_1:Gene	Koomba-kaat_1_00141	Koomba-kaat_1_1:c105755-105225	Koomba-kaat_1_00141
/lab/output/Koomba-kaat_1/Koomba-kaat_1_reversed/Koomba-kaat_1:Gene	Koomba-kaat_1_00142	Koomba-kaat_1_1:c106442-105882	Koomba-kaat_1_00142
/lab/output/Koomba-kaat_1/Koomba-kaat_1_reversed/Koomba-kaat_1:Gene	Koomba-kaat_1_00143	Koomba-kaat_1_1:c106851-106459	Koomba-kaat_1_00143
/lab/output/Koomba-kaat_1/Koomba-kaat_1_reversed/Koomba-kaat_1:Gene	Koomba-kaat_1_00144	Koomba-kaat_1_1:c107096-106872	Koomba-kaat_1_00144
/lab/output/Koomba-kaat_1/Koomba-kaat_1_reversed/Koomba-kaat_1:Gene	Koomba-kaat_1_00145	Koomba-kaat_1_1:c107874-107089	Koomba-kaat_1_00145
/lab/output/Koomba-kaat_1/Koomba-kaat_1_reversed/Koomba-kaat_1:Gene	Koomba-kaat_1_00146	Koomba-kaat_1_1:c108619-108257	Koomba-kaat_1_00146
/lab/output/Koomba-kaat_1/Koomba-kaat_1_reversed/Koomba-kaat_1:Gene	Koomba-kaat_1_00147	Koomba-kaat_1_1:c111856-108638	Koomba-kaat_1_00147
/lab/output/Koomba-kaat_1/Koomba-kaat_1_reversed/Koomba-kaat_1:Gene	Koomba-kaat_1_00148	Koomba-kaat_1_1:c112446-112267	Koomba-kaat_1_00148
/lab/output/Koomba-kaat_1/Koomba-kaat_1_reversed/Koomba-kaat_1:Gene	Koomba-kaat_1_00149	Koomba-kaat_1_1:c112654-112514	Koomba-kaat_1_00149
/lab/output/Koomba-kaat_1/Koomba-kaat_1_reversed/Koomba-kaat_1:Gene	Koomba-kaat_1_00150	Koomba-kaat_1_1:c112974-112651	Koomba-kaat_1_00150
/lab/output/Koomba-kaat_1/Koomba-kaat_1_reversed/Koomba-kaat_1:Gene	Koomba-kaat_1_00151	Koomba-kaat_1_1:c113377-112961	Koomba-kaat_1_00151
/lab/output/Koomba-kaat_1/Koomba-kaat_1_reversed/Koomba-kaat_1:Gene	Koomba-kaat_1_00152	Koomba-kaat_1_1:c113681-113496	Koomba-kaat_1_00152
/lab/output/Koomba-kaat_1/Koomba-kaat_1_reversed/Koomba-kaat_1:Gene	Koomba-kaat_1_00153	Koomba-kaat_1_1:c113842-113681	Koomba-kaat_1_00153
/lab/output/Koomba-kaat_1/Koomba-kaat_1_reversed/Koomba-kaat_1:Gene	Koomba-kaat_1_00154	Koomba-kaat_1_1:c115881-113842	Koomba-kaat_1_00154
/lab/output/Koomba-kaat_1/Koomba-kaat_1_reversed/Koomba-kaat_1:Gene	Koomba-kaat_1_00155	Koomba-kaat_1_1:c116223-115960	Koomba-kaat_1_00155
/lab/output/Koomba-kaat_1/Koomba-kaat_1_reversed/Koomba-kaat_1:Gene	Koomba-kaat_1_00156	Koomba-kaat_1_1:c116410-116237	Koomba-kaat_1_00156
/lab/output/Koomba-kaat_1/Koomba-kaat_1_reversed/Koomba-kaat_1:Gene	Koomba-kaat_1_00157	Koomba-kaat_1_1:c117008-116385	Koomba-kaat_1_00157
/lab/output/Koomba-kaat_1/Koomba-kaat_1_reversed/Koomba-kaat_1:Gene	Koomba-kaat_1_00158	Koomba-kaat_1_1:c117594-117001	Koomba-kaat_1_00158
/lab/output/Koomba-kaat_1/Koomba-kaat_1_reversed/Koomba-kaat_1:Gene	Koomba-kaat_1_00159	Koomba-kaat_1_1:c119896-117596	Koomba-kaat_1_00159
/lab/output/Koomba-kaat_1/Koomba-kaat_1_reversed/Koomba-kaat_1:Gene	Koomba-kaat_1_00160	Koomba-kaat_1_1:c120449-120051	Koomba-kaat_1_00160
/lab/output/Koomba-kaat_1/Koomba-kaat_1_reversed/Koomba-kaat_1:Gene	Koomba-kaat_1_00161	Koomba-kaat_1_1:c121091-120489	Koomba-kaat_1_00161
/lab/output/Koomba-kaat_1/Koomba-kaat_1_reversed/Koomba-kaat_1:Gene	Koomba-kaat_1_00162	Koomba-kaat_1_1:c121367-121104	Koomba-kaat_1_00162
/lab/output/Koomba-kaat_1/Koomba-kaat_1_reversed/Koomba-kaat_1:Gene	Koomba-kaat_1_00163	Koomba-kaat_1_1:c121804-121379	Koomba-kaat_1_00163
/lab/output/Koomba-kaat_1/Koomba-kaat_1_reversed/Koomba-kaat_1:Gene	Koomba-kaat_1_00164	Koomba-kaat_1_1:c121985-121797	Koomba-kaat_1_00164
/lab/output/Koomba-kaat_1/Koomba-kaat_1_reversed/Koomba-kaat_1:Gene	Koomba-kaat_1_00165	Koomba-kaat_1_1:c122637-121999	Koomba-kaat_1_00165
/lab/output/Koomba-kaat_1/Koomba-kaat_1_reversed/Koomba-kaat_1:Gene	Koomba-kaat_1_00166	Koomba-kaat_1_1:c122845-122630	Koomba-kaat_1_00166
/lab/output/Koomba-kaat_1/Koomba-kaat_1_reversed/Koomba-kaat_1:Gene	Koomba-kaat_1_00167	Koomba-kaat_1_1:c123080-122859	Koomba-kaat_1_00167
/lab/output/Koomba-kaat_1/Koomba-kaat_1_reversed/Koomba-kaat_1:Gene	Koomba-kaat_1_00168	Koomba-kaat_1_1:c123940-123182	Koomba-kaat_1_00168
/lab/output/Koomba-kaat_1/Koomba-kaat_1_reversed/Koomba-kaat_1:Gene	Koomba-kaat_1_00169	Koomba-kaat_1_1:c124871-123954	Koomba-kaat_1_00169
/lab/output/Koomba-kaat_1/Koomba-kaat_1_reversed/Koomba-kaat_1:Gene	Koomba-kaat_1_00170	Koomba-kaat_1_1:c125371-124871	Koomba-kaat_1_00170
/lab/output/Koomba-kaat_1/Koomba-kaat_1_reversed/Koomba-kaat_1:Gene	Koomba-kaat_1_00171	Koomba-kaat_1_1:c125640-125452	Koomba-kaat_1_00171
/lab/output/Koomba-kaat_1/Koomba-kaat_1_reversed/Koomba-kaat_1:Gene	Koomba-kaat_1_00172	Koomba-kaat_1_1:c126667-126452	Koomba-kaat_1_00172
/lab/output/Koomba-kaat_1/Koomba-kaat_1_reversed/Koomba-kaat_1:Gene	Koomba-kaat_1_00173	Koomba-kaat_1_1:c127162-126947	Koomba-kaat_1_00173
/lab/output/Koomba-kaat_1/Koomba-kaat_1_reversed/Koomba-kaat_1:Gene	Koomba-kaat_1_00174	Koomba-kaat_1_1:c127505-127173	Koomba-kaat_1_00174
/lab/output/Koomba-kaat_1/Koomba-kaat_1_reversed/Koomba-kaat_1:Gene	Koomba-kaat_1_00175	Koomba-kaat_1_1:c127844-127512	Koomba-kaat_1_00175
/lab/output/Koomba-kaat_1/Koomba-kaat_1_reversed/Koomba-kaat_1:Gene	Koomba-kaat_1_00176	Koomba-kaat_1_1:128288-128674	Koomba-kaat_1_00176
/lab/output/Koomba-kaat_1/Koomba-kaat_1_reversed/Koomba-kaat_1:Gene	Koomba-kaat_1_00177	Koomba-kaat_1_1:128652-128933	Koomba-kaat_1_00177
/lab/output/Koomba-kaat_1/Koomba-kaat_1_reversed/Koomba-kaat_1:Gene	Koomba-kaat_1_00178	Koomba-kaat_1_1:128930-129343	Koomba-kaat_1_00178
/lab/output/Koomba-kaat_1/Koomba-kaat_1_reversed/Koomba-kaat_1:Gene	Koomba-kaat_1_00179	Koomba-kaat_1_1:129360-129728	Koomba-kaat_1_00179
/lab/output/Koomba-kaat_1/Koomba-kaat_1_reversed/Koomba-kaat_1:Gene	Koomba-kaat_1_00180	Koomba-kaat_1_1:129990-130157	Koomba-kaat_1_00180
/lab/output/Koomba-kaat_1/Koomba-kaat_1_reversed/Koomba-kaat_1:Gene	Koomba-kaat_1_00181	Koomba-kaat_1_1:130397-130495	Koomba-kaat_1_00181
/lab/output/Koomba-kaat_1/Koomba-kaat_1_reversed/Koomba-kaat_1:Gene	Koomba-kaat_1_00182	Koomba-kaat_1_1:130703-131896	Koomba-kaat_1_00182
/lab/output/Koomba-kaat_1/Koomba-kaat_1_reversed/Koomba-kaat_1:Gene	Koomba-kaat_1_00183	Koomba-kaat_1_1:132118-133038	Koomba-kaat_1_00183
/lab/output/Koomba-kaat_1/Koomba-kaat_1_reversed/Koomba-kaat_1:Gene	Koomba-kaat_1_00184	Koomba-kaat_1_1:133115-133276	Koomba-kaat_1_00184
/lab/output/Koomba-kaat_1/Koomba-kaat_1_reversed/Koomba-kaat_1:Gene	Koomba-kaat_1_00185	Koomba-kaat_1_1:133292-134092	Koomba-kaat_1_00185
/lab/output/Koomba-kaat_1/Koomba-kaat_1_reversed/Koomba-kaat_1:Gene	Koomba-kaat_1_00186	Koomba-kaat_1_1:134079-134255	Koomba-kaat_1_00186
/lab/output/Koomba-kaat_1/Koomba-kaat_1_reversed/Koomba-kaat_1:Gene	Koomba-kaat_1_00187	Koomba-kaat_1_1:134248-134727	Koomba-kaat_1_00187
/lab/output/Koomba-kaat_1/Koomba-kaat_1_reversed/Koomba-kaat_1:Gene	Koomba-kaat_1_00188	Koomba-kaat_1_1:c135320-135087	Koomba-kaat_1_00188

DiscRep_ALL:DISC_SOURCE_QUALS_ASNDISC::strain (all present, all unique)
DiscRep_SUB:DISC_SOURCE_QUALS_ASNDISC::1 sources have unique values for strain
DiscRep_ALL:DISC_SOURCE_QUALS_ASNDISC::taxname (all present, all unique)
DiscRep_SUB:DISC_SOURCE_QUALS_ASNDISC::1 sources have unique values for taxname
DiscRep_ALL:DISC_FEATURE_COUNT::gene: 188 present
DiscRep_ALL:DISC_FEATURE_COUNT::CDS: 188 present
DiscRep_ALL:DISC_COUNT_NUCLEOTIDES::1 nucleotide Bioseqs are present
/lab/output/Koomba-kaat_1/Koomba-kaat_1_reversed/Koomba-kaat_1:Prokka:Koomba-kaat_1_1 (length 135469)

DiscRep_ALL:OVERLAPPING_GENES::72 genes overlap another gene on the same strand.
/lab/output/Koomba-kaat_1/Koomba-kaat_1_reversed/Koomba-kaat_1:Gene	Koomba-kaat_1_00009	Koomba-kaat_1_1:7346-8221	Koomba-kaat_1_00009
/lab/output/Koomba-kaat_1/Koomba-kaat_1_reversed/Koomba-kaat_1:Gene	Koomba-kaat_1_00010	Koomba-kaat_1_1:8221-8841	Koomba-kaat_1_00010
/lab/output/Koomba-kaat_1/Koomba-kaat_1_reversed/Koomba-kaat_1:Gene	Koomba-kaat_1_00011	Koomba-kaat_1_1:8860-9696	Koomba-kaat_1_00011
/lab/output/Koomba-kaat_1/Koomba-kaat_1_reversed/Koomba-kaat_1:Gene	Koomba-kaat_1_00012	Koomba-kaat_1_1:9696-9902	Koomba-kaat_1_00012
/lab/output/Koomba-kaat_1/Koomba-kaat_1_reversed/Koomba-kaat_1:Gene	Koomba-kaat_1_00025	Koomba-kaat_1_1:23970-24860	Koomba-kaat_1_00025
/lab/output/Koomba-kaat_1/Koomba-kaat_1_reversed/Koomba-kaat_1:Gene	Koomba-kaat_1_00026	Koomba-kaat_1_1:24854-27310	Koomba-kaat_1_00026
/lab/output/Koomba-kaat_1/Koomba-kaat_1_reversed/Koomba-kaat_1:Gene	Koomba-kaat_1_00027	Koomba-kaat_1_1:27422-28273	Koomba-kaat_1_00027
/lab/output/Koomba-kaat_1/Koomba-kaat_1_reversed/Koomba-kaat_1:Gene	Koomba-kaat_1_00028	Koomba-kaat_1_1:28273-28794	Koomba-kaat_1_00028
/lab/output/Koomba-kaat_1/Koomba-kaat_1_reversed/Koomba-kaat_1:Gene	Koomba-kaat_1_00029	Koomba-kaat_1_1:28794-29498	Koomba-kaat_1_00029
/lab/output/Koomba-kaat_1/Koomba-kaat_1_reversed/Koomba-kaat_1:Gene	Koomba-kaat_1_00034	Koomba-kaat_1_1:37427-37597	Koomba-kaat_1_00034
/lab/output/Koomba-kaat_1/Koomba-kaat_1_reversed/Koomba-kaat_1:Gene	Koomba-kaat_1_00035	Koomba-kaat_1_1:37587-39500	Koomba-kaat_1_00035
/lab/output/Koomba-kaat_1/Koomba-kaat_1_reversed/Koomba-kaat_1:Gene	Koomba-kaat_1_00040	Koomba-kaat_1_1:43336-44922	Koomba-kaat_1_00040
/lab/output/Koomba-kaat_1/Koomba-kaat_1_reversed/Koomba-kaat_1:Gene	Koomba-kaat_1_00041	Koomba-kaat_1_1:44915-46354	Koomba-kaat_1_00041
/lab/output/Koomba-kaat_1/Koomba-kaat_1_reversed/Koomba-kaat_1:Gene	Koomba-kaat_1_00042	Koomba-kaat_1_1:46354-46611	Koomba-kaat_1_00042
/lab/output/Koomba-kaat_1/Koomba-kaat_1_reversed/Koomba-kaat_1:Gene	Koomba-kaat_1_00045	Koomba-kaat_1_1:47180-47656	Koomba-kaat_1_00045
/lab/output/Koomba-kaat_1/Koomba-kaat_1_reversed/Koomba-kaat_1:Gene	Koomba-kaat_1_00046	Koomba-kaat_1_1:47625-47873	Koomba-kaat_1_00046
/lab/output/Koomba-kaat_1/Koomba-kaat_1_reversed/Koomba-kaat_1:Gene	Koomba-kaat_1_00047	Koomba-kaat_1_1:47873-48562	Koomba-kaat_1_00047
/lab/output/Koomba-kaat_1/Koomba-kaat_1_reversed/Koomba-kaat_1:Gene	Koomba-kaat_1_00049	Koomba-kaat_1_1:49665-49931	Koomba-kaat_1_00049
/lab/output/Koomba-kaat_1/Koomba-kaat_1_reversed/Koomba-kaat_1:Gene	Koomba-kaat_1_00050	Koomba-kaat_1_1:49924-51858	Koomba-kaat_1_00050
/lab/output/Koomba-kaat_1/Koomba-kaat_1_reversed/Koomba-kaat_1:Gene	Koomba-kaat_1_00051	Koomba-kaat_1_1:51842-52435	Koomba-kaat_1_00051
/lab/output/Koomba-kaat_1/Koomba-kaat_1_reversed/Koomba-kaat_1:Gene	Koomba-kaat_1_00053	Koomba-kaat_1_1:53603-53911	Koomba-kaat_1_00053
/lab/output/Koomba-kaat_1/Koomba-kaat_1_reversed/Koomba-kaat_1:Gene	Koomba-kaat_1_00054	Koomba-kaat_1_1:53911-54372	Koomba-kaat_1_00054
/lab/output/Koomba-kaat_1/Koomba-kaat_1_reversed/Koomba-kaat_1:Gene	Koomba-kaat_1_00055	Koomba-kaat_1_1:54362-54970	Koomba-kaat_1_00055
/lab/output/Koomba-kaat_1/Koomba-kaat_1_reversed/Koomba-kaat_1:Gene	Koomba-kaat_1_00058	Koomba-kaat_1_1:59002-59328	Koomba-kaat_1_00058
/lab/output/Koomba-kaat_1/Koomba-kaat_1_reversed/Koomba-kaat_1:Gene	Koomba-kaat_1_00059	Koomba-kaat_1_1:59312-59632	Koomba-kaat_1_00059
/lab/output/Koomba-kaat_1/Koomba-kaat_1_reversed/Koomba-kaat_1:Gene	Koomba-kaat_1_00069	Koomba-kaat_1_1:69018-70043	Koomba-kaat_1_00069
/lab/output/Koomba-kaat_1/Koomba-kaat_1_reversed/Koomba-kaat_1:Gene	Koomba-kaat_1_00070	Koomba-kaat_1_1:70036-70389	Koomba-kaat_1_00070
/lab/output/Koomba-kaat_1/Koomba-kaat_1_reversed/Koomba-kaat_1:Gene	Koomba-kaat_1_00071	Koomba-kaat_1_1:70376-71035	Koomba-kaat_1_00071
/lab/output/Koomba-kaat_1/Koomba-kaat_1_reversed/Koomba-kaat_1:Gene	Koomba-kaat_1_00072	Koomba-kaat_1_1:71022-71771	Koomba-kaat_1_00072
/lab/output/Koomba-kaat_1/Koomba-kaat_1_reversed/Koomba-kaat_1:Gene	Koomba-kaat_1_00075	Koomba-kaat_1_1:72631-72885	Koomba-kaat_1_00075
/lab/output/Koomba-kaat_1/Koomba-kaat_1_reversed/Koomba-kaat_1:Gene	Koomba-kaat_1_00076	Koomba-kaat_1_1:72885-73655	Koomba-kaat_1_00076
/lab/output/Koomba-kaat_1/Koomba-kaat_1_reversed/Koomba-kaat_1:Gene	Koomba-kaat_1_00077	Koomba-kaat_1_1:73648-74901	Koomba-kaat_1_00077
/lab/output/Koomba-kaat_1/Koomba-kaat_1_reversed/Koomba-kaat_1:Gene	Koomba-kaat_1_00079	Koomba-kaat_1_1:75315-75848	Koomba-kaat_1_00079
/lab/output/Koomba-kaat_1/Koomba-kaat_1_reversed/Koomba-kaat_1:Gene	Koomba-kaat_1_00080	Koomba-kaat_1_1:75841-76602	Koomba-kaat_1_00080
/lab/output/Koomba-kaat_1/Koomba-kaat_1_reversed/Koomba-kaat_1:Gene	Koomba-kaat_1_00081	Koomba-kaat_1_1:76583-77089	Koomba-kaat_1_00081
/lab/output/Koomba-kaat_1/Koomba-kaat_1_reversed/Koomba-kaat_1:Gene	Koomba-kaat_1_00082	Koomba-kaat_1_1:77089-77943	Koomba-kaat_1_00082
/lab/output/Koomba-kaat_1/Koomba-kaat_1_reversed/Koomba-kaat_1:Gene	Koomba-kaat_1_00097	Koomba-kaat_1_1:84873-85079	Koomba-kaat_1_00097
/lab/output/Koomba-kaat_1/Koomba-kaat_1_reversed/Koomba-kaat_1:Gene	Koomba-kaat_1_00098	Koomba-kaat_1_1:85079-85798	Koomba-kaat_1_00098
/lab/output/Koomba-kaat_1/Koomba-kaat_1_reversed/Koomba-kaat_1:Gene	Koomba-kaat_1_00099	Koomba-kaat_1_1:85785-86042	Koomba-kaat_1_00099
/lab/output/Koomba-kaat_1/Koomba-kaat_1_reversed/Koomba-kaat_1:Gene	Koomba-kaat_1_00100	Koomba-kaat_1_1:86036-86437	Koomba-kaat_1_00100
/lab/output/Koomba-kaat_1/Koomba-kaat_1_reversed/Koomba-kaat_1:Gene	Koomba-kaat_1_00113	Koomba-kaat_1_1:92477-92815	Koomba-kaat_1_00113
/lab/output/Koomba-kaat_1/Koomba-kaat_1_reversed/Koomba-kaat_1:Gene	Koomba-kaat_1_00114	Koomba-kaat_1_1:92815-93123	Koomba-kaat_1_00114
/lab/output/Koomba-kaat_1/Koomba-kaat_1_reversed/Koomba-kaat_1:Gene	Koomba-kaat_1_00132	Koomba-kaat_1_1:c102322-102221	Koomba-kaat_1_00132
/lab/output/Koomba-kaat_1/Koomba-kaat_1_reversed/Koomba-kaat_1:Gene	Koomba-kaat_1_00133	Koomba-kaat_1_1:c102459-102280	Koomba-kaat_1_00133
/lab/output/Koomba-kaat_1/Koomba-kaat_1_reversed/Koomba-kaat_1:Gene	Koomba-kaat_1_00135	Koomba-kaat_1_1:c103448-102927	Koomba-kaat_1_00135
/lab/output/Koomba-kaat_1/Koomba-kaat_1_reversed/Koomba-kaat_1:Gene	Koomba-kaat_1_00136	Koomba-kaat_1_1:c103831-103448	Koomba-kaat_1_00136
/lab/output/Koomba-kaat_1/Koomba-kaat_1_reversed/Koomba-kaat_1:Gene	Koomba-kaat_1_00138	Koomba-kaat_1_1:c104621-104229	Koomba-kaat_1_00138
/lab/output/Koomba-kaat_1/Koomba-kaat_1_reversed/Koomba-kaat_1:Gene	Koomba-kaat_1_00139	Koomba-kaat_1_1:c104809-104621	Koomba-kaat_1_00139
/lab/output/Koomba-kaat_1/Koomba-kaat_1_reversed/Koomba-kaat_1:Gene	Koomba-kaat_1_00140	Koomba-kaat_1_1:c105213-104809	Koomba-kaat_1_00140
/lab/output/Koomba-kaat_1/Koomba-kaat_1_reversed/Koomba-kaat_1:Gene	Koomba-kaat_1_00144	Koomba-kaat_1_1:c107096-106872	Koomba-kaat_1_00144
/lab/output/Koomba-kaat_1/Koomba-kaat_1_reversed/Koomba-kaat_1:Gene	Koomba-kaat_1_00145	Koomba-kaat_1_1:c107874-107089	Koomba-kaat_1_00145
/lab/output/Koomba-kaat_1/Koomba-kaat_1_reversed/Koomba-kaat_1:Gene	Koomba-kaat_1_00149	Koomba-kaat_1_1:c112654-112514	Koomba-kaat_1_00149
/lab/output/Koomba-kaat_1/Koomba-kaat_1_reversed/Koomba-kaat_1:Gene	Koomba-kaat_1_00150	Koomba-kaat_1_1:c112974-112651	Koomba-kaat_1_00150
/lab/output/Koomba-kaat_1/Koomba-kaat_1_reversed/Koomba-kaat_1:Gene	Koomba-kaat_1_00151	Koomba-kaat_1_1:c113377-112961	Koomba-kaat_1_00151
/lab/output/Koomba-kaat_1/Koomba-kaat_1_reversed/Koomba-kaat_1:Gene	Koomba-kaat_1_00152	Koomba-kaat_1_1:c113681-113496	Koomba-kaat_1_00152
/lab/output/Koomba-kaat_1/Koomba-kaat_1_reversed/Koomba-kaat_1:Gene	Koomba-kaat_1_00153	Koomba-kaat_1_1:c113842-113681	Koomba-kaat_1_00153
/lab/output/Koomba-kaat_1/Koomba-kaat_1_reversed/Koomba-kaat_1:Gene	Koomba-kaat_1_00154	Koomba-kaat_1_1:c115881-113842	Koomba-kaat_1_00154
/lab/output/Koomba-kaat_1/Koomba-kaat_1_reversed/Koomba-kaat_1:Gene	Koomba-kaat_1_00156	Koomba-kaat_1_1:c116410-116237	Koomba-kaat_1_00156
/lab/output/Koomba-kaat_1/Koomba-kaat_1_reversed/Koomba-kaat_1:Gene	Koomba-kaat_1_00157	Koomba-kaat_1_1:c117008-116385	Koomba-kaat_1_00157
/lab/output/Koomba-kaat_1/Koomba-kaat_1_reversed/Koomba-kaat_1:Gene	Koomba-kaat_1_00158	Koomba-kaat_1_1:c117594-117001	Koomba-kaat_1_00158
/lab/output/Koomba-kaat_1/Koomba-kaat_1_reversed/Koomba-kaat_1:Gene	Koomba-kaat_1_00163	Koomba-kaat_1_1:c121804-121379	Koomba-kaat_1_00163
/lab/output/Koomba-kaat_1/Koomba-kaat_1_reversed/Koomba-kaat_1:Gene	Koomba-kaat_1_00164	Koomba-kaat_1_1:c121985-121797	Koomba-kaat_1_00164
/lab/output/Koomba-kaat_1/Koomba-kaat_1_reversed/Koomba-kaat_1:Gene	Koomba-kaat_1_00165	Koomba-kaat_1_1:c122637-121999	Koomba-kaat_1_00165
/lab/output/Koomba-kaat_1/Koomba-kaat_1_reversed/Koomba-kaat_1:Gene	Koomba-kaat_1_00166	Koomba-kaat_1_1:c122845-122630	Koomba-kaat_1_00166
/lab/output/Koomba-kaat_1/Koomba-kaat_1_reversed/Koomba-kaat_1:Gene	Koomba-kaat_1_00169	Koomba-kaat_1_1:c124871-123954	Koomba-kaat_1_00169
/lab/output/Koomba-kaat_1/Koomba-kaat_1_reversed/Koomba-kaat_1:Gene	Koomba-kaat_1_00170	Koomba-kaat_1_1:c125371-124871	Koomba-kaat_1_00170
/lab/output/Koomba-kaat_1/Koomba-kaat_1_reversed/Koomba-kaat_1:Gene	Koomba-kaat_1_00176	Koomba-kaat_1_1:128288-128674	Koomba-kaat_1_00176
/lab/output/Koomba-kaat_1/Koomba-kaat_1_reversed/Koomba-kaat_1:Gene	Koomba-kaat_1_00177	Koomba-kaat_1_1:128652-128933	Koomba-kaat_1_00177
/lab/output/Koomba-kaat_1/Koomba-kaat_1_reversed/Koomba-kaat_1:Gene	Koomba-kaat_1_00178	Koomba-kaat_1_1:128930-129343	Koomba-kaat_1_00178
/lab/output/Koomba-kaat_1/Koomba-kaat_1_reversed/Koomba-kaat_1:Gene	Koomba-kaat_1_00185	Koomba-kaat_1_1:133292-134092	Koomba-kaat_1_00185
/lab/output/Koomba-kaat_1/Koomba-kaat_1_reversed/Koomba-kaat_1:Gene	Koomba-kaat_1_00186	Koomba-kaat_1_1:134079-134255	Koomba-kaat_1_00186
/lab/output/Koomba-kaat_1/Koomba-kaat_1_reversed/Koomba-kaat_1:Gene	Koomba-kaat_1_00187	Koomba-kaat_1_1:134248-134727	Koomba-kaat_1_00187

DiscRep_ALL:SUSPECT_PRODUCT_NAMES::2 product_names contain suspect phrase or characters
FATAL: DiscRep_SUB:SUSPECT_PRODUCT_NAMES::Possible  error or incorr incorrect formatting; remove inappropriate symbols
DiscRep_SUB:SUSPECT_PRODUCT_NAMES::1 features contains '?'
/lab/output/Koomba-kaat_1/Koomba-kaat_1_reversed/Koomba-kaat_1:CDS	RecA or Sak4, length ?	Koomba-kaat_1_1:68551-68784	Koomba-kaat_1_00068

DiscRep_SUB:SUSPECT_PRODUCT_NAMES::Use short product name instead of descriptive phrase
DiscRep_SUB:SUSPECT_PRODUCT_NAMES::1 features contains ';'
/lab/output/Koomba-kaat_1/Koomba-kaat_1_reversed/Koomba-kaat_1:CDS	ribosome associated inhibitor A; zinc finger domain protein	Koomba-kaat_1_1:c126667-126452	Koomba-kaat_1_00172

FATAL: DiscRep_ALL:EC_NUMBER_ON_UNKNOWN_PROTEIN::102 protein features have an EC number and a protein name of 'unknown protein' or 'hypothetical protein'
/lab/output/Koomba-kaat_1/Koomba-kaat_1_reversed/Koomba-kaat_1:CDS	hypothetical protein	Koomba-kaat_1_1:274-633	Koomba-kaat_1_00001
/lab/output/Koomba-kaat_1/Koomba-kaat_1_reversed/Koomba-kaat_1:CDS	hypothetical protein	Koomba-kaat_1_1:3649-4599	Koomba-kaat_1_00005
/lab/output/Koomba-kaat_1/Koomba-kaat_1_reversed/Koomba-kaat_1:CDS	hypothetical protein	Koomba-kaat_1_1:6177-6410	Koomba-kaat_1_00007
/lab/output/Koomba-kaat_1/Koomba-kaat_1_reversed/Koomba-kaat_1:CDS	hypothetical protein	Koomba-kaat_1_1:8221-8841	Koomba-kaat_1_00010
/lab/output/Koomba-kaat_1/Koomba-kaat_1_reversed/Koomba-kaat_1:CDS	hypothetical protein	Koomba-kaat_1_1:8860-9696	Koomba-kaat_1_00011
/lab/output/Koomba-kaat_1/Koomba-kaat_1_reversed/Koomba-kaat_1:CDS	hypothetical protein	Koomba-kaat_1_1:9696-9902	Koomba-kaat_1_00012
/lab/output/Koomba-kaat_1/Koomba-kaat_1_reversed/Koomba-kaat_1:CDS	hypothetical protein	Koomba-kaat_1_1:14176-14319	Koomba-kaat_1_00016
/lab/output/Koomba-kaat_1/Koomba-kaat_1_reversed/Koomba-kaat_1:CDS	hypothetical protein	Koomba-kaat_1_1:14358-14807	Koomba-kaat_1_00017
/lab/output/Koomba-kaat_1/Koomba-kaat_1_reversed/Koomba-kaat_1:CDS	hypothetical protein	Koomba-kaat_1_1:20656-21480	Koomba-kaat_1_00023
/lab/output/Koomba-kaat_1/Koomba-kaat_1_reversed/Koomba-kaat_1:CDS	hypothetical protein	Koomba-kaat_1_1:28273-28794	Koomba-kaat_1_00028
/lab/output/Koomba-kaat_1/Koomba-kaat_1_reversed/Koomba-kaat_1:CDS	hypothetical protein	Koomba-kaat_1_1:33917-37375	Koomba-kaat_1_00033
/lab/output/Koomba-kaat_1/Koomba-kaat_1_reversed/Koomba-kaat_1:CDS	hypothetical protein	Koomba-kaat_1_1:37427-37597	Koomba-kaat_1_00034
/lab/output/Koomba-kaat_1/Koomba-kaat_1_reversed/Koomba-kaat_1:CDS	hypothetical protein	Koomba-kaat_1_1:46354-46611	Koomba-kaat_1_00042
/lab/output/Koomba-kaat_1/Koomba-kaat_1_reversed/Koomba-kaat_1:CDS	hypothetical protein	Koomba-kaat_1_1:46681-46926	Koomba-kaat_1_00043
/lab/output/Koomba-kaat_1/Koomba-kaat_1_reversed/Koomba-kaat_1:CDS	hypothetical protein	Koomba-kaat_1_1:47625-47873	Koomba-kaat_1_00046
/lab/output/Koomba-kaat_1/Koomba-kaat_1_reversed/Koomba-kaat_1:CDS	hypothetical protein	Koomba-kaat_1_1:49665-49931	Koomba-kaat_1_00049
/lab/output/Koomba-kaat_1/Koomba-kaat_1_reversed/Koomba-kaat_1:CDS	hypothetical protein	Koomba-kaat_1_1:53603-53911	Koomba-kaat_1_00053
/lab/output/Koomba-kaat_1/Koomba-kaat_1_reversed/Koomba-kaat_1:CDS	hypothetical protein	Koomba-kaat_1_1:53911-54372	Koomba-kaat_1_00054
/lab/output/Koomba-kaat_1/Koomba-kaat_1_reversed/Koomba-kaat_1:CDS	hypothetical protein	Koomba-kaat_1_1:59002-59328	Koomba-kaat_1_00058
/lab/output/Koomba-kaat_1/Koomba-kaat_1_reversed/Koomba-kaat_1:CDS	hypothetical protein	Koomba-kaat_1_1:59840-60442	Koomba-kaat_1_00060
/lab/output/Koomba-kaat_1/Koomba-kaat_1_reversed/Koomba-kaat_1:CDS	hypothetical protein	Koomba-kaat_1_1:66371-66853	Koomba-kaat_1_00065
/lab/output/Koomba-kaat_1/Koomba-kaat_1_reversed/Koomba-kaat_1:CDS	hypothetical protein	Koomba-kaat_1_1:66869-67237	Koomba-kaat_1_00066
/lab/output/Koomba-kaat_1/Koomba-kaat_1_reversed/Koomba-kaat_1:CDS	hypothetical protein	Koomba-kaat_1_1:67319-68488	Koomba-kaat_1_00067
/lab/output/Koomba-kaat_1/Koomba-kaat_1_reversed/Koomba-kaat_1:CDS	hypothetical protein	Koomba-kaat_1_1:70036-70389	Koomba-kaat_1_00070
/lab/output/Koomba-kaat_1/Koomba-kaat_1_reversed/Koomba-kaat_1:CDS	hypothetical protein	Koomba-kaat_1_1:72631-72885	Koomba-kaat_1_00075
/lab/output/Koomba-kaat_1/Koomba-kaat_1_reversed/Koomba-kaat_1:CDS	hypothetical protein	Koomba-kaat_1_1:72885-73655	Koomba-kaat_1_00076
/lab/output/Koomba-kaat_1/Koomba-kaat_1_reversed/Koomba-kaat_1:CDS	hypothetical protein	Koomba-kaat_1_1:74913-75242	Koomba-kaat_1_00078
/lab/output/Koomba-kaat_1/Koomba-kaat_1_reversed/Koomba-kaat_1:CDS	hypothetical protein	Koomba-kaat_1_1:75315-75848	Koomba-kaat_1_00079
/lab/output/Koomba-kaat_1/Koomba-kaat_1_reversed/Koomba-kaat_1:CDS	hypothetical protein	Koomba-kaat_1_1:75841-76602	Koomba-kaat_1_00080
/lab/output/Koomba-kaat_1/Koomba-kaat_1_reversed/Koomba-kaat_1:CDS	hypothetical protein	Koomba-kaat_1_1:76583-77089	Koomba-kaat_1_00081
/lab/output/Koomba-kaat_1/Koomba-kaat_1_reversed/Koomba-kaat_1:CDS	hypothetical protein	Koomba-kaat_1_1:77089-77943	Koomba-kaat_1_00082
/lab/output/Koomba-kaat_1/Koomba-kaat_1_reversed/Koomba-kaat_1:CDS	hypothetical protein	Koomba-kaat_1_1:78316-79047	Koomba-kaat_1_00083
/lab/output/Koomba-kaat_1/Koomba-kaat_1_reversed/Koomba-kaat_1:CDS	hypothetical protein	Koomba-kaat_1_1:80036-80671	Koomba-kaat_1_00086
/lab/output/Koomba-kaat_1/Koomba-kaat_1_reversed/Koomba-kaat_1:CDS	hypothetical protein	Koomba-kaat_1_1:80707-81105	Koomba-kaat_1_00087
/lab/output/Koomba-kaat_1/Koomba-kaat_1_reversed/Koomba-kaat_1:CDS	hypothetical protein	Koomba-kaat_1_1:81239-81499	Koomba-kaat_1_00088
/lab/output/Koomba-kaat_1/Koomba-kaat_1_reversed/Koomba-kaat_1:CDS	hypothetical protein	Koomba-kaat_1_1:81509-81772	Koomba-kaat_1_00089
/lab/output/Koomba-kaat_1/Koomba-kaat_1_reversed/Koomba-kaat_1:CDS	hypothetical protein	Koomba-kaat_1_1:81773-82057	Koomba-kaat_1_00090
/lab/output/Koomba-kaat_1/Koomba-kaat_1_reversed/Koomba-kaat_1:CDS	hypothetical protein	Koomba-kaat_1_1:82070-82363	Koomba-kaat_1_00091
/lab/output/Koomba-kaat_1/Koomba-kaat_1_reversed/Koomba-kaat_1:CDS	hypothetical protein	Koomba-kaat_1_1:82427-82741	Koomba-kaat_1_00092
/lab/output/Koomba-kaat_1/Koomba-kaat_1_reversed/Koomba-kaat_1:CDS	hypothetical protein	Koomba-kaat_1_1:82744-82989	Koomba-kaat_1_00093
/lab/output/Koomba-kaat_1/Koomba-kaat_1_reversed/Koomba-kaat_1:CDS	hypothetical protein	Koomba-kaat_1_1:83124-83618	Koomba-kaat_1_00094
/lab/output/Koomba-kaat_1/Koomba-kaat_1_reversed/Koomba-kaat_1:CDS	hypothetical protein	Koomba-kaat_1_1:83641-84297	Koomba-kaat_1_00095
/lab/output/Koomba-kaat_1/Koomba-kaat_1_reversed/Koomba-kaat_1:CDS	hypothetical protein	Koomba-kaat_1_1:84316-84867	Koomba-kaat_1_00096
/lab/output/Koomba-kaat_1/Koomba-kaat_1_reversed/Koomba-kaat_1:CDS	hypothetical protein	Koomba-kaat_1_1:84873-85079	Koomba-kaat_1_00097
/lab/output/Koomba-kaat_1/Koomba-kaat_1_reversed/Koomba-kaat_1:CDS	hypothetical protein	Koomba-kaat_1_1:85079-85798	Koomba-kaat_1_00098
/lab/output/Koomba-kaat_1/Koomba-kaat_1_reversed/Koomba-kaat_1:CDS	hypothetical protein	Koomba-kaat_1_1:85785-86042	Koomba-kaat_1_00099
/lab/output/Koomba-kaat_1/Koomba-kaat_1_reversed/Koomba-kaat_1:CDS	hypothetical protein	Koomba-kaat_1_1:86036-86437	Koomba-kaat_1_00100
/lab/output/Koomba-kaat_1/Koomba-kaat_1_reversed/Koomba-kaat_1:CDS	hypothetical protein	Koomba-kaat_1_1:86454-87185	Koomba-kaat_1_00101
/lab/output/Koomba-kaat_1/Koomba-kaat_1_reversed/Koomba-kaat_1:CDS	hypothetical protein	Koomba-kaat_1_1:87291-87605	Koomba-kaat_1_00102
/lab/output/Koomba-kaat_1/Koomba-kaat_1_reversed/Koomba-kaat_1:CDS	hypothetical protein	Koomba-kaat_1_1:87627-87923	Koomba-kaat_1_00103
/lab/output/Koomba-kaat_1/Koomba-kaat_1_reversed/Koomba-kaat_1:CDS	hypothetical protein	Koomba-kaat_1_1:89456-90079	Koomba-kaat_1_00105
/lab/output/Koomba-kaat_1/Koomba-kaat_1_reversed/Koomba-kaat_1:CDS	hypothetical protein	Koomba-kaat_1_1:90156-90557	Koomba-kaat_1_00106
/lab/output/Koomba-kaat_1/Koomba-kaat_1_reversed/Koomba-kaat_1:CDS	hypothetical protein	Koomba-kaat_1_1:90683-90904	Koomba-kaat_1_00107
/lab/output/Koomba-kaat_1/Koomba-kaat_1_reversed/Koomba-kaat_1:CDS	hypothetical protein	Koomba-kaat_1_1:91150-91335	Koomba-kaat_1_00109
/lab/output/Koomba-kaat_1/Koomba-kaat_1_reversed/Koomba-kaat_1:CDS	hypothetical protein	Koomba-kaat_1_1:91401-91640	Koomba-kaat_1_00110
/lab/output/Koomba-kaat_1/Koomba-kaat_1_reversed/Koomba-kaat_1:CDS	hypothetical protein	Koomba-kaat_1_1:91641-91841	Koomba-kaat_1_00111
/lab/output/Koomba-kaat_1/Koomba-kaat_1_reversed/Koomba-kaat_1:CDS	hypothetical protein	Koomba-kaat_1_1:92004-92342	Koomba-kaat_1_00112
/lab/output/Koomba-kaat_1/Koomba-kaat_1_reversed/Koomba-kaat_1:CDS	hypothetical protein	Koomba-kaat_1_1:92477-92815	Koomba-kaat_1_00113
/lab/output/Koomba-kaat_1/Koomba-kaat_1_reversed/Koomba-kaat_1:CDS	hypothetical protein	Koomba-kaat_1_1:92815-93123	Koomba-kaat_1_00114
/lab/output/Koomba-kaat_1/Koomba-kaat_1_reversed/Koomba-kaat_1:CDS	hypothetical protein	Koomba-kaat_1_1:93698-94057	Koomba-kaat_1_00116
/lab/output/Koomba-kaat_1/Koomba-kaat_1_reversed/Koomba-kaat_1:CDS	hypothetical protein	Koomba-kaat_1_1:94077-94823	Koomba-kaat_1_00117
/lab/output/Koomba-kaat_1/Koomba-kaat_1_reversed/Koomba-kaat_1:CDS	hypothetical protein	Koomba-kaat_1_1:94869-95078	Koomba-kaat_1_00118
/lab/output/Koomba-kaat_1/Koomba-kaat_1_reversed/Koomba-kaat_1:CDS	hypothetical protein	Koomba-kaat_1_1:95081-95389	Koomba-kaat_1_00119
/lab/output/Koomba-kaat_1/Koomba-kaat_1_reversed/Koomba-kaat_1:CDS	hypothetical protein	Koomba-kaat_1_1:95499-96122	Koomba-kaat_1_00120
/lab/output/Koomba-kaat_1/Koomba-kaat_1_reversed/Koomba-kaat_1:CDS	hypothetical protein	Koomba-kaat_1_1:96249-96530	Koomba-kaat_1_00121
/lab/output/Koomba-kaat_1/Koomba-kaat_1_reversed/Koomba-kaat_1:CDS	hypothetical protein	Koomba-kaat_1_1:97358-97765	Koomba-kaat_1_00122
/lab/output/Koomba-kaat_1/Koomba-kaat_1_reversed/Koomba-kaat_1:CDS	hypothetical protein	Koomba-kaat_1_1:98515-98829	Koomba-kaat_1_00123
/lab/output/Koomba-kaat_1/Koomba-kaat_1_reversed/Koomba-kaat_1:CDS	hypothetical protein	Koomba-kaat_1_1:98902-99057	Koomba-kaat_1_00124
/lab/output/Koomba-kaat_1/Koomba-kaat_1_reversed/Koomba-kaat_1:CDS	hypothetical protein	Koomba-kaat_1_1:99059-99292	Koomba-kaat_1_00125
/lab/output/Koomba-kaat_1/Koomba-kaat_1_reversed/Koomba-kaat_1:CDS	hypothetical protein	Koomba-kaat_1_1:99374-99520	Koomba-kaat_1_00126
/lab/output/Koomba-kaat_1/Koomba-kaat_1_reversed/Koomba-kaat_1:CDS	hypothetical protein	Koomba-kaat_1_1:99973-100314	Koomba-kaat_1_00128
/lab/output/Koomba-kaat_1/Koomba-kaat_1_reversed/Koomba-kaat_1:CDS	hypothetical protein	Koomba-kaat_1_1:100328-100552	Koomba-kaat_1_00129
/lab/output/Koomba-kaat_1/Koomba-kaat_1_reversed/Koomba-kaat_1:CDS	hypothetical protein	Koomba-kaat_1_1:100657-101001	Koomba-kaat_1_00130
/lab/output/Koomba-kaat_1/Koomba-kaat_1_reversed/Koomba-kaat_1:CDS	hypothetical protein	Koomba-kaat_1_1:c102202-101636	Koomba-kaat_1_00131
/lab/output/Koomba-kaat_1/Koomba-kaat_1_reversed/Koomba-kaat_1:CDS	hypothetical protein	Koomba-kaat_1_1:c102459-102280	Koomba-kaat_1_00133
/lab/output/Koomba-kaat_1/Koomba-kaat_1_reversed/Koomba-kaat_1:CDS	hypothetical protein	Koomba-kaat_1_1:c102865-102467	Koomba-kaat_1_00134
/lab/output/Koomba-kaat_1/Koomba-kaat_1_reversed/Koomba-kaat_1:CDS	hypothetical protein	Koomba-kaat_1_1:c104226-103834	Koomba-kaat_1_00137
/lab/output/Koomba-kaat_1/Koomba-kaat_1_reversed/Koomba-kaat_1:CDS	hypothetical protein	Koomba-kaat_1_1:c104621-104229	Koomba-kaat_1_00138
/lab/output/Koomba-kaat_1/Koomba-kaat_1_reversed/Koomba-kaat_1:CDS	hypothetical protein	Koomba-kaat_1_1:c104809-104621	Koomba-kaat_1_00139
/lab/output/Koomba-kaat_1/Koomba-kaat_1_reversed/Koomba-kaat_1:CDS	hypothetical protein	Koomba-kaat_1_1:c105213-104809	Koomba-kaat_1_00140
/lab/output/Koomba-kaat_1/Koomba-kaat_1_reversed/Koomba-kaat_1:CDS	hypothetical protein	Koomba-kaat_1_1:c105755-105225	Koomba-kaat_1_00141
/lab/output/Koomba-kaat_1/Koomba-kaat_1_reversed/Koomba-kaat_1:CDS	hypothetical protein	Koomba-kaat_1_1:c106442-105882	Koomba-kaat_1_00142
/lab/output/Koomba-kaat_1/Koomba-kaat_1_reversed/Koomba-kaat_1:CDS	hypothetical protein	Koomba-kaat_1_1:c107096-106872	Koomba-kaat_1_00144
/lab/output/Koomba-kaat_1/Koomba-kaat_1_reversed/Koomba-kaat_1:CDS	hypothetical protein	Koomba-kaat_1_1:c111856-108638	Koomba-kaat_1_00147
/lab/output/Koomba-kaat_1/Koomba-kaat_1_reversed/Koomba-kaat_1:CDS	hypothetical protein	Koomba-kaat_1_1:c112446-112267	Koomba-kaat_1_00148
/lab/output/Koomba-kaat_1/Koomba-kaat_1_reversed/Koomba-kaat_1:CDS	hypothetical protein	Koomba-kaat_1_1:c112974-112651	Koomba-kaat_1_00150
/lab/output/Koomba-kaat_1/Koomba-kaat_1_reversed/Koomba-kaat_1:CDS	hypothetical protein	Koomba-kaat_1_1:c113681-113496	Koomba-kaat_1_00152
/lab/output/Koomba-kaat_1/Koomba-kaat_1_reversed/Koomba-kaat_1:CDS	hypothetical protein	Koomba-kaat_1_1:c113842-113681	Koomba-kaat_1_00153
/lab/output/Koomba-kaat_1/Koomba-kaat_1_reversed/Koomba-kaat_1:CDS	hypothetical protein	Koomba-kaat_1_1:c115881-113842	Koomba-kaat_1_00154
/lab/output/Koomba-kaat_1/Koomba-kaat_1_reversed/Koomba-kaat_1:CDS	hypothetical protein	Koomba-kaat_1_1:c117008-116385	Koomba-kaat_1_00157
/lab/output/Koomba-kaat_1/Koomba-kaat_1_reversed/Koomba-kaat_1:CDS	hypothetical protein	Koomba-kaat_1_1:c120449-120051	Koomba-kaat_1_00160
/lab/output/Koomba-kaat_1/Koomba-kaat_1_reversed/Koomba-kaat_1:CDS	hypothetical protein	Koomba-kaat_1_1:c121091-120489	Koomba-kaat_1_00161
/lab/output/Koomba-kaat_1/Koomba-kaat_1_reversed/Koomba-kaat_1:CDS	hypothetical protein	Koomba-kaat_1_1:c121367-121104	Koomba-kaat_1_00162
/lab/output/Koomba-kaat_1/Koomba-kaat_1_reversed/Koomba-kaat_1:CDS	hypothetical protein	Koomba-kaat_1_1:c121985-121797	Koomba-kaat_1_00164
/lab/output/Koomba-kaat_1/Koomba-kaat_1_reversed/Koomba-kaat_1:CDS	hypothetical protein	Koomba-kaat_1_1:c122637-121999	Koomba-kaat_1_00165
/lab/output/Koomba-kaat_1/Koomba-kaat_1_reversed/Koomba-kaat_1:CDS	hypothetical protein	Koomba-kaat_1_1:c123080-122859	Koomba-kaat_1_00167
/lab/output/Koomba-kaat_1/Koomba-kaat_1_reversed/Koomba-kaat_1:CDS	hypothetical protein	Koomba-kaat_1_1:c125640-125452	Koomba-kaat_1_00171
/lab/output/Koomba-kaat_1/Koomba-kaat_1_reversed/Koomba-kaat_1:CDS	hypothetical protein	Koomba-kaat_1_1:c127162-126947	Koomba-kaat_1_00173
/lab/output/Koomba-kaat_1/Koomba-kaat_1_reversed/Koomba-kaat_1:CDS	hypothetical protein	Koomba-kaat_1_1:c127844-127512	Koomba-kaat_1_00175
/lab/output/Koomba-kaat_1/Koomba-kaat_1_reversed/Koomba-kaat_1:CDS	hypothetical protein	Koomba-kaat_1_1:128652-128933	Koomba-kaat_1_00177
/lab/output/Koomba-kaat_1/Koomba-kaat_1_reversed/Koomba-kaat_1:CDS	hypothetical protein	Koomba-kaat_1_1:134079-134255	Koomba-kaat_1_00186
/lab/output/Koomba-kaat_1/Koomba-kaat_1_reversed/Koomba-kaat_1:CDS	hypothetical protein	Koomba-kaat_1_1:134248-134727	Koomba-kaat_1_00187

DiscRep_ALL:DISC_QUALITY_SCORES::Quality scores are missing on all sequences.

DiscRep_ALL:ONCALLER_COMMENT_PRESENT::1 comment descriptors were found (all same)
/lab/output/Koomba-kaat_1/Koomba-kaat_1_reversed/Koomba-kaat_1:Prokka:Koomba-kaat_1_1:Annotated using prokka 1.14.6 from https://github.com/tseemann/prokka

DiscRep_ALL:SHORT_PROT_SEQUENCES::7 protein sequences are shorter than 50 aa.
/lab/output/Koomba-kaat_1/Koomba-kaat_1_reversed/Koomba-kaat_1:Prokka:Koomba-kaat_1_00016 (length 47)
/lab/output/Koomba-kaat_1/Koomba-kaat_1_reversed/Koomba-kaat_1:Prokka:Koomba-kaat_1_00044 (length 36)
/lab/output/Koomba-kaat_1/Koomba-kaat_1_reversed/Koomba-kaat_1:Prokka:Koomba-kaat_1_00126 (length 48)
/lab/output/Koomba-kaat_1/Koomba-kaat_1_reversed/Koomba-kaat_1:Prokka:Koomba-kaat_1_00127 (length 48)
/lab/output/Koomba-kaat_1/Koomba-kaat_1_reversed/Koomba-kaat_1:Prokka:Koomba-kaat_1_00132 (length 33)
/lab/output/Koomba-kaat_1/Koomba-kaat_1_reversed/Koomba-kaat_1:Prokka:Koomba-kaat_1_00149 (length 46)
/lab/output/Koomba-kaat_1/Koomba-kaat_1_reversed/Koomba-kaat_1:Prokka:Koomba-kaat_1_00181 (length 32)

DiscRep_ALL:MISSING_GENOMEASSEMBLY_COMMENTS::1 bioseqs are missing GenomeAssembly structured comments
/lab/output/Koomba-kaat_1/Koomba-kaat_1_reversed/Koomba-kaat_1:Prokka:Koomba-kaat_1_1 (length 135469)

DiscRep_ALL:MOLTYPE_NOT_MRNA::1 molecule types are not set as mRNA.
/lab/output/Koomba-kaat_1/Koomba-kaat_1_reversed/Koomba-kaat_1:Prokka:Koomba-kaat_1_1 (length 135469)

DiscRep_ALL:TECHNIQUE_NOT_TSA::1 technique are not set as TSA
/lab/output/Koomba-kaat_1/Koomba-kaat_1_reversed/Koomba-kaat_1:Prokka:Koomba-kaat_1_1 (length 135469)

DiscRep_ALL:MISSING_STRUCTURED_COMMENT::1 sequences do not include structured comments.
/lab/output/Koomba-kaat_1/Koomba-kaat_1_reversed/Koomba-kaat_1:Prokka:Koomba-kaat_1_1 (length 135469)

DiscRep_ALL:MISSING_PROJECT::189 sequences do not include project.
/lab/output/Koomba-kaat_1/Koomba-kaat_1_reversed/Koomba-kaat_1:Prokka:Koomba-kaat_1_1 (length 135469)
/lab/output/Koomba-kaat_1/Koomba-kaat_1_reversed/Koomba-kaat_1:Prokka:Koomba-kaat_1_00001 (length 119)
/lab/output/Koomba-kaat_1/Koomba-kaat_1_reversed/Koomba-kaat_1:Prokka:Koomba-kaat_1_00002 (length 121)
/lab/output/Koomba-kaat_1/Koomba-kaat_1_reversed/Koomba-kaat_1:Prokka:Koomba-kaat_1_00003 (length 561)
/lab/output/Koomba-kaat_1/Koomba-kaat_1_reversed/Koomba-kaat_1:Prokka:Koomba-kaat_1_00004 (length 257)
/lab/output/Koomba-kaat_1/Koomba-kaat_1_reversed/Koomba-kaat_1:Prokka:Koomba-kaat_1_00005 (length 316)
/lab/output/Koomba-kaat_1/Koomba-kaat_1_reversed/Koomba-kaat_1:Prokka:Koomba-kaat_1_00006 (length 463)
/lab/output/Koomba-kaat_1/Koomba-kaat_1_reversed/Koomba-kaat_1:Prokka:Koomba-kaat_1_00007 (length 77)
/lab/output/Koomba-kaat_1/Koomba-kaat_1_reversed/Koomba-kaat_1:Prokka:Koomba-kaat_1_00008 (length 302)
/lab/output/Koomba-kaat_1/Koomba-kaat_1_reversed/Koomba-kaat_1:Prokka:Koomba-kaat_1_00009 (length 291)
/lab/output/Koomba-kaat_1/Koomba-kaat_1_reversed/Koomba-kaat_1:Prokka:Koomba-kaat_1_00010 (length 206)
/lab/output/Koomba-kaat_1/Koomba-kaat_1_reversed/Koomba-kaat_1:Prokka:Koomba-kaat_1_00011 (length 278)
/lab/output/Koomba-kaat_1/Koomba-kaat_1_reversed/Koomba-kaat_1:Prokka:Koomba-kaat_1_00012 (length 68)
/lab/output/Koomba-kaat_1/Koomba-kaat_1_reversed/Koomba-kaat_1:Prokka:Koomba-kaat_1_00013 (length 586)
/lab/output/Koomba-kaat_1/Koomba-kaat_1_reversed/Koomba-kaat_1:Prokka:Koomba-kaat_1_00014 (length 119)
/lab/output/Koomba-kaat_1/Koomba-kaat_1_reversed/Koomba-kaat_1:Prokka:Koomba-kaat_1_00015 (length 328)
/lab/output/Koomba-kaat_1/Koomba-kaat_1_reversed/Koomba-kaat_1:Prokka:Koomba-kaat_1_00016 (length 47)
/lab/output/Koomba-kaat_1/Koomba-kaat_1_reversed/Koomba-kaat_1:Prokka:Koomba-kaat_1_00017 (length 149)
/lab/output/Koomba-kaat_1/Koomba-kaat_1_reversed/Koomba-kaat_1:Prokka:Koomba-kaat_1_00018 (length 102)
/lab/output/Koomba-kaat_1/Koomba-kaat_1_reversed/Koomba-kaat_1:Prokka:Koomba-kaat_1_00019 (length 138)
/lab/output/Koomba-kaat_1/Koomba-kaat_1_reversed/Koomba-kaat_1:Prokka:Koomba-kaat_1_00020 (length 147)
/lab/output/Koomba-kaat_1/Koomba-kaat_1_reversed/Koomba-kaat_1:Prokka:Koomba-kaat_1_00021 (length 997)
/lab/output/Koomba-kaat_1/Koomba-kaat_1_reversed/Koomba-kaat_1:Prokka:Koomba-kaat_1_00022 (length 289)
/lab/output/Koomba-kaat_1/Koomba-kaat_1_reversed/Koomba-kaat_1:Prokka:Koomba-kaat_1_00023 (length 274)
/lab/output/Koomba-kaat_1/Koomba-kaat_1_reversed/Koomba-kaat_1:Prokka:Koomba-kaat_1_00024 (length 810)
/lab/output/Koomba-kaat_1/Koomba-kaat_1_reversed/Koomba-kaat_1:Prokka:Koomba-kaat_1_00025 (length 296)
/lab/output/Koomba-kaat_1/Koomba-kaat_1_reversed/Koomba-kaat_1:Prokka:Koomba-kaat_1_00026 (length 818)
/lab/output/Koomba-kaat_1/Koomba-kaat_1_reversed/Koomba-kaat_1:Prokka:Koomba-kaat_1_00027 (length 283)
/lab/output/Koomba-kaat_1/Koomba-kaat_1_reversed/Koomba-kaat_1:Prokka:Koomba-kaat_1_00028 (length 173)
/lab/output/Koomba-kaat_1/Koomba-kaat_1_reversed/Koomba-kaat_1:Prokka:Koomba-kaat_1_00029 (length 234)
/lab/output/Koomba-kaat_1/Koomba-kaat_1_reversed/Koomba-kaat_1:Prokka:Koomba-kaat_1_00030 (length 348)
/lab/output/Koomba-kaat_1/Koomba-kaat_1_reversed/Koomba-kaat_1:Prokka:Koomba-kaat_1_00031 (length 900)
/lab/output/Koomba-kaat_1/Koomba-kaat_1_reversed/Koomba-kaat_1:Prokka:Koomba-kaat_1_00032 (length 173)
/lab/output/Koomba-kaat_1/Koomba-kaat_1_reversed/Koomba-kaat_1:Prokka:Koomba-kaat_1_00033 (length 1152)
/lab/output/Koomba-kaat_1/Koomba-kaat_1_reversed/Koomba-kaat_1:Prokka:Koomba-kaat_1_00034 (length 56)
/lab/output/Koomba-kaat_1/Koomba-kaat_1_reversed/Koomba-kaat_1:Prokka:Koomba-kaat_1_00035 (length 637)
/lab/output/Koomba-kaat_1/Koomba-kaat_1_reversed/Koomba-kaat_1:Prokka:Koomba-kaat_1_00036 (length 118)
/lab/output/Koomba-kaat_1/Koomba-kaat_1_reversed/Koomba-kaat_1:Prokka:Koomba-kaat_1_00037 (length 454)
/lab/output/Koomba-kaat_1/Koomba-kaat_1_reversed/Koomba-kaat_1:Prokka:Koomba-kaat_1_00038 (length 151)
/lab/output/Koomba-kaat_1/Koomba-kaat_1_reversed/Koomba-kaat_1:Prokka:Koomba-kaat_1_00039 (length 437)
/lab/output/Koomba-kaat_1/Koomba-kaat_1_reversed/Koomba-kaat_1:Prokka:Koomba-kaat_1_00040 (length 528)
/lab/output/Koomba-kaat_1/Koomba-kaat_1_reversed/Koomba-kaat_1:Prokka:Koomba-kaat_1_00041 (length 479)
/lab/output/Koomba-kaat_1/Koomba-kaat_1_reversed/Koomba-kaat_1:Prokka:Koomba-kaat_1_00042 (length 85)
/lab/output/Koomba-kaat_1/Koomba-kaat_1_reversed/Koomba-kaat_1:Prokka:Koomba-kaat_1_00043 (length 81)
/lab/output/Koomba-kaat_1/Koomba-kaat_1_reversed/Koomba-kaat_1:Prokka:Koomba-kaat_1_00044 (length 36)
/lab/output/Koomba-kaat_1/Koomba-kaat_1_reversed/Koomba-kaat_1:Prokka:Koomba-kaat_1_00045 (length 158)
/lab/output/Koomba-kaat_1/Koomba-kaat_1_reversed/Koomba-kaat_1:Prokka:Koomba-kaat_1_00046 (length 82)
/lab/output/Koomba-kaat_1/Koomba-kaat_1_reversed/Koomba-kaat_1:Prokka:Koomba-kaat_1_00047 (length 229)
/lab/output/Koomba-kaat_1/Koomba-kaat_1_reversed/Koomba-kaat_1:Prokka:Koomba-kaat_1_00048 (length 343)
/lab/output/Koomba-kaat_1/Koomba-kaat_1_reversed/Koomba-kaat_1:Prokka:Koomba-kaat_1_00049 (length 88)
/lab/output/Koomba-kaat_1/Koomba-kaat_1_reversed/Koomba-kaat_1:Prokka:Koomba-kaat_1_00050 (length 644)
/lab/output/Koomba-kaat_1/Koomba-kaat_1_reversed/Koomba-kaat_1:Prokka:Koomba-kaat_1_00051 (length 197)
/lab/output/Koomba-kaat_1/Koomba-kaat_1_reversed/Koomba-kaat_1:Prokka:Koomba-kaat_1_00052 (length 358)
/lab/output/Koomba-kaat_1/Koomba-kaat_1_reversed/Koomba-kaat_1:Prokka:Koomba-kaat_1_00053 (length 102)
/lab/output/Koomba-kaat_1/Koomba-kaat_1_reversed/Koomba-kaat_1:Prokka:Koomba-kaat_1_00054 (length 153)
/lab/output/Koomba-kaat_1/Koomba-kaat_1_reversed/Koomba-kaat_1:Prokka:Koomba-kaat_1_00055 (length 202)
/lab/output/Koomba-kaat_1/Koomba-kaat_1_reversed/Koomba-kaat_1:Prokka:Koomba-kaat_1_00056 (length 445)
/lab/output/Koomba-kaat_1/Koomba-kaat_1_reversed/Koomba-kaat_1:Prokka:Koomba-kaat_1_00057 (length 883)
/lab/output/Koomba-kaat_1/Koomba-kaat_1_reversed/Koomba-kaat_1:Prokka:Koomba-kaat_1_00058 (length 108)
/lab/output/Koomba-kaat_1/Koomba-kaat_1_reversed/Koomba-kaat_1:Prokka:Koomba-kaat_1_00059 (length 106)
/lab/output/Koomba-kaat_1/Koomba-kaat_1_reversed/Koomba-kaat_1:Prokka:Koomba-kaat_1_00060 (length 200)
/lab/output/Koomba-kaat_1/Koomba-kaat_1_reversed/Koomba-kaat_1:Prokka:Koomba-kaat_1_00061 (length 100)
/lab/output/Koomba-kaat_1/Koomba-kaat_1_reversed/Koomba-kaat_1:Prokka:Koomba-kaat_1_00062 (length 1249)
/lab/output/Koomba-kaat_1/Koomba-kaat_1_reversed/Koomba-kaat_1:Prokka:Koomba-kaat_1_00063 (length 214)
/lab/output/Koomba-kaat_1/Koomba-kaat_1_reversed/Koomba-kaat_1:Prokka:Koomba-kaat_1_00064 (length 218)
/lab/output/Koomba-kaat_1/Koomba-kaat_1_reversed/Koomba-kaat_1:Prokka:Koomba-kaat_1_00065 (length 160)
/lab/output/Koomba-kaat_1/Koomba-kaat_1_reversed/Koomba-kaat_1:Prokka:Koomba-kaat_1_00066 (length 122)
/lab/output/Koomba-kaat_1/Koomba-kaat_1_reversed/Koomba-kaat_1:Prokka:Koomba-kaat_1_00067 (length 389)
/lab/output/Koomba-kaat_1/Koomba-kaat_1_reversed/Koomba-kaat_1:Prokka:Koomba-kaat_1_00068 (length 77)
/lab/output/Koomba-kaat_1/Koomba-kaat_1_reversed/Koomba-kaat_1:Prokka:Koomba-kaat_1_00069 (length 341)
/lab/output/Koomba-kaat_1/Koomba-kaat_1_reversed/Koomba-kaat_1:Prokka:Koomba-kaat_1_00070 (length 117)
/lab/output/Koomba-kaat_1/Koomba-kaat_1_reversed/Koomba-kaat_1:Prokka:Koomba-kaat_1_00071 (length 219)
/lab/output/Koomba-kaat_1/Koomba-kaat_1_reversed/Koomba-kaat_1:Prokka:Koomba-kaat_1_00072 (length 249)
/lab/output/Koomba-kaat_1/Koomba-kaat_1_reversed/Koomba-kaat_1:Prokka:Koomba-kaat_1_00073 (length 170)
/lab/output/Koomba-kaat_1/Koomba-kaat_1_reversed/Koomba-kaat_1:Prokka:Koomba-kaat_1_00074 (length 70)
/lab/output/Koomba-kaat_1/Koomba-kaat_1_reversed/Koomba-kaat_1:Prokka:Koomba-kaat_1_00075 (length 84)
/lab/output/Koomba-kaat_1/Koomba-kaat_1_reversed/Koomba-kaat_1:Prokka:Koomba-kaat_1_00076 (length 256)
/lab/output/Koomba-kaat_1/Koomba-kaat_1_reversed/Koomba-kaat_1:Prokka:Koomba-kaat_1_00077 (length 417)
/lab/output/Koomba-kaat_1/Koomba-kaat_1_reversed/Koomba-kaat_1:Prokka:Koomba-kaat_1_00078 (length 109)
/lab/output/Koomba-kaat_1/Koomba-kaat_1_reversed/Koomba-kaat_1:Prokka:Koomba-kaat_1_00079 (length 177)
/lab/output/Koomba-kaat_1/Koomba-kaat_1_reversed/Koomba-kaat_1:Prokka:Koomba-kaat_1_00080 (length 253)
/lab/output/Koomba-kaat_1/Koomba-kaat_1_reversed/Koomba-kaat_1:Prokka:Koomba-kaat_1_00081 (length 168)
/lab/output/Koomba-kaat_1/Koomba-kaat_1_reversed/Koomba-kaat_1:Prokka:Koomba-kaat_1_00082 (length 284)
/lab/output/Koomba-kaat_1/Koomba-kaat_1_reversed/Koomba-kaat_1:Prokka:Koomba-kaat_1_00083 (length 243)
/lab/output/Koomba-kaat_1/Koomba-kaat_1_reversed/Koomba-kaat_1:Prokka:Koomba-kaat_1_00084 (length 152)
/lab/output/Koomba-kaat_1/Koomba-kaat_1_reversed/Koomba-kaat_1:Prokka:Koomba-kaat_1_00085 (length 145)
/lab/output/Koomba-kaat_1/Koomba-kaat_1_reversed/Koomba-kaat_1:Prokka:Koomba-kaat_1_00086 (length 211)
/lab/output/Koomba-kaat_1/Koomba-kaat_1_reversed/Koomba-kaat_1:Prokka:Koomba-kaat_1_00087 (length 132)
/lab/output/Koomba-kaat_1/Koomba-kaat_1_reversed/Koomba-kaat_1:Prokka:Koomba-kaat_1_00088 (length 86)
/lab/output/Koomba-kaat_1/Koomba-kaat_1_reversed/Koomba-kaat_1:Prokka:Koomba-kaat_1_00089 (length 87)
/lab/output/Koomba-kaat_1/Koomba-kaat_1_reversed/Koomba-kaat_1:Prokka:Koomba-kaat_1_00090 (length 94)
/lab/output/Koomba-kaat_1/Koomba-kaat_1_reversed/Koomba-kaat_1:Prokka:Koomba-kaat_1_00091 (length 97)
/lab/output/Koomba-kaat_1/Koomba-kaat_1_reversed/Koomba-kaat_1:Prokka:Koomba-kaat_1_00092 (length 104)
/lab/output/Koomba-kaat_1/Koomba-kaat_1_reversed/Koomba-kaat_1:Prokka:Koomba-kaat_1_00093 (length 81)
/lab/output/Koomba-kaat_1/Koomba-kaat_1_reversed/Koomba-kaat_1:Prokka:Koomba-kaat_1_00094 (length 164)
/lab/output/Koomba-kaat_1/Koomba-kaat_1_reversed/Koomba-kaat_1:Prokka:Koomba-kaat_1_00095 (length 218)
/lab/output/Koomba-kaat_1/Koomba-kaat_1_reversed/Koomba-kaat_1:Prokka:Koomba-kaat_1_00096 (length 183)
/lab/output/Koomba-kaat_1/Koomba-kaat_1_reversed/Koomba-kaat_1:Prokka:Koomba-kaat_1_00097 (length 68)
/lab/output/Koomba-kaat_1/Koomba-kaat_1_reversed/Koomba-kaat_1:Prokka:Koomba-kaat_1_00098 (length 239)
/lab/output/Koomba-kaat_1/Koomba-kaat_1_reversed/Koomba-kaat_1:Prokka:Koomba-kaat_1_00099 (length 85)
/lab/output/Koomba-kaat_1/Koomba-kaat_1_reversed/Koomba-kaat_1:Prokka:Koomba-kaat_1_00100 (length 133)
/lab/output/Koomba-kaat_1/Koomba-kaat_1_reversed/Koomba-kaat_1:Prokka:Koomba-kaat_1_00101 (length 243)
/lab/output/Koomba-kaat_1/Koomba-kaat_1_reversed/Koomba-kaat_1:Prokka:Koomba-kaat_1_00102 (length 104)
/lab/output/Koomba-kaat_1/Koomba-kaat_1_reversed/Koomba-kaat_1:Prokka:Koomba-kaat_1_00103 (length 98)
/lab/output/Koomba-kaat_1/Koomba-kaat_1_reversed/Koomba-kaat_1:Prokka:Koomba-kaat_1_00104 (length 181)
/lab/output/Koomba-kaat_1/Koomba-kaat_1_reversed/Koomba-kaat_1:Prokka:Koomba-kaat_1_00105 (length 207)
/lab/output/Koomba-kaat_1/Koomba-kaat_1_reversed/Koomba-kaat_1:Prokka:Koomba-kaat_1_00106 (length 133)
/lab/output/Koomba-kaat_1/Koomba-kaat_1_reversed/Koomba-kaat_1:Prokka:Koomba-kaat_1_00107 (length 73)
/lab/output/Koomba-kaat_1/Koomba-kaat_1_reversed/Koomba-kaat_1:Prokka:Koomba-kaat_1_00108 (length 68)
/lab/output/Koomba-kaat_1/Koomba-kaat_1_reversed/Koomba-kaat_1:Prokka:Koomba-kaat_1_00109 (length 61)
/lab/output/Koomba-kaat_1/Koomba-kaat_1_reversed/Koomba-kaat_1:Prokka:Koomba-kaat_1_00110 (length 79)
/lab/output/Koomba-kaat_1/Koomba-kaat_1_reversed/Koomba-kaat_1:Prokka:Koomba-kaat_1_00111 (length 66)
/lab/output/Koomba-kaat_1/Koomba-kaat_1_reversed/Koomba-kaat_1:Prokka:Koomba-kaat_1_00112 (length 112)
/lab/output/Koomba-kaat_1/Koomba-kaat_1_reversed/Koomba-kaat_1:Prokka:Koomba-kaat_1_00113 (length 112)
/lab/output/Koomba-kaat_1/Koomba-kaat_1_reversed/Koomba-kaat_1:Prokka:Koomba-kaat_1_00114 (length 102)
/lab/output/Koomba-kaat_1/Koomba-kaat_1_reversed/Koomba-kaat_1:Prokka:Koomba-kaat_1_00115 (length 133)
/lab/output/Koomba-kaat_1/Koomba-kaat_1_reversed/Koomba-kaat_1:Prokka:Koomba-kaat_1_00116 (length 119)
/lab/output/Koomba-kaat_1/Koomba-kaat_1_reversed/Koomba-kaat_1:Prokka:Koomba-kaat_1_00117 (length 248)
/lab/output/Koomba-kaat_1/Koomba-kaat_1_reversed/Koomba-kaat_1:Prokka:Koomba-kaat_1_00118 (length 69)
/lab/output/Koomba-kaat_1/Koomba-kaat_1_reversed/Koomba-kaat_1:Prokka:Koomba-kaat_1_00119 (length 102)
/lab/output/Koomba-kaat_1/Koomba-kaat_1_reversed/Koomba-kaat_1:Prokka:Koomba-kaat_1_00120 (length 207)
/lab/output/Koomba-kaat_1/Koomba-kaat_1_reversed/Koomba-kaat_1:Prokka:Koomba-kaat_1_00121 (length 93)
/lab/output/Koomba-kaat_1/Koomba-kaat_1_reversed/Koomba-kaat_1:Prokka:Koomba-kaat_1_00122 (length 135)
/lab/output/Koomba-kaat_1/Koomba-kaat_1_reversed/Koomba-kaat_1:Prokka:Koomba-kaat_1_00123 (length 104)
/lab/output/Koomba-kaat_1/Koomba-kaat_1_reversed/Koomba-kaat_1:Prokka:Koomba-kaat_1_00124 (length 51)
/lab/output/Koomba-kaat_1/Koomba-kaat_1_reversed/Koomba-kaat_1:Prokka:Koomba-kaat_1_00125 (length 77)
/lab/output/Koomba-kaat_1/Koomba-kaat_1_reversed/Koomba-kaat_1:Prokka:Koomba-kaat_1_00126 (length 48)
/lab/output/Koomba-kaat_1/Koomba-kaat_1_reversed/Koomba-kaat_1:Prokka:Koomba-kaat_1_00127 (length 48)
/lab/output/Koomba-kaat_1/Koomba-kaat_1_reversed/Koomba-kaat_1:Prokka:Koomba-kaat_1_00128 (length 113)
/lab/output/Koomba-kaat_1/Koomba-kaat_1_reversed/Koomba-kaat_1:Prokka:Koomba-kaat_1_00129 (length 74)
/lab/output/Koomba-kaat_1/Koomba-kaat_1_reversed/Koomba-kaat_1:Prokka:Koomba-kaat_1_00130 (length 114)
/lab/output/Koomba-kaat_1/Koomba-kaat_1_reversed/Koomba-kaat_1:Prokka:Koomba-kaat_1_00131 (length 188)
/lab/output/Koomba-kaat_1/Koomba-kaat_1_reversed/Koomba-kaat_1:Prokka:Koomba-kaat_1_00132 (length 33)
/lab/output/Koomba-kaat_1/Koomba-kaat_1_reversed/Koomba-kaat_1:Prokka:Koomba-kaat_1_00133 (length 59)
/lab/output/Koomba-kaat_1/Koomba-kaat_1_reversed/Koomba-kaat_1:Prokka:Koomba-kaat_1_00134 (length 132)
/lab/output/Koomba-kaat_1/Koomba-kaat_1_reversed/Koomba-kaat_1:Prokka:Koomba-kaat_1_00135 (length 173)
/lab/output/Koomba-kaat_1/Koomba-kaat_1_reversed/Koomba-kaat_1:Prokka:Koomba-kaat_1_00136 (length 127)
/lab/output/Koomba-kaat_1/Koomba-kaat_1_reversed/Koomba-kaat_1:Prokka:Koomba-kaat_1_00137 (length 130)
/lab/output/Koomba-kaat_1/Koomba-kaat_1_reversed/Koomba-kaat_1:Prokka:Koomba-kaat_1_00138 (length 130)
/lab/output/Koomba-kaat_1/Koomba-kaat_1_reversed/Koomba-kaat_1:Prokka:Koomba-kaat_1_00139 (length 62)
/lab/output/Koomba-kaat_1/Koomba-kaat_1_reversed/Koomba-kaat_1:Prokka:Koomba-kaat_1_00140 (length 134)
/lab/output/Koomba-kaat_1/Koomba-kaat_1_reversed/Koomba-kaat_1:Prokka:Koomba-kaat_1_00141 (length 176)
/lab/output/Koomba-kaat_1/Koomba-kaat_1_reversed/Koomba-kaat_1:Prokka:Koomba-kaat_1_00142 (length 186)
/lab/output/Koomba-kaat_1/Koomba-kaat_1_reversed/Koomba-kaat_1:Prokka:Koomba-kaat_1_00143 (length 130)
/lab/output/Koomba-kaat_1/Koomba-kaat_1_reversed/Koomba-kaat_1:Prokka:Koomba-kaat_1_00144 (length 74)
/lab/output/Koomba-kaat_1/Koomba-kaat_1_reversed/Koomba-kaat_1:Prokka:Koomba-kaat_1_00145 (length 261)
/lab/output/Koomba-kaat_1/Koomba-kaat_1_reversed/Koomba-kaat_1:Prokka:Koomba-kaat_1_00146 (length 120)
/lab/output/Koomba-kaat_1/Koomba-kaat_1_reversed/Koomba-kaat_1:Prokka:Koomba-kaat_1_00147 (length 1072)
/lab/output/Koomba-kaat_1/Koomba-kaat_1_reversed/Koomba-kaat_1:Prokka:Koomba-kaat_1_00148 (length 59)
/lab/output/Koomba-kaat_1/Koomba-kaat_1_reversed/Koomba-kaat_1:Prokka:Koomba-kaat_1_00149 (length 46)
/lab/output/Koomba-kaat_1/Koomba-kaat_1_reversed/Koomba-kaat_1:Prokka:Koomba-kaat_1_00150 (length 107)
/lab/output/Koomba-kaat_1/Koomba-kaat_1_reversed/Koomba-kaat_1:Prokka:Koomba-kaat_1_00151 (length 138)
/lab/output/Koomba-kaat_1/Koomba-kaat_1_reversed/Koomba-kaat_1:Prokka:Koomba-kaat_1_00152 (length 61)
/lab/output/Koomba-kaat_1/Koomba-kaat_1_reversed/Koomba-kaat_1:Prokka:Koomba-kaat_1_00153 (length 53)
/lab/output/Koomba-kaat_1/Koomba-kaat_1_reversed/Koomba-kaat_1:Prokka:Koomba-kaat_1_00154 (length 679)
/lab/output/Koomba-kaat_1/Koomba-kaat_1_reversed/Koomba-kaat_1:Prokka:Koomba-kaat_1_00155 (length 87)
/lab/output/Koomba-kaat_1/Koomba-kaat_1_reversed/Koomba-kaat_1:Prokka:Koomba-kaat_1_00156 (length 57)
/lab/output/Koomba-kaat_1/Koomba-kaat_1_reversed/Koomba-kaat_1:Prokka:Koomba-kaat_1_00157 (length 207)
/lab/output/Koomba-kaat_1/Koomba-kaat_1_reversed/Koomba-kaat_1:Prokka:Koomba-kaat_1_00158 (length 197)
/lab/output/Koomba-kaat_1/Koomba-kaat_1_reversed/Koomba-kaat_1:Prokka:Koomba-kaat_1_00159 (length 766)
/lab/output/Koomba-kaat_1/Koomba-kaat_1_reversed/Koomba-kaat_1:Prokka:Koomba-kaat_1_00160 (length 132)
/lab/output/Koomba-kaat_1/Koomba-kaat_1_reversed/Koomba-kaat_1:Prokka:Koomba-kaat_1_00161 (length 200)
/lab/output/Koomba-kaat_1/Koomba-kaat_1_reversed/Koomba-kaat_1:Prokka:Koomba-kaat_1_00162 (length 87)
/lab/output/Koomba-kaat_1/Koomba-kaat_1_reversed/Koomba-kaat_1:Prokka:Koomba-kaat_1_00163 (length 141)
/lab/output/Koomba-kaat_1/Koomba-kaat_1_reversed/Koomba-kaat_1:Prokka:Koomba-kaat_1_00164 (length 62)
/lab/output/Koomba-kaat_1/Koomba-kaat_1_reversed/Koomba-kaat_1:Prokka:Koomba-kaat_1_00165 (length 212)
/lab/output/Koomba-kaat_1/Koomba-kaat_1_reversed/Koomba-kaat_1:Prokka:Koomba-kaat_1_00166 (length 71)
/lab/output/Koomba-kaat_1/Koomba-kaat_1_reversed/Koomba-kaat_1:Prokka:Koomba-kaat_1_00167 (length 73)
/lab/output/Koomba-kaat_1/Koomba-kaat_1_reversed/Koomba-kaat_1:Prokka:Koomba-kaat_1_00168 (length 252)
/lab/output/Koomba-kaat_1/Koomba-kaat_1_reversed/Koomba-kaat_1:Prokka:Koomba-kaat_1_00169 (length 305)
/lab/output/Koomba-kaat_1/Koomba-kaat_1_reversed/Koomba-kaat_1:Prokka:Koomba-kaat_1_00170 (length 166)
/lab/output/Koomba-kaat_1/Koomba-kaat_1_reversed/Koomba-kaat_1:Prokka:Koomba-kaat_1_00171 (length 62)
/lab/output/Koomba-kaat_1/Koomba-kaat_1_reversed/Koomba-kaat_1:Prokka:Koomba-kaat_1_00172 (length 71)
/lab/output/Koomba-kaat_1/Koomba-kaat_1_reversed/Koomba-kaat_1:Prokka:Koomba-kaat_1_00173 (length 71)
/lab/output/Koomba-kaat_1/Koomba-kaat_1_reversed/Koomba-kaat_1:Prokka:Koomba-kaat_1_00174 (length 110)
/lab/output/Koomba-kaat_1/Koomba-kaat_1_reversed/Koomba-kaat_1:Prokka:Koomba-kaat_1_00175 (length 110)
/lab/output/Koomba-kaat_1/Koomba-kaat_1_reversed/Koomba-kaat_1:Prokka:Koomba-kaat_1_00176 (length 128)
/lab/output/Koomba-kaat_1/Koomba-kaat_1_reversed/Koomba-kaat_1:Prokka:Koomba-kaat_1_00177 (length 93)
/lab/output/Koomba-kaat_1/Koomba-kaat_1_reversed/Koomba-kaat_1:Prokka:Koomba-kaat_1_00178 (length 137)
/lab/output/Koomba-kaat_1/Koomba-kaat_1_reversed/Koomba-kaat_1:Prokka:Koomba-kaat_1_00179 (length 122)
/lab/output/Koomba-kaat_1/Koomba-kaat_1_reversed/Koomba-kaat_1:Prokka:Koomba-kaat_1_00180 (length 55)
/lab/output/Koomba-kaat_1/Koomba-kaat_1_reversed/Koomba-kaat_1:Prokka:Koomba-kaat_1_00181 (length 32)
/lab/output/Koomba-kaat_1/Koomba-kaat_1_reversed/Koomba-kaat_1:Prokka:Koomba-kaat_1_00182 (length 397)
/lab/output/Koomba-kaat_1/Koomba-kaat_1_reversed/Koomba-kaat_1:Prokka:Koomba-kaat_1_00183 (length 306)
/lab/output/Koomba-kaat_1/Koomba-kaat_1_reversed/Koomba-kaat_1:Prokka:Koomba-kaat_1_00184 (length 53)
/lab/output/Koomba-kaat_1/Koomba-kaat_1_reversed/Koomba-kaat_1:Prokka:Koomba-kaat_1_00185 (length 266)
/lab/output/Koomba-kaat_1/Koomba-kaat_1_reversed/Koomba-kaat_1:Prokka:Koomba-kaat_1_00186 (length 58)
/lab/output/Koomba-kaat_1/Koomba-kaat_1_reversed/Koomba-kaat_1:Prokka:Koomba-kaat_1_00187 (length 159)
/lab/output/Koomba-kaat_1/Koomba-kaat_1_reversed/Koomba-kaat_1:Prokka:Koomba-kaat_1_00188 (length 77)

DiscRep_ALL:DISC_INCONSISTENT_MOLINFO_TECH::Molinfo Technique Report (some missing, all same)
DiscRep_SUB:DISC_INCONSISTENT_MOLINFO_TECH::technique (all missing)
DiscRep_SUB:DISC_INCONSISTENT_MOLINFO_TECH::1 Molinfos are missing field technique
/lab/output/Koomba-kaat_1/Koomba-kaat_1_reversed/Koomba-kaat_1:Prokka:Koomba-kaat_1_1 (length 135469)

